Log file open, 07/03/20 16:56:54
LogWindows: Failed to load 'aqProf.dll' (GetLastError=126)
LogWindows: File 'aqProf.dll' does not exist
LogWindows: Failed to load 'VtuneApi.dll' (GetLastError=126)
LogWindows: File 'VtuneApi.dll' does not exist
LogWindows: Failed to load 'VtuneApi32e.dll' (GetLastError=126)
LogWindows: File 'VtuneApi32e.dll' does not exist
LogConsoleResponse: Display: Failed to find resolution value strings in scalability ini. Falling back to default.
LogInit: Display: Running engine for game: firstproject_2
LogPlatformFile: Not using cached read wrapper
LogTaskGraph: Started task graph with 5 named threads and 35 total threads with 3 sets of task threads.
LogStats: Stats thread started at 0.203255
LogD3D11RHI: Loaded GFSDK_Aftermath_Lib.x64.dll
LogICUInternationalization: ICU TimeZone Detection - Raw Offset: -8:00, Platform Override: ''
LogPluginManager: Mounting plugin Paper2D
LogPluginManager: Mounting plugin AISupport
LogPluginManager: Mounting plugin LightPropagationVolume
LogPluginManager: Mounting plugin ActorLayerUtilities
LogPluginManager: Mounting plugin AnimationSharing
LogPluginManager: Mounting plugin CLionSourceCodeAccess
LogPluginManager: Mounting plugin CodeLiteSourceCodeAccess
LogPluginManager: Mounting plugin GitSourceControl
LogPluginManager: Mounting plugin KDevelopSourceCodeAccess
LogPluginManager: Mounting plugin NullSourceCodeAccess
LogPluginManager: Mounting plugin PerforceSourceControl
LogPluginManager: Mounting plugin PlasticSourceControl
LogPluginManager: Mounting plugin SubversionSourceControl
LogPluginManager: Mounting plugin UObjectPlugin
LogPluginManager: Mounting plugin VisualStudioCodeSourceCodeAccess
LogPluginManager: Mounting plugin VisualStudioSourceCodeAccess
LogPluginManager: Mounting plugin XCodeSourceCodeAccess
LogPluginManager: Mounting plugin AssetManagerEditor
LogPluginManager: Mounting plugin CryptoKeys
LogPluginManager: Mounting plugin CurveEditorTools
LogPluginManager: Mounting plugin DataValidation
LogPluginManager: Mounting plugin EditorScriptingUtilities
LogPluginManager: Mounting plugin FacialAnimation
LogPluginManager: Mounting plugin GameplayTagsEditor
LogPluginManager: Mounting plugin MacGraphicsSwitching
LogPluginManager: Mounting plugin MaterialAnalyzer
LogPluginManager: Mounting plugin MeshEditor
LogPluginManager: Mounting plugin MobileLauncherProfileWizard
LogPluginManager: Mounting plugin PluginBrowser
LogPluginManager: Mounting plugin SpeedTreeImporter
LogPluginManager: Mounting plugin DatasmithContent
LogPluginManager: Mounting plugin StaticMeshEditorExtension
LogPluginManager: Mounting plugin VariantManagerContent
LogPluginManager: Mounting plugin AlembicImporter
LogPluginManager: Mounting plugin AutomationUtils
LogPluginManager: Mounting plugin BackChannel
LogPluginManager: Mounting plugin BlastPlugin
LogPluginManager: Mounting plugin ChaosSolverPlugin
LogPluginManager: Mounting plugin CharacterAI
LogPluginManager: Mounting plugin DataPrepEditor
LogPluginManager: Mounting plugin GeometryCache
LogPluginManager: Mounting plugin GeometryCollectionPlugin
LogPluginManager: Mounting plugin GeometryProcessing
LogPluginManager: Mounting plugin MeshModelingToolset
LogPluginManager: Mounting plugin ModelingToolsEditorMode
LogPluginManager: Mounting plugin PlatformCrypto
LogPluginManager: Mounting plugin ProxyLODPlugin
LogPluginManager: Mounting plugin SkeletalReduction
LogPluginManager: Mounting plugin MagicLeap
LogPluginManager: Mounting plugin MagicLeapMedia
LogPluginManager: Mounting plugin MLSDK
LogPluginManager: Mounting plugin AndroidMedia
LogPluginManager: Mounting plugin AvfMedia
LogPluginManager: Mounting plugin ImgMedia
LogPluginManager: Mounting plugin MediaCompositing
LogPluginManager: Mounting plugin MediaPlayerEditor
LogPluginManager: Mounting plugin WebMMedia
LogPluginManager: Mounting plugin WmfMedia
LogPluginManager: Mounting plugin TcpMessaging
LogPluginManager: Mounting plugin UdpMessaging
LogPluginManager: Mounting plugin ActorSequence
LogPluginManager: Mounting plugin LevelSequenceEditor
LogPluginManager: Mounting plugin MatineeToLevelSequence
LogPluginManager: Mounting plugin NetcodeUnitTest
LogPluginManager: Mounting plugin NUTUnrealEngine4
LogPluginManager: Mounting plugin OnlineSubsystemGooglePlay
LogPluginManager: Mounting plugin OnlineSubsystemIOS
LogPluginManager: Mounting plugin OnlineSubsystem
LogPluginManager: Mounting plugin OnlineSubsystemNull
LogPluginManager: Mounting plugin OnlineSubsystemUtils
LogPluginManager: Mounting plugin LauncherChunkInstaller
LogPluginManager: Mounting plugin AndroidDeviceProfileSelector
LogPluginManager: Mounting plugin AndroidMoviePlayer
LogPluginManager: Mounting plugin AndroidPermission
LogPluginManager: Mounting plugin AppleImageUtils
LogPluginManager: Mounting plugin AppleMoviePlayer
LogPluginManager: Mounting plugin ArchVisCharacter
LogPluginManager: Mounting plugin AssetTags
LogPluginManager: Mounting plugin AudioCapture
LogPluginManager: Mounting plugin CableComponent
LogPluginManager: Mounting plugin CustomMeshComponent
LogPluginManager: Mounting plugin EditableMesh
LogPluginManager: Mounting plugin ExampleDeviceProfileSelector
LogPluginManager: Mounting plugin GoogleCloudMessaging
LogPluginManager: Mounting plugin IOSDeviceProfileSelector
LogPluginManager: Mounting plugin LinuxDeviceProfileSelector
LogPluginManager: Mounting plugin LocationServicesBPLibrary
LogPluginManager: Mounting plugin MobilePatchingUtils
LogPluginManager: Mounting plugin OculusVR
LogPluginManager: Mounting plugin PhysXVehicles
LogPluginManager: Mounting plugin PostSplashScreen
LogPluginManager: Mounting plugin ProceduralMeshComponent
LogPluginManager: Mounting plugin RuntimePhysXCooking
LogPluginManager: Mounting plugin SignificanceManager
LogPluginManager: Mounting plugin SteamVR
LogPluginManager: Mounting plugin WebMMoviePlayer
LogPluginManager: Mounting plugin WindowsMoviePlayer
LogPluginManager: Mounting plugin ScreenshotTools
LogPluginManager: Mounting plugin DmapModule
LogInit: Using libcurl 7.55.1-DEV
LogInit:  - built for x86_64-pc-win32
LogInit:  - supports SSL with OpenSSL/1.1.1
LogInit:  - supports HTTP deflate (compression) using libz 1.2.8
LogInit:  - other features:
LogInit:      CURL_VERSION_SSL
LogInit:      CURL_VERSION_LIBZ
LogInit:      CURL_VERSION_IPV6
LogInit:      CURL_VERSION_ASYNCHDNS
LogInit:      CURL_VERSION_LARGEFILE
LogInit:      CURL_VERSION_IDN
LogInit:  CurlRequestOptions (configurable via config and command line):
LogInit:  - bVerifyPeer = true  - Libcurl will verify peer certificate
LogInit:  - bUseHttpProxy = false  - Libcurl will NOT use HTTP proxy
LogInit:  - bDontReuseConnections = false  - Libcurl will reuse connections
LogInit:  - MaxHostConnections = 16  - Libcurl will limit the number of connections to a host
LogInit:  - LocalHostAddr = Default
LogInit:  - BufferSize = 65536
LogOnline: OSS: Creating online subsystem instance for: NULL
LogInit: WinSock: version 1.1 (2.2), MaxSocks=32767, MaxUdp=65467
LogOnline: OSS: TryLoadSubsystemAndSetDefault: Loaded subsystem for module [NULL]
LogInit: Build: ++UE4+Release-4.24-CL-0
LogInit: Engine Version: 4.24.3-0+++UE4+Release-4.24
LogInit: Compatible Engine Version: 4.24.0-0+++UE4+Release-4.24
LogInit: Net CL: 0
LogInit: OS: Windows 10 (Release 1909) (), CPU: Intel(R) Core(TM) i7-9750H CPU @ 2.60GHz, GPU: Intel(R) UHD Graphics 630
LogInit: Compiled (64-bit): Jun  5 2020 19:32:23
LogInit: Compiled with Visual C++: 19.16.27039.00
LogInit: Build Configuration: Development
LogInit: Branch Name: ++UE4+Release-4.24
LogInit: Command Line:  -skipcompile
LogInit: Base Directory: C:/Users/boudo/Desktop/unreal/UnrealEngine/Engine/Binaries/Win64/
LogInit: Installed Engine Build: 0
LogDevObjectVersion: Number of dev versions registered: 25
LogDevObjectVersion:   Dev-Blueprints (B0D832E4-1F89-4F0D-ACCF-7EB736FD4AA2): 10
LogDevObjectVersion:   Dev-Build (E1C64328-A22C-4D53-A36C-8E866417BD8C): 0
LogDevObjectVersion:   Dev-Core (375EC13C-06E4-48FB-B500-84F0262A717E): 3
LogDevObjectVersion:   Dev-Editor (E4B068ED-F494-42E9-A231-DA0B2E46BB41): 37
LogDevObjectVersion:   Dev-Framework (CFFC743F-43B0-4480-9391-14DF171D2073): 36
LogDevObjectVersion:   Dev-Mobile (B02B49B5-BB20-44E9-A304-32B752E40360): 2
LogDevObjectVersion:   Dev-Networking (A4E4105C-59A1-49B5-A7C5-40C4547EDFEE): 0
LogDevObjectVersion:   Dev-Online (39C831C9-5AE6-47DC-9A44-9C173E1C8E7C): 0
LogDevObjectVersion:   Dev-Physics (78F01B33-EBEA-4F98-B9B4-84EACCB95AA2): 2
LogDevObjectVersion:   Dev-Platform (6631380F-2D4D-43E0-8009-CF276956A95A): 0
LogDevObjectVersion:   Dev-Rendering (12F88B9F-8875-4AFC-A67C-D90C383ABD29): 36
LogDevObjectVersion:   Dev-Sequencer (7B5AE74C-D270-4C10-A958-57980B212A5A): 11
LogDevObjectVersion:   Dev-VR (D7296918-1DD6-4BDD-9DE2-64A83CC13884): 2
LogDevObjectVersion:   Dev-LoadTimes (C2A15278-BFE7-4AFE-6C17-90FF531DF755): 1
LogDevObjectVersion:   Private-Geometry (6EACA3D4-40EC-4CC1-B786-8BED09428FC5): 3
LogDevObjectVersion:   Dev-AnimPhys (29E575DD-E0A3-4627-9D10-D276232CDCEA): 17
LogDevObjectVersion:   Dev-Anim (AF43A65D-7FD3-4947-9873-3E8ED9C1BB05): 2
LogDevObjectVersion:   Dev-ReflectionCapture (6B266CEC-1EC7-4B8F-A30B-E4D90942FC07): 1
LogDevObjectVersion:   Dev-Automation (0DF73D61-A23F-47EA-B727-89E90C41499A): 1
LogDevObjectVersion:   FortniteMain (601D1886-AC64-4F84-AA16-D3DE0DEAC7D6): 31
LogDevObjectVersion:   Dev-Enterprise (9DFFBCD6-494F-0158-E221-12823C92A888): 8
LogDevObjectVersion:   Dev-Niagara (F2AED0AC-9AFE-416F-8664-AA7FFA26D6FC): 1
LogDevObjectVersion:   Dev-Destruction (174F1F0B-B4C6-45A5-B13F-2EE8D0FB917D): 9
LogDevObjectVersion:   Dev-Physics-Ext (35F94A83-E258-406C-A318-09F59610247C): 8
LogDevObjectVersion:   Dev-CineCamera (B2E18506-4273-CFC2-A54E-F4BB758BBA07): 1
LogInit: Presizing for max 25165824 objects, including 0 objects not considered by GC, pre-allocating 0 bytes for permanent pool.
LogInit: Object subsystem initialized
LogConfig: Setting CVar [[con.DebugEarlyDefault:1]]
LogConfig: Setting CVar [[r.setres:1280x720]]
[2020.07.04-00.56.55:454][  0]LogConfig: Setting CVar [[r.VSync:0]]
[2020.07.04-00.56.55:454][  0]LogConfig: Setting CVar [[r.RHICmdBypass:0]]
[2020.07.04-00.56.55:454][  0]LogConfig: Applying CVar settings from Section [/Script/Engine.RendererSettings] File [C:/Users/boudo/Documents/Unreal Projects/firstproject_2/Saved/Config/Windows/Engine.ini]
[2020.07.04-00.56.55:454][  0]LogConfig: Setting CVar [[r.GPUCrashDebugging:0]]
[2020.07.04-00.56.55:454][  0]LogConfig: Setting CVar [[r.MobileHDR:1]]
[2020.07.04-00.56.55:454][  0]LogConfig: Setting CVar [[r.Mobile.DisableVertexFog:1]]
[2020.07.04-00.56.55:454][  0]LogConfig: Setting CVar [[r.Shadow.CSM.MaxMobileCascades:2]]
[2020.07.04-00.56.55:454][  0]LogConfig: Setting CVar [[r.MobileMSAA:1]]
[2020.07.04-00.56.55:455][  0]LogConfig: Setting CVar [[r.Mobile.UseLegacyShadingModel:0]]
[2020.07.04-00.56.55:455][  0]LogConfig: Setting CVar [[r.Mobile.UseHWsRGBEncoding:0]]
[2020.07.04-00.56.55:455][  0]LogConfig: Setting CVar [[r.Mobile.AllowDitheredLODTransition:0]]
[2020.07.04-00.56.55:455][  0]LogConfig: Setting CVar [[r.Mobile.AllowSoftwareOcclusion:0]]
[2020.07.04-00.56.55:455][  0]LogConfig: Setting CVar [[r.DiscardUnusedQuality:0]]
[2020.07.04-00.56.55:455][  0]LogConfig: Setting CVar [[r.AllowOcclusionQueries:1]]
[2020.07.04-00.56.55:455][  0]LogConfig: Setting CVar [[r.MinScreenRadiusForLights:0.030000]]
[2020.07.04-00.56.55:455][  0]LogConfig: Setting CVar [[r.MinScreenRadiusForDepthPrepass:0.030000]]
[2020.07.04-00.56.55:455][  0]LogConfig: Setting CVar [[r.MinScreenRadiusForCSMDepth:0.010000]]
[2020.07.04-00.56.55:455][  0]LogConfig: Setting CVar [[r.PrecomputedVisibilityWarning:0]]
[2020.07.04-00.56.55:455][  0]LogConfig: Setting CVar [[r.TextureStreaming:1]]
[2020.07.04-00.56.55:455][  0]LogConfig: Setting CVar [[Compat.UseDXT5NormalMaps:0]]
[2020.07.04-00.56.55:456][  0]LogConfig: Setting CVar [[r.VirtualTextures:0]]
[2020.07.04-00.56.55:456][  0]LogConfig: Setting CVar [[r.VirtualTexturedLightmaps:0]]
[2020.07.04-00.56.55:456][  0]LogConfig: Setting CVar [[r.VT.TileSize:128]]
[2020.07.04-00.56.55:456][  0]LogConfig: Setting CVar [[r.VT.TileBorderSize:4]]
[2020.07.04-00.56.55:456][  0]LogConfig: Setting CVar [[r.vt.FeedbackFactor:16]]
[2020.07.04-00.56.55:456][  0]LogConfig: Setting CVar [[r.VT.EnableCompressZlib:1]]
[2020.07.04-00.56.55:456][  0]LogConfig: Setting CVar [[r.VT.EnableCompressCrunch:0]]
[2020.07.04-00.56.55:456][  0]LogConfig: Setting CVar [[r.ClearCoatNormal:0]]
[2020.07.04-00.56.55:456][  0]LogConfig: Setting CVar [[r.ReflectionCaptureResolution:128]]
[2020.07.04-00.56.55:456][  0]LogConfig: Setting CVar [[r.ReflectionEnvironmentLightmapMixBasedOnRoughness:1]]
[2020.07.04-00.56.55:457][  0]LogConfig: Setting CVar [[r.ForwardShading:0]]
[2020.07.04-00.56.55:457][  0]LogConfig: Setting CVar [[r.VertexFoggingForOpaque:1]]
[2020.07.04-00.56.55:457][  0]LogConfig: Setting CVar [[r.AllowStaticLighting:1]]
[2020.07.04-00.56.55:457][  0]LogConfig: Setting CVar [[r.NormalMapsForStaticLighting:0]]
[2020.07.04-00.56.55:457][  0]LogConfig: Setting CVar [[r.GenerateMeshDistanceFields:0]]
[2020.07.04-00.56.55:457][  0]LogConfig: Setting CVar [[r.DistanceFieldBuild.EightBit:0]]
[2020.07.04-00.56.55:457][  0]LogConfig: Setting CVar [[r.GenerateLandscapeGIData:0]]
[2020.07.04-00.56.55:457][  0]LogConfig: Setting CVar [[r.DistanceFieldBuild.Compress:0]]
[2020.07.04-00.56.55:457][  0]LogConfig: Setting CVar [[r.TessellationAdaptivePixelsPerTriangle:48.000000]]
[2020.07.04-00.56.55:457][  0]LogConfig: Setting CVar [[r.SeparateTranslucency:1]]
[2020.07.04-00.56.55:457][  0]LogConfig: Setting CVar [[r.TranslucentSortPolicy:0]]
[2020.07.04-00.56.55:457][  0]LogConfig: Setting CVar [[r.CustomDepth:1]]
[2020.07.04-00.56.55:458][  0]LogConfig: Setting CVar [[r.CustomDepthTemporalAAJitter:1]]
[2020.07.04-00.56.55:458][  0]LogConfig: Setting CVar [[r.PostProcessing.PropagateAlpha:0]]
[2020.07.04-00.56.55:458][  0]LogConfig: Setting CVar [[r.DefaultFeature.Bloom:1]]
[2020.07.04-00.56.55:458][  0]LogConfig: Setting CVar [[r.DefaultFeature.AmbientOcclusion:1]]
[2020.07.04-00.56.55:458][  0]LogConfig: Setting CVar [[r.DefaultFeature.AmbientOcclusionStaticFraction:1]]
[2020.07.04-00.56.55:458][  0]LogConfig: Setting CVar [[r.DefaultFeature.AutoExposure:0]]
[2020.07.04-00.56.55:458][  0]LogConfig: Setting CVar [[r.DefaultFeature.AutoExposure.Method:0]]
[2020.07.04-00.56.55:458][  0]LogConfig: Setting CVar [[r.DefaultFeature.AutoExposure.ExtendDefaultLuminanceRange:0]]
[2020.07.04-00.56.55:458][  0]LogConfig: Setting CVar [[r.UsePreExposure:1]]
[2020.07.04-00.56.55:458][  0]LogConfig: Setting CVar [[r.EyeAdaptation.EditorOnly:1]]
[2020.07.04-00.56.55:458][  0]LogConfig: Setting CVar [[r.DefaultFeature.MotionBlur:0]]
[2020.07.04-00.56.55:458][  0]LogConfig: Setting CVar [[r.DefaultFeature.LensFlare:0]]
[2020.07.04-00.56.55:458][  0]LogConfig: Setting CVar [[r.TemporalAA.Upsampling:0]]
[2020.07.04-00.56.55:459][  0]LogConfig: Setting CVar [[r.SSGI.Enable:0]]
[2020.07.04-00.56.55:459][  0]LogConfig: Setting CVar [[r.DefaultFeature.AntiAliasing:0]]
[2020.07.04-00.56.55:459][  0]LogConfig: Setting CVar [[r.DefaultFeature.LightUnits:1]]
[2020.07.04-00.56.55:459][  0]LogConfig: Setting CVar [[r.DefaultBackBufferPixelFormat:4]]
[2020.07.04-00.56.55:459][  0]LogConfig: Setting CVar [[r.Shadow.UnbuiltPreviewInGame:1]]
[2020.07.04-00.56.55:459][  0]LogConfig: Setting CVar [[r.StencilForLODDither:0]]
[2020.07.04-00.56.55:459][  0]LogConfig: Setting CVar [[r.EarlyZPass:3]]
[2020.07.04-00.56.55:459][  0]LogConfig: Setting CVar [[r.EarlyZPassOnlyMaterialMasking:0]]
[2020.07.04-00.56.55:459][  0]LogConfig: Setting CVar [[r.DBuffer:1]]
[2020.07.04-00.56.55:459][  0]LogConfig: Setting CVar [[r.ClearSceneMethod:1]]
[2020.07.04-00.56.55:459][  0]LogConfig: Setting CVar [[r.BasePassOutputsVelocity:0]]
[2020.07.04-00.56.55:459][  0]LogConfig: Setting CVar [[r.SelectiveBasePassOutputs:0]]
[2020.07.04-00.56.55:459][  0]LogConfig: Setting CVar [[fx.GPUSimulationTextureSizeX:1024]]
[2020.07.04-00.56.55:460][  0]LogConfig: Setting CVar [[fx.GPUSimulationTextureSizeY:1024]]
[2020.07.04-00.56.55:460][  0]LogConfig: Setting CVar [[r.AllowGlobalClipPlane:0]]
[2020.07.04-00.56.55:460][  0]LogConfig: Setting CVar [[r.GBufferFormat:1]]
[2020.07.04-00.56.55:460][  0]LogConfig: Setting CVar [[r.MorphTarget.Mode:1]]
[2020.07.04-00.56.55:460][  0]LogConfig: Setting CVar [[vr.InstancedStereo:0]]
[2020.07.04-00.56.55:460][  0]LogConfig: Setting CVar [[vr.MultiView:0]]
[2020.07.04-00.56.55:460][  0]LogConfig: Setting CVar [[vr.MobileMultiView:0]]
[2020.07.04-00.56.55:460][  0]LogConfig: Setting CVar [[vr.MobileMultiView.Direct:0]]
[2020.07.04-00.56.55:460][  0]LogConfig: Setting CVar [[vr.RoundRobinOcclusion:0]]
[2020.07.04-00.56.55:460][  0]LogConfig: Setting CVar [[vr.ODSCapture:0]]
[2020.07.04-00.56.55:460][  0]LogConfig: Setting CVar [[r.WireframeCullThreshold:5.000000]]
[2020.07.04-00.56.55:460][  0]LogConfig: Setting CVar [[r.RayTracing:0]]
[2020.07.04-00.56.55:460][  0]LogConfig: Setting CVar [[r.RayTracing.UseTextureLod:0]]
[2020.07.04-00.56.55:461][  0]LogConfig: Setting CVar [[r.SupportStationarySkylight:1]]
[2020.07.04-00.56.55:461][  0]LogConfig: Setting CVar [[r.SupportLowQualityLightmaps:1]]
[2020.07.04-00.56.55:461][  0]LogConfig: Setting CVar [[r.SupportPointLightWholeSceneShadows:1]]
[2020.07.04-00.56.55:461][  0]LogConfig: Setting CVar [[r.SupportAtmosphericFog:1]]
[2020.07.04-00.56.55:461][  0]LogConfig: Setting CVar [[r.SupportSkyAtmosphere:1]]
[2020.07.04-00.56.55:461][  0]LogConfig: Setting CVar [[r.SupportSkyAtmosphereAffectsHeightFog:0]]
[2020.07.04-00.56.55:461][  0]LogConfig: Setting CVar [[r.SkinCache.CompileShaders:0]]
[2020.07.04-00.56.55:461][  0]LogConfig: Setting CVar [[r.Mobile.EnableStaticAndCSMShadowReceivers:1]]
[2020.07.04-00.56.55:461][  0]LogConfig: Setting CVar [[r.Mobile.EnableMovableLightCSMShaderCulling:1]]
[2020.07.04-00.56.55:461][  0]LogConfig: Setting CVar [[r.Mobile.AllowDistanceFieldShadows:1]]
[2020.07.04-00.56.55:461][  0]LogConfig: Setting CVar [[r.Mobile.AllowMovableDirectionalLights:1]]
[2020.07.04-00.56.55:461][  0]LogConfig: Setting CVar [[r.MobileNumDynamicPointLights:4]]
[2020.07.04-00.56.55:461][  0]LogConfig: Setting CVar [[r.MobileDynamicPointLightsUseStaticBranch:1]]
[2020.07.04-00.56.55:462][  0]LogConfig: Setting CVar [[r.Mobile.EnableMovableSpotlights:0]]
[2020.07.04-00.56.55:462][  0]LogConfig: Setting CVar [[r.SkinCache.SceneMemoryLimitInMB:128.000000]]
[2020.07.04-00.56.55:462][  0]LogConfig: Setting CVar [[r.GPUSkin.Limit2BoneInfluences:0]]
[2020.07.04-00.56.55:462][  0]LogConfig: Setting CVar [[r.SupportDepthOnlyIndexBuffers:1]]
[2020.07.04-00.56.55:462][  0]LogConfig: Setting CVar [[r.SupportReversedIndexBuffers:1]]
[2020.07.04-00.56.55:462][  0]LogConfig: Setting CVar [[r.SupportMaterialLayers:0]]
[2020.07.04-00.56.55:462][  0]LogConfig: Setting CVar [[r.LightPropagationVolume:0]]
[2020.07.04-00.56.55:462][  0]LogConfig: Applying CVar settings from Section [/Script/Engine.RendererOverrideSettings] File [C:/Users/boudo/Documents/Unreal Projects/firstproject_2/Saved/Config/Windows/Engine.ini]
[2020.07.04-00.56.55:462][  0]LogConfig: Applying CVar settings from Section [/Script/Engine.StreamingSettings] File [C:/Users/boudo/Documents/Unreal Projects/firstproject_2/Saved/Config/Windows/Engine.ini]
[2020.07.04-00.56.55:462][  0]LogConfig: Setting CVar [[s.MinBulkDataSizeForAsyncLoading:131072]]
[2020.07.04-00.56.55:462][  0]LogConfig: Setting CVar [[s.AsyncLoadingThreadEnabled:0]]
[2020.07.04-00.56.55:462][  0]LogConfig: Setting CVar [[s.EventDrivenLoaderEnabled:1]]
[2020.07.04-00.56.55:463][  0]LogConfig: Setting CVar [[s.WarnIfTimeLimitExceeded:0]]
[2020.07.04-00.56.55:463][  0]LogConfig: Setting CVar [[s.TimeLimitExceededMultiplier:1.5]]
[2020.07.04-00.56.55:463][  0]LogConfig: Setting CVar [[s.TimeLimitExceededMinTime:0.005]]
[2020.07.04-00.56.55:463][  0]LogConfig: Setting CVar [[s.UseBackgroundLevelStreaming:1]]
[2020.07.04-00.56.55:463][  0]LogConfig: Setting CVar [[s.PriorityAsyncLoadingExtraTime:15.0]]
[2020.07.04-00.56.55:463][  0]LogConfig: Setting CVar [[s.LevelStreamingActorsUpdateTimeLimit:5.0]]
[2020.07.04-00.56.55:463][  0]LogConfig: Setting CVar [[s.PriorityLevelStreamingActorsUpdateExtraTime:5.0]]
[2020.07.04-00.56.55:463][  0]LogConfig: Setting CVar [[s.LevelStreamingComponentsRegistrationGranularity:10]]
[2020.07.04-00.56.55:463][  0]LogConfig: Setting CVar [[s.UnregisterComponentsTimeLimit:1.0]]
[2020.07.04-00.56.55:463][  0]LogConfig: Setting CVar [[s.LevelStreamingComponentsUnregistrationGranularity:5]]
[2020.07.04-00.56.55:463][  0]LogConfig: Setting CVar [[s.FlushStreamingOnExit:1]]
[2020.07.04-00.56.55:463][  0]LogConfig: Applying CVar settings from Section [/Script/Engine.GarbageCollectionSettings] File [C:/Users/boudo/Documents/Unreal Projects/firstproject_2/Saved/Config/Windows/Engine.ini]
[2020.07.04-00.56.55:463][  0]LogConfig: Setting CVar [[gc.MaxObjectsNotConsideredByGC:1]]
[2020.07.04-00.56.55:464][  0]LogConfig: Setting CVar [[gc.SizeOfPermanentObjectPool:0]]
[2020.07.04-00.56.55:464][  0]LogConfig: Setting CVar [[gc.FlushStreamingOnGC:0]]
[2020.07.04-00.56.55:464][  0]LogConfig: Setting CVar [[gc.NumRetriesBeforeForcingGC:10]]
[2020.07.04-00.56.55:464][  0]LogConfig: Setting CVar [[gc.AllowParallelGC:1]]
[2020.07.04-00.56.55:464][  0]LogConfig: Setting CVar [[gc.TimeBetweenPurgingPendingKillObjects:61.1]]
[2020.07.04-00.56.55:464][  0]LogConfig: Setting CVar [[gc.MaxObjectsInEditor:25165824]]
[2020.07.04-00.56.55:464][  0]LogConfig: Setting CVar [[gc.IncrementalBeginDestroyEnabled:1]]
[2020.07.04-00.56.55:464][  0]LogConfig: Setting CVar [[gc.CreateGCClusters:1]]
[2020.07.04-00.56.55:464][  0]LogConfig: Setting CVar [[gc.MinGCClusterSize:5]]
[2020.07.04-00.56.55:464][  0]LogConfig: Setting CVar [[gc.ActorClusteringEnabled:0]]
[2020.07.04-00.56.55:464][  0]LogConfig: Setting CVar [[gc.BlueprintClusteringEnabled:0]]
[2020.07.04-00.56.55:464][  0]LogConfig: Setting CVar [[gc.UseDisregardForGCOnDedicatedServers:0]]
[2020.07.04-00.56.55:464][  0]LogConfig: Applying CVar settings from Section [/Script/Engine.NetworkSettings] File [C:/Users/boudo/Documents/Unreal Projects/firstproject_2/Saved/Config/Windows/Engine.ini]
[2020.07.04-00.56.55:465][  0]LogConfig: Applying CVar settings from Section [/Script/UnrealEd.CookerSettings] File [C:/Users/boudo/Documents/Unreal Projects/firstproject_2/Saved/Config/Windows/Engine.ini]
[2020.07.04-00.56.55:472][  0]LogConfig: Applying CVar settings from Section [ViewDistanceQuality@3] File [C:/Users/boudo/Documents/Unreal Projects/firstproject_2/Saved/Config/Windows/Scalability.ini]
[2020.07.04-00.56.55:472][  0]LogConfig: Setting CVar [[r.SkeletalMeshLODBias:0]]
[2020.07.04-00.56.55:472][  0]LogConfig: Setting CVar [[r.ViewDistanceScale:1.0]]
[2020.07.04-00.56.55:472][  0]LogConfig: Applying CVar settings from Section [AntiAliasingQuality@3] File [C:/Users/boudo/Documents/Unreal Projects/firstproject_2/Saved/Config/Windows/Scalability.ini]
[2020.07.04-00.56.55:472][  0]LogConfig: Setting CVar [[r.PostProcessAAQuality:4]]
[2020.07.04-00.56.55:472][  0]LogConfig: Applying CVar settings from Section [ShadowQuality@3] File [C:/Users/boudo/Documents/Unreal Projects/firstproject_2/Saved/Config/Windows/Scalability.ini]
[2020.07.04-00.56.55:472][  0]LogConfig: Setting CVar [[r.LightFunctionQuality:1]]
[2020.07.04-00.56.55:472][  0]LogConfig: Setting CVar [[r.ShadowQuality:5]]
[2020.07.04-00.56.55:472][  0]LogConfig: Setting CVar [[r.Shadow.CSM.MaxCascades:10]]
[2020.07.04-00.56.55:473][  0]LogConfig: Setting CVar [[r.Shadow.MaxResolution:2048]]
[2020.07.04-00.56.55:473][  0]LogConfig: Setting CVar [[r.Shadow.MaxCSMResolution:2048]]
[2020.07.04-00.56.55:473][  0]LogConfig: Setting CVar [[r.Shadow.RadiusThreshold:0.01]]
[2020.07.04-00.56.55:473][  0]LogConfig: Setting CVar [[r.Shadow.DistanceScale:1.0]]
[2020.07.04-00.56.55:473][  0]LogConfig: Setting CVar [[r.Shadow.CSM.TransitionScale:1.0]]
[2020.07.04-00.56.55:473][  0]LogConfig: Setting CVar [[r.Shadow.PreShadowResolutionFactor:1.0]]
[2020.07.04-00.56.55:473][  0]LogConfig: Setting CVar [[r.DistanceFieldShadowing:1]]
[2020.07.04-00.56.55:473][  0]LogConfig: Setting CVar [[r.DistanceFieldAO:1]]
[2020.07.04-00.56.55:473][  0]LogConfig: Setting CVar [[r.AOQuality:2]]
[2020.07.04-00.56.55:473][  0]LogConfig: Setting CVar [[r.VolumetricFog:1]]
[2020.07.04-00.56.55:473][  0]LogConfig: Setting CVar [[r.VolumetricFog.GridPixelSize:8]]
[2020.07.04-00.56.55:473][  0]LogConfig: Setting CVar [[r.VolumetricFog.GridSizeZ:128]]
[2020.07.04-00.56.55:474][  0]LogConfig: Setting CVar [[r.VolumetricFog.HistoryMissSupersampleCount:4]]
[2020.07.04-00.56.55:474][  0]LogConfig: Setting CVar [[r.LightMaxDrawDistanceScale:1]]
[2020.07.04-00.56.55:474][  0]LogConfig: Setting CVar [[r.CapsuleShadows:1]]
[2020.07.04-00.56.55:474][  0]LogConfig: Applying CVar settings from Section [PostProcessQuality@3] File [C:/Users/boudo/Documents/Unreal Projects/firstproject_2/Saved/Config/Windows/Scalability.ini]
[2020.07.04-00.56.55:474][  0]LogConfig: Setting CVar [[r.MotionBlurQuality:4]]
[2020.07.04-00.56.55:474][  0]LogConfig: Setting CVar [[r.AmbientOcclusionMipLevelFactor:0.4]]
[2020.07.04-00.56.55:474][  0]LogConfig: Setting CVar [[r.AmbientOcclusionMaxQuality:100]]
[2020.07.04-00.56.55:474][  0]LogConfig: Setting CVar [[r.AmbientOcclusionLevels:-1]]
[2020.07.04-00.56.55:474][  0]LogConfig: Setting CVar [[r.AmbientOcclusionRadiusScale:1.0]]
[2020.07.04-00.56.55:474][  0]LogConfig: Setting CVar [[r.DepthOfFieldQuality:2]]
[2020.07.04-00.56.55:474][  0]LogConfig: Setting CVar [[r.RenderTargetPoolMin:400]]
[2020.07.04-00.56.55:474][  0]LogConfig: Setting CVar [[r.LensFlareQuality:2]]
[2020.07.04-00.56.55:474][  0]LogConfig: Setting CVar [[r.SceneColorFringeQuality:1]]
[2020.07.04-00.56.55:475][  0]LogConfig: Setting CVar [[r.EyeAdaptationQuality:2]]
[2020.07.04-00.56.55:475][  0]LogConfig: Setting CVar [[r.BloomQuality:5]]
[2020.07.04-00.56.55:475][  0]LogConfig: Setting CVar [[r.FastBlurThreshold:100]]
[2020.07.04-00.56.55:475][  0]LogConfig: Setting CVar [[r.Upscale.Quality:3]]
[2020.07.04-00.56.55:475][  0]LogConfig: Setting CVar [[r.Tonemapper.GrainQuantization:1]]
[2020.07.04-00.56.55:475][  0]LogConfig: Setting CVar [[r.LightShaftQuality:1]]
[2020.07.04-00.56.55:475][  0]LogConfig: Setting CVar [[r.Filter.SizeScale:1]]
[2020.07.04-00.56.55:475][  0]LogConfig: Setting CVar [[r.Tonemapper.Quality:5]]
[2020.07.04-00.56.55:475][  0]LogConfig: Setting CVar [[r.DOF.Gather.AccumulatorQuality:1        ; higher gathering accumulator quality]]
[2020.07.04-00.56.55:475][  0]LogConfig: Setting CVar [[r.DOF.Gather.PostfilterMethod:1          ; Median3x3 postfilering method]]
[2020.07.04-00.56.55:475][  0]LogConfig: Setting CVar [[r.DOF.Gather.EnableBokehSettings:0       ; no bokeh simulation when gathering]]
[2020.07.04-00.56.55:475][  0]LogConfig: Setting CVar [[r.DOF.Gather.RingCount:4                 ; medium number of samples when gathering]]
[2020.07.04-00.56.55:475][  0]LogConfig: Setting CVar [[r.DOF.Scatter.ForegroundCompositing:1    ; additive foreground scattering]]
[2020.07.04-00.56.55:476][  0]LogConfig: Setting CVar [[r.DOF.Scatter.BackgroundCompositing:2    ; additive background scattering]]
[2020.07.04-00.56.55:476][  0]LogConfig: Setting CVar [[r.DOF.Scatter.EnableBokehSettings:1      ; bokeh simulation when scattering]]
[2020.07.04-00.56.55:476][  0]LogConfig: Setting CVar [[r.DOF.Scatter.MaxSpriteRatio:0.1         ; only a maximum of 10% of scattered bokeh]]
[2020.07.04-00.56.55:476][  0]LogConfig: Setting CVar [[r.DOF.Recombine.Quality:1                ; cheap slight out of focus]]
[2020.07.04-00.56.55:476][  0]LogConfig: Setting CVar [[r.DOF.Recombine.EnableBokehSettings:0    ; no bokeh simulation on slight out of focus]]
[2020.07.04-00.56.55:476][  0]LogConfig: Setting CVar [[r.DOF.TemporalAAQuality:1                ; more stable temporal accumulation]]
[2020.07.04-00.56.55:476][  0]LogConfig: Setting CVar [[r.DOF.Kernel.MaxForegroundRadius:0.025]]
[2020.07.04-00.56.55:476][  0]LogConfig: Setting CVar [[r.DOF.Kernel.MaxBackgroundRadius:0.025]]
[2020.07.04-00.56.55:476][  0]LogConfig: Applying CVar settings from Section [TextureQuality@3] File [C:/Users/boudo/Documents/Unreal Projects/firstproject_2/Saved/Config/Windows/Scalability.ini]
[2020.07.04-00.56.55:476][  0]LogConfig: Setting CVar [[r.Streaming.MipBias:0]]
[2020.07.04-00.56.55:476][  0]LogConfig: Setting CVar [[r.Streaming.AmortizeCPUToGPUCopy:0]]
[2020.07.04-00.56.55:476][  0]LogConfig: Setting CVar [[r.Streaming.MaxNumTexturesToStreamPerFrame:0]]
[2020.07.04-00.56.55:476][  0]LogConfig: Setting CVar [[r.Streaming.Boost:1]]
[2020.07.04-00.56.55:477][  0]LogConfig: Setting CVar [[r.MaxAnisotropy:8]]
[2020.07.04-00.56.55:477][  0]LogConfig: Setting CVar [[r.VT.MaxAnisotropy:8]]
[2020.07.04-00.56.55:477][  0]LogConfig: Setting CVar [[r.Streaming.LimitPoolSizeToVRAM:0]]
[2020.07.04-00.56.55:477][  0]LogConfig: Setting CVar [[r.Streaming.PoolSize:1000]]
[2020.07.04-00.56.55:477][  0]LogConfig: Setting CVar [[r.Streaming.MaxEffectiveScreenSize:0]]
[2020.07.04-00.56.55:477][  0]LogConfig: Applying CVar settings from Section [EffectsQuality@3] File [C:/Users/boudo/Documents/Unreal Projects/firstproject_2/Saved/Config/Windows/Scalability.ini]
[2020.07.04-00.56.55:477][  0]LogConfig: Setting CVar [[r.TranslucencyLightingVolumeDim:64]]
[2020.07.04-00.56.55:477][  0]LogConfig: Setting CVar [[r.RefractionQuality:2]]
[2020.07.04-00.56.55:477][  0]LogConfig: Setting CVar [[r.SSR.Quality:3]]
[2020.07.04-00.56.55:477][  0]LogConfig: Setting CVar [[r.SSR.HalfResSceneColor:0]]
[2020.07.04-00.56.55:477][  0]LogConfig: Setting CVar [[r.SceneColorFormat:4]]
[2020.07.04-00.56.55:477][  0]LogConfig: Setting CVar [[r.DetailMode:2]]
[2020.07.04-00.56.55:477][  0]LogConfig: Setting CVar [[r.TranslucencyVolumeBlur:1]]
[2020.07.04-00.56.55:478][  0]LogConfig: Setting CVar [[r.MaterialQualityLevel:1 ; High quality]]
[2020.07.04-00.56.55:478][  0]LogConfig: Setting CVar [[r.SSS.Scale:1]]
[2020.07.04-00.56.55:478][  0]LogConfig: Setting CVar [[r.SSS.SampleSet:2]]
[2020.07.04-00.56.55:478][  0]LogConfig: Setting CVar [[r.SSS.Quality:1]]
[2020.07.04-00.56.55:478][  0]LogConfig: Setting CVar [[r.SSS.HalfRes:1]]
[2020.07.04-00.56.55:478][  0]LogConfig: Setting CVar [[r.SSGI.Quality:3]]
[2020.07.04-00.56.55:478][  0]LogConfig: Setting CVar [[r.EmitterSpawnRateScale:1.0]]
[2020.07.04-00.56.55:478][  0]LogConfig: Setting CVar [[r.ParticleLightQuality:2]]
[2020.07.04-00.56.55:478][  0]LogConfig: Setting CVar [[r.SkyAtmosphere.AerialPerspectiveLUT.FastApplyOnOpaque:1 ; Always have FastSkyLUT 1 in this case to avoid wrong sky]]
[2020.07.04-00.56.55:478][  0]LogConfig: Setting CVar [[r.SkyAtmosphere.AerialPerspectiveLUT.SampleCountPerSlice:1]]
[2020.07.04-00.56.55:478][  0]LogConfig: Setting CVar [[r.SkyAtmosphere.AerialPerspectiveLUT.DepthResolution:16.0]]
[2020.07.04-00.56.55:478][  0]LogConfig: Setting CVar [[r.SkyAtmosphere.FastSkyLUT:1]]
[2020.07.04-00.56.55:478][  0]LogConfig: Setting CVar [[r.SkyAtmosphere.FastSkyLUT.SampleCountMin:4.0]]
[2020.07.04-00.56.55:479][  0]LogConfig: Setting CVar [[r.SkyAtmosphere.FastSkyLUT.SampleCountMax:32.0]]
[2020.07.04-00.56.55:479][  0]LogConfig: Setting CVar [[r.SkyAtmosphere.SampleCountMin:4.0]]
[2020.07.04-00.56.55:479][  0]LogConfig: Setting CVar [[r.SkyAtmosphere.SampleCountMax:32.0]]
[2020.07.04-00.56.55:479][  0]LogConfig: Setting CVar [[r.SkyAtmosphere.TransmittanceLUT.UseSmallFormat:0]]
[2020.07.04-00.56.55:479][  0]LogConfig: Setting CVar [[r.SkyAtmosphere.TransmittanceLUT.SampleCount:10.0]]
[2020.07.04-00.56.55:479][  0]LogConfig: Setting CVar [[r.SkyAtmosphere.MultiScatteringLUT.SampleCount:15.0]]
[2020.07.04-00.56.55:479][  0]LogConfig: Applying CVar settings from Section [FoliageQuality@3] File [C:/Users/boudo/Documents/Unreal Projects/firstproject_2/Saved/Config/Windows/Scalability.ini]
[2020.07.04-00.56.55:479][  0]LogConfig: Setting CVar [[foliage.DensityScale:1.0]]
[2020.07.04-00.56.55:479][  0]LogConfig: Setting CVar [[grass.DensityScale:1.0]]
[2020.07.04-00.56.55:479][  0]LogConfig: Applying CVar settings from Section [ShadingQuality@3] File [C:/Users/boudo/Documents/Unreal Projects/firstproject_2/Saved/Config/Windows/Scalability.ini]
[2020.07.04-00.56.55:479][  0]LogConfig: Setting CVar [[r.HairStrands.SkyLighting.SampleCount:16]]
[2020.07.04-00.56.55:479][  0]LogConfig: Setting CVar [[r.HairStrands.SkyLighting.JitterIntegration:0]]
[2020.07.04-00.56.55:479][  0]LogConfig: Setting CVar [[r.HairStrands.SkyAO.SampleCount:16]]
[2020.07.04-00.56.55:480][  0]LogInit: Selected Device Profile: [Windows]
[2020.07.04-00.56.55:480][  0]LogInit: Applying CVar settings loaded from the selected device profile: [Windows]
[2020.07.04-00.56.55:483][  0]LogHAL: Display: Platform has ~ 32 GB [34195992576 / 34359738368 / 32], which maps to Largest [LargestMinGB=32, LargerMinGB=12, DefaultMinGB=8, SmallerMinGB=6, SmallestMinGB=0)
[2020.07.04-00.56.55:483][  0]LogInit: Going up to parent DeviceProfile []
[2020.07.04-00.56.55:483][  0]LogConfig: Applying CVar settings from Section [ViewDistanceQuality@3] File [C:/Users/boudo/Documents/Unreal Projects/firstproject_2/Saved/Config/Windows/Scalability.ini]
[2020.07.04-00.56.55:483][  0]LogConfig: Setting CVar [[r.SkeletalMeshLODBias:0]]
[2020.07.04-00.56.55:484][  0]LogConfig: Setting CVar [[r.ViewDistanceScale:1.0]]
[2020.07.04-00.56.55:484][  0]LogConfig: Applying CVar settings from Section [AntiAliasingQuality@3] File [C:/Users/boudo/Documents/Unreal Projects/firstproject_2/Saved/Config/Windows/Scalability.ini]
[2020.07.04-00.56.55:484][  0]LogConfig: Setting CVar [[r.PostProcessAAQuality:4]]
[2020.07.04-00.56.55:484][  0]LogConfig: Applying CVar settings from Section [ShadowQuality@3] File [C:/Users/boudo/Documents/Unreal Projects/firstproject_2/Saved/Config/Windows/Scalability.ini]
[2020.07.04-00.56.55:484][  0]LogConfig: Setting CVar [[r.LightFunctionQuality:1]]
[2020.07.04-00.56.55:484][  0]LogConfig: Setting CVar [[r.ShadowQuality:5]]
[2020.07.04-00.56.55:484][  0]LogConfig: Setting CVar [[r.Shadow.CSM.MaxCascades:10]]
[2020.07.04-00.56.55:484][  0]LogConfig: Setting CVar [[r.Shadow.MaxResolution:2048]]
[2020.07.04-00.56.55:484][  0]LogConfig: Setting CVar [[r.Shadow.MaxCSMResolution:2048]]
[2020.07.04-00.56.55:484][  0]LogConfig: Setting CVar [[r.Shadow.RadiusThreshold:0.01]]
[2020.07.04-00.56.55:484][  0]LogConfig: Setting CVar [[r.Shadow.DistanceScale:1.0]]
[2020.07.04-00.56.55:484][  0]LogConfig: Setting CVar [[r.Shadow.CSM.TransitionScale:1.0]]
[2020.07.04-00.56.55:484][  0]LogConfig: Setting CVar [[r.Shadow.PreShadowResolutionFactor:1.0]]
[2020.07.04-00.56.55:484][  0]LogConfig: Setting CVar [[r.DistanceFieldShadowing:1]]
[2020.07.04-00.56.55:484][  0]LogConfig: Setting CVar [[r.DistanceFieldAO:1]]
[2020.07.04-00.56.55:484][  0]LogConfig: Setting CVar [[r.AOQuality:2]]
[2020.07.04-00.56.55:484][  0]LogConfig: Setting CVar [[r.VolumetricFog:1]]
[2020.07.04-00.56.55:484][  0]LogConfig: Setting CVar [[r.VolumetricFog.GridPixelSize:8]]
[2020.07.04-00.56.55:484][  0]LogConfig: Setting CVar [[r.VolumetricFog.GridSizeZ:128]]
[2020.07.04-00.56.55:484][  0]LogConfig: Setting CVar [[r.VolumetricFog.HistoryMissSupersampleCount:4]]
[2020.07.04-00.56.55:484][  0]LogConfig: Setting CVar [[r.LightMaxDrawDistanceScale:1]]
[2020.07.04-00.56.55:485][  0]LogConfig: Setting CVar [[r.CapsuleShadows:1]]
[2020.07.04-00.56.55:485][  0]LogConfig: Applying CVar settings from Section [PostProcessQuality@3] File [C:/Users/boudo/Documents/Unreal Projects/firstproject_2/Saved/Config/Windows/Scalability.ini]
[2020.07.04-00.56.55:485][  0]LogConfig: Setting CVar [[r.MotionBlurQuality:4]]
[2020.07.04-00.56.55:485][  0]LogConfig: Setting CVar [[r.AmbientOcclusionMipLevelFactor:0.4]]
[2020.07.04-00.56.55:485][  0]LogConfig: Setting CVar [[r.AmbientOcclusionMaxQuality:100]]
[2020.07.04-00.56.55:485][  0]LogConfig: Setting CVar [[r.AmbientOcclusionLevels:-1]]
[2020.07.04-00.56.55:485][  0]LogConfig: Setting CVar [[r.AmbientOcclusionRadiusScale:1.0]]
[2020.07.04-00.56.55:485][  0]LogConfig: Setting CVar [[r.DepthOfFieldQuality:2]]
[2020.07.04-00.56.55:485][  0]LogConfig: Setting CVar [[r.RenderTargetPoolMin:400]]
[2020.07.04-00.56.55:485][  0]LogConfig: Setting CVar [[r.LensFlareQuality:2]]
[2020.07.04-00.56.55:485][  0]LogConfig: Setting CVar [[r.SceneColorFringeQuality:1]]
[2020.07.04-00.56.55:485][  0]LogConfig: Setting CVar [[r.EyeAdaptationQuality:2]]
[2020.07.04-00.56.55:486][  0]LogConfig: Setting CVar [[r.BloomQuality:5]]
[2020.07.04-00.56.55:486][  0]LogConfig: Setting CVar [[r.FastBlurThreshold:100]]
[2020.07.04-00.56.55:486][  0]LogConfig: Setting CVar [[r.Upscale.Quality:3]]
[2020.07.04-00.56.55:486][  0]LogConfig: Setting CVar [[r.Tonemapper.GrainQuantization:1]]
[2020.07.04-00.56.55:486][  0]LogConfig: Setting CVar [[r.LightShaftQuality:1]]
[2020.07.04-00.56.55:486][  0]LogConfig: Setting CVar [[r.Filter.SizeScale:1]]
[2020.07.04-00.56.55:486][  0]LogConfig: Setting CVar [[r.Tonemapper.Quality:5]]
[2020.07.04-00.56.55:486][  0]LogConfig: Setting CVar [[r.DOF.Gather.AccumulatorQuality:1        ; higher gathering accumulator quality]]
[2020.07.04-00.56.55:486][  0]LogConfig: Setting CVar [[r.DOF.Gather.PostfilterMethod:1          ; Median3x3 postfilering method]]
[2020.07.04-00.56.55:486][  0]LogConfig: Setting CVar [[r.DOF.Gather.EnableBokehSettings:0       ; no bokeh simulation when gathering]]
[2020.07.04-00.56.55:486][  0]LogConfig: Setting CVar [[r.DOF.Gather.RingCount:4                 ; medium number of samples when gathering]]
[2020.07.04-00.56.55:486][  0]LogConfig: Setting CVar [[r.DOF.Scatter.ForegroundCompositing:1    ; additive foreground scattering]]
[2020.07.04-00.56.55:487][  0]LogConfig: Setting CVar [[r.DOF.Scatter.BackgroundCompositing:2    ; additive background scattering]]
[2020.07.04-00.56.55:487][  0]LogConfig: Setting CVar [[r.DOF.Scatter.EnableBokehSettings:1      ; bokeh simulation when scattering]]
[2020.07.04-00.56.55:487][  0]LogConfig: Setting CVar [[r.DOF.Scatter.MaxSpriteRatio:0.1         ; only a maximum of 10% of scattered bokeh]]
[2020.07.04-00.56.55:487][  0]LogConfig: Setting CVar [[r.DOF.Recombine.Quality:1                ; cheap slight out of focus]]
[2020.07.04-00.56.55:487][  0]LogConfig: Setting CVar [[r.DOF.Recombine.EnableBokehSettings:0    ; no bokeh simulation on slight out of focus]]
[2020.07.04-00.56.55:487][  0]LogConfig: Setting CVar [[r.DOF.TemporalAAQuality:1                ; more stable temporal accumulation]]
[2020.07.04-00.56.55:487][  0]LogConfig: Setting CVar [[r.DOF.Kernel.MaxForegroundRadius:0.025]]
[2020.07.04-00.56.55:487][  0]LogConfig: Setting CVar [[r.DOF.Kernel.MaxBackgroundRadius:0.025]]
[2020.07.04-00.56.55:487][  0]LogConfig: Applying CVar settings from Section [TextureQuality@3] File [C:/Users/boudo/Documents/Unreal Projects/firstproject_2/Saved/Config/Windows/Scalability.ini]
[2020.07.04-00.56.55:487][  0]LogConfig: Setting CVar [[r.Streaming.MipBias:0]]
[2020.07.04-00.56.55:487][  0]LogConfig: Setting CVar [[r.Streaming.AmortizeCPUToGPUCopy:0]]
[2020.07.04-00.56.55:487][  0]LogConfig: Setting CVar [[r.Streaming.MaxNumTexturesToStreamPerFrame:0]]
[2020.07.04-00.56.55:487][  0]LogConfig: Setting CVar [[r.Streaming.Boost:1]]
[2020.07.04-00.56.55:488][  0]LogConfig: Setting CVar [[r.MaxAnisotropy:8]]
[2020.07.04-00.56.55:488][  0]LogConfig: Setting CVar [[r.VT.MaxAnisotropy:8]]
[2020.07.04-00.56.55:488][  0]LogConfig: Setting CVar [[r.Streaming.LimitPoolSizeToVRAM:0]]
[2020.07.04-00.56.55:488][  0]LogConfig: Setting CVar [[r.Streaming.PoolSize:1000]]
[2020.07.04-00.56.55:488][  0]LogConfig: Setting CVar [[r.Streaming.MaxEffectiveScreenSize:0]]
[2020.07.04-00.56.55:488][  0]LogConfig: Applying CVar settings from Section [EffectsQuality@3] File [C:/Users/boudo/Documents/Unreal Projects/firstproject_2/Saved/Config/Windows/Scalability.ini]
[2020.07.04-00.56.55:488][  0]LogConfig: Setting CVar [[r.TranslucencyLightingVolumeDim:64]]
[2020.07.04-00.56.55:488][  0]LogConfig: Setting CVar [[r.RefractionQuality:2]]
[2020.07.04-00.56.55:488][  0]LogConfig: Setting CVar [[r.SSR.Quality:3]]
[2020.07.04-00.56.55:488][  0]LogConfig: Setting CVar [[r.SSR.HalfResSceneColor:0]]
[2020.07.04-00.56.55:488][  0]LogConfig: Setting CVar [[r.SceneColorFormat:4]]
[2020.07.04-00.56.55:488][  0]LogConfig: Setting CVar [[r.DetailMode:2]]
[2020.07.04-00.56.55:488][  0]LogConfig: Setting CVar [[r.TranslucencyVolumeBlur:1]]
[2020.07.04-00.56.55:489][  0]LogConfig: Setting CVar [[r.MaterialQualityLevel:1 ; High quality]]
[2020.07.04-00.56.55:489][  0]LogConfig: Setting CVar [[r.SSS.Scale:1]]
[2020.07.04-00.56.55:489][  0]LogConfig: Setting CVar [[r.SSS.SampleSet:2]]
[2020.07.04-00.56.55:489][  0]LogConfig: Setting CVar [[r.SSS.Quality:1]]
[2020.07.04-00.56.55:489][  0]LogConfig: Setting CVar [[r.SSS.HalfRes:1]]
[2020.07.04-00.56.55:489][  0]LogConfig: Setting CVar [[r.SSGI.Quality:3]]
[2020.07.04-00.56.55:489][  0]LogConfig: Setting CVar [[r.EmitterSpawnRateScale:1.0]]
[2020.07.04-00.56.55:489][  0]LogConfig: Setting CVar [[r.ParticleLightQuality:2]]
[2020.07.04-00.56.55:489][  0]LogConfig: Setting CVar [[r.SkyAtmosphere.AerialPerspectiveLUT.FastApplyOnOpaque:1 ; Always have FastSkyLUT 1 in this case to avoid wrong sky]]
[2020.07.04-00.56.55:489][  0]LogConfig: Setting CVar [[r.SkyAtmosphere.AerialPerspectiveLUT.SampleCountPerSlice:1]]
[2020.07.04-00.56.55:489][  0]LogConfig: Setting CVar [[r.SkyAtmosphere.AerialPerspectiveLUT.DepthResolution:16.0]]
[2020.07.04-00.56.55:489][  0]LogConfig: Setting CVar [[r.SkyAtmosphere.FastSkyLUT:1]]
[2020.07.04-00.56.55:489][  0]LogConfig: Setting CVar [[r.SkyAtmosphere.FastSkyLUT.SampleCountMin:4.0]]
[2020.07.04-00.56.55:490][  0]LogConfig: Setting CVar [[r.SkyAtmosphere.FastSkyLUT.SampleCountMax:32.0]]
[2020.07.04-00.56.55:490][  0]LogConfig: Setting CVar [[r.SkyAtmosphere.SampleCountMin:4.0]]
[2020.07.04-00.56.55:490][  0]LogConfig: Setting CVar [[r.SkyAtmosphere.SampleCountMax:32.0]]
[2020.07.04-00.56.55:490][  0]LogConfig: Setting CVar [[r.SkyAtmosphere.TransmittanceLUT.UseSmallFormat:0]]
[2020.07.04-00.56.55:490][  0]LogConfig: Setting CVar [[r.SkyAtmosphere.TransmittanceLUT.SampleCount:10.0]]
[2020.07.04-00.56.55:490][  0]LogConfig: Setting CVar [[r.SkyAtmosphere.MultiScatteringLUT.SampleCount:15.0]]
[2020.07.04-00.56.55:490][  0]LogConfig: Applying CVar settings from Section [FoliageQuality@3] File [C:/Users/boudo/Documents/Unreal Projects/firstproject_2/Saved/Config/Windows/Scalability.ini]
[2020.07.04-00.56.55:490][  0]LogConfig: Setting CVar [[foliage.DensityScale:1.0]]
[2020.07.04-00.56.55:490][  0]LogConfig: Setting CVar [[grass.DensityScale:1.0]]
[2020.07.04-00.56.55:490][  0]LogConfig: Applying CVar settings from Section [ShadingQuality@3] File [C:/Users/boudo/Documents/Unreal Projects/firstproject_2/Saved/Config/Windows/Scalability.ini]
[2020.07.04-00.56.55:490][  0]LogConfig: Setting CVar [[r.HairStrands.SkyLighting.SampleCount:16]]
[2020.07.04-00.56.55:490][  0]LogConfig: Setting CVar [[r.HairStrands.SkyLighting.JitterIntegration:0]]
[2020.07.04-00.56.55:491][  0]LogConfig: Setting CVar [[r.HairStrands.SkyAO.SampleCount:16]]
[2020.07.04-00.56.55:491][  0]LogConfig: Applying CVar settings from Section [Startup] File [../../../Engine/Config/ConsoleVariables.ini]
[2020.07.04-00.56.55:491][  0]LogConfig: Setting CVar [[net.UseAdaptiveNetUpdateFrequency:0]]
[2020.07.04-00.56.55:491][  0]LogConfig: Setting CVar [[p.chaos.AllowCreatePhysxBodies:1]]
[2020.07.04-00.56.55:491][  0]LogConfig: Applying CVar settings from Section [ConsoleVariables] File [C:/Users/boudo/Documents/Unreal Projects/firstproject_2/Saved/Config/Windows/Engine.ini]
[2020.07.04-00.56.55:491][  0]LogInit: Computer: MSI
[2020.07.04-00.56.55:491][  0]LogInit: User: boudo
[2020.07.04-00.56.55:491][  0]LogInit: CPU Page size=4096, Cores=6
[2020.07.04-00.56.55:491][  0]LogInit: High frequency timer resolution =10.000000 MHz
[2020.07.04-00.56.55:492][  0]LogMemory: Memory total: Physical=31.8GB (32GB approx)
[2020.07.04-00.56.55:492][  0]LogMemory: Platform Memory Stats for Windows
[2020.07.04-00.56.55:492][  0]LogMemory: Process Physical Memory: 106.45 MB used, 106.45 MB peak
[2020.07.04-00.56.55:492][  0]LogMemory: Process Virtual Memory: 102.01 MB used, 102.01 MB peak
[2020.07.04-00.56.55:492][  0]LogMemory: Physical Memory: 11585.25 MB used,  21026.59 MB free, 32611.84 MB total
[2020.07.04-00.56.55:492][  0]LogMemory: Virtual Memory: 5158.97 MB used,  134212568.00 MB free, 134217728.00 MB total
[2020.07.04-00.56.55:823][  0]LogWindows: WindowsPlatformFeatures enabled
[2020.07.04-00.56.55:945][  0]LogInit: Using OS detected language (en-US).
[2020.07.04-00.56.55:945][  0]LogInit: Using OS detected locale (en-US).
[2020.07.04-00.56.55:946][  0]LogTextLocalizationManager: No specific localization for 'en-US' exists, so the 'en' localization will be used.
[2020.07.04-00.56.56:153][  0]LogInit: Setting process to per monitor DPI aware
[2020.07.04-00.56.56:193][  0]LogSlate: New Slate User Created.  User Index 0, Is Virtual User: 0
[2020.07.04-00.56.56:194][  0]LogSlate: Slate User Registered.  User Index 0, Is Virtual User: 0
[2020.07.04-00.56.56:408][  0]LogHMD: Failed to initialize OpenVR with code 110
[2020.07.04-00.56.56:408][  0]LogD3D11RHI: D3D11 min allowed feature level: 11_0
[2020.07.04-00.56.56:408][  0]LogD3D11RHI: D3D11 max allowed feature level: 11_0
[2020.07.04-00.56.56:408][  0]LogD3D11RHI: D3D11 adapters:
[2020.07.04-00.56.56:530][  0]LogD3D11RHI:    0. 'NVIDIA GeForce RTX 2060' (Feature Level 11_0)
[2020.07.04-00.56.56:530][  0]LogD3D11RHI:       5980/0/16305 MB DedicatedVideo/DedicatedSystem/SharedSystem, Outputs:1, VendorId:0x10de
[2020.07.04-00.56.56:567][  0]LogD3D11RHI:    1. 'Intel(R) UHD Graphics 630' (Feature Level 11_0)
[2020.07.04-00.56.56:567][  0]LogD3D11RHI:       128/0/16305 MB DedicatedVideo/DedicatedSystem/SharedSystem, Outputs:0, VendorId:0x8086
[2020.07.04-00.56.56:573][  0]LogD3D11RHI:    2. 'Microsoft Basic Render Driver' (Feature Level 11_0)
[2020.07.04-00.56.56:573][  0]LogD3D11RHI:       0/0/16305 MB DedicatedVideo/DedicatedSystem/SharedSystem, Outputs:0, VendorId:0x1414
[2020.07.04-00.56.56:573][  0]LogD3D11RHI: Chosen D3D11 Adapter: 0
[2020.07.04-00.56.56:628][  0]LogD3D11RHI: Creating new Direct3DDevice
[2020.07.04-00.56.56:628][  0]LogD3D11RHI:     GPU DeviceId: 0x1f15 (for the marketing name, search the web for "GPU Device Id")
[2020.07.04-00.56.56:629][  0]LogWindows: EnumDisplayDevices:
[2020.07.04-00.56.56:629][  0]LogWindows:    0. 'Intel(R) UHD Graphics 630' (P:1 D:1)
[2020.07.04-00.56.56:629][  0]LogWindows:    1. 'Intel(R) UHD Graphics 630' (P:0 D:0)
[2020.07.04-00.56.56:630][  0]LogWindows:    2. 'Intel(R) UHD Graphics 630' (P:0 D:0)
[2020.07.04-00.56.56:631][  0]LogWindows:    3. 'NVIDIA GeForce RTX 2060' (P:0 D:0)
[2020.07.04-00.56.56:631][  0]LogWindows: DebugString: PrimaryIsNotTheChoosenAdapter PrimaryIsNotTheChoosenAdapter PrimaryIsNotTheChoosenAdapter 
[2020.07.04-00.56.56:631][  0]LogD3D11RHI:     Adapter Name: NVIDIA GeForce RTX 2060
[2020.07.04-00.56.56:631][  0]LogD3D11RHI:   Driver Version: 445.87 (internal:26.21.14.4587, unified:445.87)
[2020.07.04-00.56.56:631][  0]LogD3D11RHI:      Driver Date: 4-3-2020
[2020.07.04-00.56.56:631][  0]LogRHI: Texture pool is 4186 MB (70% of 5980 MB)
[2020.07.04-00.56.56:702][  0]LogD3D11RHI: RHI has support for 64 bit atomics
[2020.07.04-00.56.56:702][  0]LogD3D11RHI: Async texture creation enabled
[2020.07.04-00.56.56:715][  0]LogD3D11RHI: GPU Timing Frequency: 1000.000000 (Debug: 2 1)
[2020.07.04-00.56.57:025][  0]LogTargetPlatformManager: Display: Loaded TargetPlatform 'AllDesktop'
[2020.07.04-00.56.57:080][  0]LogTargetPlatformManager: Display: Loaded TargetPlatform 'Android'
[2020.07.04-00.56.57:080][  0]LogTargetPlatformManager: Display: Loaded TargetPlatform 'Android_ASTC'
[2020.07.04-00.56.57:081][  0]LogTargetPlatformManager: Display: Loaded TargetPlatform 'Android_ATC'
[2020.07.04-00.56.57:081][  0]LogTargetPlatformManager: Display: Loaded TargetPlatform 'Android_DXT'
[2020.07.04-00.56.57:081][  0]LogTargetPlatformManager: Display: Loaded TargetPlatform 'Android_ETC1'
[2020.07.04-00.56.57:081][  0]LogTargetPlatformManager: Display: Loaded TargetPlatform 'Android_ETC1a'
[2020.07.04-00.56.57:081][  0]LogTargetPlatformManager: Display: Loaded TargetPlatform 'Android_ETC2'
[2020.07.04-00.56.57:081][  0]LogTargetPlatformManager: Display: Loaded TargetPlatform 'Android_PVRTC'
[2020.07.04-00.56.57:081][  0]LogTargetPlatformManager: Display: Loaded TargetPlatform 'AndroidClient'
[2020.07.04-00.56.57:081][  0]LogTargetPlatformManager: Display: Loaded TargetPlatform 'Android_ASTCClient'
[2020.07.04-00.56.57:082][  0]LogTargetPlatformManager: Display: Loaded TargetPlatform 'Android_ATCClient'
[2020.07.04-00.56.57:082][  0]LogTargetPlatformManager: Display: Loaded TargetPlatform 'Android_DXTClient'
[2020.07.04-00.56.57:082][  0]LogTargetPlatformManager: Display: Loaded TargetPlatform 'Android_ETC1Client'
[2020.07.04-00.56.57:082][  0]LogTargetPlatformManager: Display: Loaded TargetPlatform 'Android_ETC1aClient'
[2020.07.04-00.56.57:082][  0]LogTargetPlatformManager: Display: Loaded TargetPlatform 'Android_ETC2Client'
[2020.07.04-00.56.57:082][  0]LogTargetPlatformManager: Display: Loaded TargetPlatform 'Android_PVRTCClient'
[2020.07.04-00.56.57:082][  0]LogTargetPlatformManager: Display: Loaded TargetPlatform 'Android_Multi'
[2020.07.04-00.56.57:082][  0]LogTargetPlatformManager: Display: Loaded TargetPlatform 'Android_MultiClient'
[2020.07.04-00.56.57:138][  0]LogTargetPlatformManager: Display: Loaded TargetPlatform 'IOSClient'
[2020.07.04-00.56.57:138][  0]LogTargetPlatformManager: Display: Loaded TargetPlatform 'IOS'
[2020.07.04-00.56.57:184][  0]LogTargetPlatformManager: Display: Loaded TargetPlatform 'Lumin'
[2020.07.04-00.56.57:184][  0]LogTargetPlatformManager: Display: Loaded TargetPlatform 'LuminClient'
[2020.07.04-00.56.57:215][  0]LogTargetPlatformManager: Display: Loaded TargetPlatform 'TVOSClient'
[2020.07.04-00.56.57:215][  0]LogTargetPlatformManager: Display: Loaded TargetPlatform 'TVOS'
[2020.07.04-00.56.57:238][  0]LogTargetPlatformManager: Display: Loaded TargetPlatform 'WindowsNoEditor'
[2020.07.04-00.56.57:262][  0]LogTargetPlatformManager: Display: Loaded TargetPlatform 'Windows'
[2020.07.04-00.56.57:286][  0]LogTargetPlatformManager: Display: Loaded TargetPlatform 'WindowsClient'
[2020.07.04-00.56.57:309][  0]LogTargetPlatformManager: Display: Loaded TargetPlatform 'WindowsServer'
[2020.07.04-00.56.57:332][  0]LogTargetPlatformManager: Display: Loaded TargetPlatform 'XXX'
[2020.07.04-00.56.57:332][  0]LogTargetPlatformManager: Display: Building Assets For Windows
[2020.07.04-00.56.57:365][  0]LogAudioDebug: Display: Lib vorbis DLL was dynamically loaded.
[2020.07.04-00.56.57:546][  0]LogShaderCompilers: Guid format shader working directory is -13 characters bigger than the processId version (../../../../../../Documents/Unreal Projects/firstproject_2/Intermediate/Shaders/WorkingDirectory/22620/).
[2020.07.04-00.56.57:546][  0]LogShaderCompilers: Cleaned the shader compiler working directory 'C:/Users/boudo/AppData/Local/Temp/UnrealShaderWorkingDir/9D7C2B2E420C71FFB2256CA671911F8C/'.
[2020.07.04-00.56.57:546][  0]LogXGEController: Cleaning working directory: C:/Users/boudo/AppData/Local/Temp/UnrealXGEWorkingDir/
[2020.07.04-00.56.57:547][  0]LogXGEController: Cannot use XGE Controller as Incredibuild is not installed on this machine.
[2020.07.04-00.56.57:547][  0]LogShaderCompilers: Cannot use XGE Shader Compiler as Incredibuild is not installed on this machine.
[2020.07.04-00.56.57:547][  0]LogShaderCompilers: Display: Using Local Shader Compiler.
[2020.07.04-00.56.58:501][  0]LogDerivedDataCache: Display: Max Cache Size: 512 MB
[2020.07.04-00.56.58:581][  0]LogDerivedDataCache: Loaded boot cache 0.08s 100MB ../../../../../../Documents/Unreal Projects/firstproject_2/DerivedDataCache/Boot.ddc.
[2020.07.04-00.56.58:582][  0]LogDerivedDataCache: Display: Loaded Boot cache: ../../../../../../Documents/Unreal Projects/firstproject_2/DerivedDataCache/Boot.ddc
[2020.07.04-00.56.58:582][  0]LogDerivedDataCache: FDerivedDataBackendGraph:  Pak pak cache file ../../../../../../Documents/Unreal Projects/firstproject_2/DerivedDataCache/DDC.ddp not found, will not use a pak cache.
[2020.07.04-00.56.58:582][  0]LogDerivedDataCache: Unable to find inner node Pak for hierarchical cache Hierarchy.
[2020.07.04-00.56.58:582][  0]LogDerivedDataCache: FDerivedDataBackendGraph:  EnginePak pak cache file ../../../Engine/DerivedDataCache/DDC.ddp not found, will not use a pak cache.
[2020.07.04-00.56.58:583][  0]LogDerivedDataCache: Unable to find inner node EnginePak for hierarchical cache Hierarchy.
[2020.07.04-00.56.58:586][  0]LogDerivedDataCache: Using Local data cache path ../../../Engine/DerivedDataCache: Writable
[2020.07.04-00.56.58:586][  0]LogDerivedDataCache: Shared data cache path not found in *engine.ini, will not use an Shared cache.
[2020.07.04-00.56.58:586][  0]LogDerivedDataCache: Unable to find inner node Shared for hierarchical cache Hierarchy.
[2020.07.04-00.56.58:622][  0]LogMaterial: Verifying Global Shaders for PCD3D_SM5
[2020.07.04-00.56.58:625][  0]LogSlate: Using FreeType 2.10.0
[2020.07.04-00.56.58:626][  0]LogSlate: SlateFontServices - WITH_FREETYPE: 1, WITH_HARFBUZZ: 1
[2020.07.04-00.56.58:701][  0]LogAssetRegistry: FAssetRegistry took 0.0062 seconds to start up
[2020.07.04-00.56.59:078][  0]LogInit: Selected Device Profile: [Windows]
[2020.07.04-00.56.59:407][  0]LogMeshReduction: Using QuadricMeshReduction for automatic static mesh reduction
[2020.07.04-00.56.59:407][  0]LogMeshReduction: Using SimplygonMeshReduction for automatic skeletal mesh reduction
[2020.07.04-00.56.59:407][  0]LogMeshReduction: Using ProxyLODMeshReduction for automatic mesh merging
[2020.07.04-00.56.59:407][  0]LogMeshReduction: No distributed automatic mesh merging module available
[2020.07.04-00.56.59:408][  0]LogMeshMerging: No distributed automatic mesh merging module available
[2020.07.04-00.56.59:423][  0]LogNetVersion: firstproject_2 1.0.0, NetCL: 0, EngineNetVer: 13, GameNetVer: 0 (Checksum: 3456046598)
[2020.07.04-00.57.00:125][  0]LogStreaming: Warning: Failed to read file '../../../Engine/Platforms/XXX/Engine/Content/Launcher/Platform_XXX_24x.png' error.
[2020.07.04-00.57.00:126][  0]LogSlate: Could not find file for Slate resource: ../../../Engine/Platforms/XXX/Engine/Content/Launcher/Platform_XXX_24x.png
[2020.07.04-00.57.00:126][  0]LogStreaming: Warning: Failed to read file '../../../Engine/Platforms/XXX/Engine/Content/Launcher/Platform_XXX_128x.png' error.
[2020.07.04-00.57.00:126][  0]LogSlate: Could not find file for Slate resource: ../../../Engine/Platforms/XXX/Engine/Content/Launcher/Platform_XXX_128x.png
[2020.07.04-00.57.00:126][  0]LogStreaming: Warning: Failed to read file '../../../Engine/Platforms/XXX/Engine/Content/Launcher/Platform_XXX_128x.png' error.
[2020.07.04-00.57.00:126][  0]LogSlate: Could not find file for Slate resource: ../../../Engine/Platforms/XXX/Engine/Content/Launcher/Platform_XXX_128x.png
[2020.07.04-00.57.00:757][  0]LogPackageLocalizationCache: Processed 19 localized package path(s) for 1 prioritized culture(s) in 0.087583 seconds
[2020.07.04-00.57.00:766][  0]LogUObjectArray: 46729 objects as part of root set at end of initial load.
[2020.07.04-00.57.00:766][  0]LogUObjectAllocator: 8133432 out of 0 bytes used by permanent object pool.
[2020.07.04-00.57.00:766][  0]LogUObjectArray: CloseDisregardForGC: 0/0 objects in disregard for GC pool
[2020.07.04-00.57.02:225][  0]LogTcpMessaging: Initializing TcpMessaging bridge
[2020.07.04-00.57.02:238][  0]LogUdpMessaging: Initializing bridge on interface 0.0.0.0:0 to multicast group 230.0.0.1:6666.
[2020.07.04-00.57.02:881][  0]SourceControl: Source control is disabled
[2020.07.04-00.57.02:882][  0]SourceControl: Source control is disabled
[2020.07.04-00.57.02:895][  0]SourceControl: Source control is disabled
[2020.07.04-00.57.02:909][  0]SourceControl: Source control is disabled
[2020.07.04-00.57.02:919][  0]SourceControl: Source control is disabled
[2020.07.04-00.57.04:098][  0]LogAndroidPermission: UAndroidPermissionCallbackProxy::GetInstance
[2020.07.04-00.57.04:180][  0]LogAudioCaptureCore: Display: No Audio Capture implementations found. Audio input will be silent.
[2020.07.04-00.57.04:180][  0]LogAudioCaptureCore: Display: No Audio Capture implementations found. Audio input will be silent.
[2020.07.04-00.57.04:337][  0]LogOcInput: OculusInput pre-init called
[2020.07.04-00.57.04:376][  0]LogWindows: Failed to load 'OVRPlugin.dll' (GetLastError=126)
[2020.07.04-00.57.04:376][  0]LogWindows: File 'OVRPlugin.dll' does not exist
[2020.07.04-00.57.04:527][  0]LogEngine: Initializing Engine...
[2020.07.04-00.57.04:528][  0]LogHMD: Failed to initialize OpenVR with code 110
[2020.07.04-00.57.04:530][  0]LogStats: UGameplayTagsManager::InitializeManager -  0.000 s
[2020.07.04-00.57.04:944][  0]LogInit: Initializing FReadOnlyCVARCache
[2020.07.04-00.57.04:967][  0]LogAIModule: Creating AISystem for world Untitled
[2020.07.04-00.57.05:004][  0]LogAudioMixer: Display: Audio Mixer Platform Settings:
[2020.07.04-00.57.05:004][  0]LogAudioMixer: Display: 	Sample Rate:						  48000
[2020.07.04-00.57.05:004][  0]LogAudioMixer: Display: 	Callback Buffer Frame Size Requested: 1024
[2020.07.04-00.57.05:004][  0]LogAudioMixer: Display: 	Callback Buffer Frame Size To Use:	  1024
[2020.07.04-00.57.05:004][  0]LogAudioMixer: Display: 	Number of buffers to queue:			  2
[2020.07.04-00.57.05:004][  0]LogAudioMixer: Display: 	Max Channels (voices):				  32
[2020.07.04-00.57.05:004][  0]LogAudioMixer: Display: 	Number of Async Source Workers:		  0
[2020.07.04-00.57.05:005][  0]LogAudio: Display: AudioDevice MaxSources: 32
[2020.07.04-00.57.05:005][  0]LogAudio: Display: Using built-in audio occlusion.
[2020.07.04-00.57.05:005][  0]LogAudioMixer: Display: Initializing audio mixer.
[2020.07.04-00.57.05:133][  0]LogAudioMixer: Display: Audio Device Output Speaker Info:
[2020.07.04-00.57.05:133][  0]LogAudioMixer: Display: Name: Speakers (Realtek(R) Audio)
[2020.07.04-00.57.05:133][  0]LogAudioMixer: Display: Is Default: Yes
[2020.07.04-00.57.05:133][  0]LogAudioMixer: Display: Sample Rate: 48000
[2020.07.04-00.57.05:133][  0]LogAudioMixer: Display: Channel Count Used: 8
[2020.07.04-00.57.05:133][  0]LogAudioMixer: Display: Device Channel Count: 8
[2020.07.04-00.57.05:133][  0]LogAudioMixer: Display: Channel Order:
[2020.07.04-00.57.05:133][  0]LogAudioMixer: Display: 0: FrontLeft
[2020.07.04-00.57.05:134][  0]LogAudioMixer: Display: 1: FrontRight
[2020.07.04-00.57.05:134][  0]LogAudioMixer: Display: 2: FrontCenter
[2020.07.04-00.57.05:134][  0]LogAudioMixer: Display: 3: LowFrequency
[2020.07.04-00.57.05:134][  0]LogAudioMixer: Display: 4: BackLeft
[2020.07.04-00.57.05:134][  0]LogAudioMixer: Display: 5: BackRight
[2020.07.04-00.57.05:134][  0]LogAudioMixer: Display: 6: SideLeft
[2020.07.04-00.57.05:134][  0]LogAudioMixer: Display: 7: SideRight
[2020.07.04-00.57.05:434][  0]LogAudioMixer: Display: Using Audio Device Speakers (Realtek(R) Audio)
[2020.07.04-00.57.05:439][  0]LogInit: FAudioDevice initialized.
[2020.07.04-00.57.05:439][  0]LogNetVersion: Set ProjectVersion to 1.0.0.0. Version Checksum will be recalculated on next use.
[2020.07.04-00.57.05:508][  0]LogDerivedDataCache: Saved boot cache 0.07s 100MB ../../../../../../Documents/Unreal Projects/firstproject_2/DerivedDataCache/Boot.ddc.
[2020.07.04-00.57.05:510][  0]LogInit: Texture streaming: Enabled
[2020.07.04-00.57.05:551][  0]LogEngineSessionManager: EngineSessionManager initialized
[2020.07.04-00.57.05:552][  0]LogEditorSessionSummary: Verbose: Initializing EditorSessionSummaryWriter for editor session tracking
[2020.07.04-00.57.05:555][  0]LogEditorSessionSummary: EditorSessionSummaryWriter initialized
[2020.07.04-00.57.05:621][  0]LogInit: Transaction tracking system initialized
[2020.07.04-00.57.05:708][  0]BlueprintLog: New page: Editor Load
[2020.07.04-00.57.05:952][  0]LocalizationService: Localization service is disabled
[2020.07.04-00.57.06:534][  0]LogFileCache: Scanning file cache for directory 'C:/Users/boudo/Documents/Unreal Projects/firstproject_2/Content/' took 0.01s
[2020.07.04-00.57.06:534][  0]LogCook: Display: Max memory allowance for cook 16384mb min free memory 0mb
[2020.07.04-00.57.06:534][  0]LogCook: Display: Mobile HDR setting 1
[2020.07.04-00.57.07:531][  0]LogStreaming: Warning: Failed to read file '../../../Engine/Platforms/XXX/Engine/Content/Launcher/Platform_XXX_24x.png' error.
[2020.07.04-00.57.07:531][  0]LogSlate: Could not find file for Slate resource: ../../../Engine/Platforms/XXX/Engine/Content/Launcher/Platform_XXX_24x.png
[2020.07.04-00.57.07:531][  0]LogStreaming: Warning: Failed to read file '../../../Engine/Platforms/XXX/Engine/Content/Launcher/Platform_XXX_128x.png' error.
[2020.07.04-00.57.07:531][  0]LogSlate: Could not find file for Slate resource: ../../../Engine/Platforms/XXX/Engine/Content/Launcher/Platform_XXX_128x.png
[2020.07.04-00.57.07:532][  0]LogStreaming: Warning: Failed to read file '../../../Engine/Platforms/XXX/Engine/Content/Launcher/Platform_XXX_128x.png' error.
[2020.07.04-00.57.07:532][  0]LogSlate: Could not find file for Slate resource: ../../../Engine/Platforms/XXX/Engine/Content/Launcher/Platform_XXX_128x.png
[2020.07.04-00.57.07:848][  0]SourceControl: Source control is disabled
[2020.07.04-00.57.07:849][  0]Cmd: MAP LOAD FILE="../../../../../../Documents/Unreal Projects/firstproject_2/Content/FirstPersonCPP/Maps/FirstPersonExampleMap.umap" TEMPLATE=0 SHOWPROGRESS=1 FEATURELEVEL=3
[2020.07.04-00.57.07:849][  0]LightingResults: New page: Lighting Build
[2020.07.04-00.57.07:850][  0]LogWorld: UWorld::CleanupWorld for Untitled, bSessionEnded=true, bCleanupResources=true
[2020.07.04-00.57.07:850][  0]LogSlate: InvalidateAllWidgets triggered.  All widgets were invalidated
[2020.07.04-00.57.07:851][  0]MapCheck: New page: Map Check
[2020.07.04-00.57.07:851][  0]LightingResults: New page: Lighting Build
[2020.07.04-00.57.07:895][  0]LogUObjectHash: Compacting FUObjectHashTables data took   2.93ms
[2020.07.04-00.57.08:005][  0]LogAIModule: Creating AISystem for world FirstPersonExampleMap
[2020.07.04-00.57.08:010][  0]LogMaterial: Display: Material /Game/StarterContent/Materials/M_CobbleStone_Smooth.M_CobbleStone_Smooth needed to have new flag set bUsedWithInstancedStaticMeshes !
[2020.07.04-00.57.08:026][  0]LogMaterial: Display: Missing cached shader map for material M_CobbleStone_Smooth, compiling. 
[2020.07.04-00.57.08:132][  0]MapCheck: Warning: M_CobbleStone_Smooth Material /Game/StarterContent/Materials/M_CobbleStone_Smooth.M_CobbleStone_Smooth was missing the usage flag bUsedWithInstancedStaticMeshes. If the material asset is not re-saved, it may not render correctly when run outside the editor. Fix
[2020.07.04-00.57.08:135][  0]LogSlate: New Slate User Created.  User Index 8, Is Virtual User: 1
[2020.07.04-00.57.08:135][  0]LogSlate: Slate User Registered.  User Index 8, Is Virtual User: 1
[2020.07.04-00.57.08:142][  0]LogShaderCompilers: Display: Worker (1/9): shaders left to compile 47
[2020.07.04-00.57.08:142][  0]LogShaderCompilers: Display: Worker (2/9): shaders left to compile 41
[2020.07.04-00.57.08:142][  0]LogShaderCompilers: Display: Worker (3/9): shaders left to compile 35
[2020.07.04-00.57.08:142][  0]LogShaderCompilers: Display: Worker (4/9): shaders left to compile 29
[2020.07.04-00.57.08:142][  0]LogShaderCompilers: Display: Worker (5/9): shaders left to compile 23
[2020.07.04-00.57.08:143][  0]LogShaderCompilers: Display: Worker (6/9): shaders left to compile 17
[2020.07.04-00.57.08:143][  0]LogShaderCompilers: Display: Worker (7/9): shaders left to compile 11
[2020.07.04-00.57.08:143][  0]LogShaderCompilers: Display: Worker (8/9): shaders left to compile 5
[2020.07.04-00.57.08:143][  0]LogEditorServer: Finished looking for orphan Actors (0.000 secs)
[2020.07.04-00.57.08:192][  0]LogUObjectHash: Compacting FUObjectHashTables data took   2.80ms
[2020.07.04-00.57.08:193][  0]Cmd: MAP CHECKDEP NOCLEARLOG
[2020.07.04-00.57.08:193][  0]MapCheck: Map check complete: 0 Error(s), 1 Warning(s), took 0.16ms to complete.
[2020.07.04-00.57.08:232][  0]LogFileHelpers: Loading map 'FirstPersonExampleMap' took 0.384
[2020.07.04-00.57.08:409][  0]LogSlate: Updating window title bar state: overlay mode, drag disabled, window buttons hidden, title bar hidden
[2020.07.04-00.57.08:424][  0]LogSlate: Updating window title bar state: overlay mode, drag disabled, window buttons hidden, title bar hidden
[2020.07.04-00.57.08:438][  0]LogSlate: Updating window title bar state: overlay mode, drag disabled, window buttons hidden, title bar hidden
[2020.07.04-00.57.08:451][  0]LogSlate: Updating window title bar state: overlay mode, drag disabled, window buttons hidden, title bar hidden
[2020.07.04-00.57.08:472][  0]LogCollectionManager: Loaded 0 collections in 0.005123 seconds
[2020.07.04-00.57.08:504][  0]LogFileCache: Scanning file cache for directory 'C:/Users/boudo/Documents/Unreal Projects/firstproject_2/Saved/Collections/' took 0.00s
[2020.07.04-00.57.08:504][  0]LogFileCache: Scanning file cache for directory 'C:/Users/boudo/Documents/Unreal Projects/firstproject_2/Content/Developers/boudo/Collections/' took 0.00s
[2020.07.04-00.57.08:504][  0]LogFileCache: Scanning file cache for directory 'C:/Users/boudo/Documents/Unreal Projects/firstproject_2/Content/Collections/' took 0.00s
[2020.07.04-00.57.08:504][  0]LogContentBrowser: Native class hierarchy populated in 0.0151 seconds. Added 3272 classes and 784 folders.
[2020.07.04-00.57.08:510][  0]LogContentBrowser: Native class hierarchy updated for 'WidgetCarousel' in 0.0008 seconds. Added 0 classes and 0 folders.
[2020.07.04-00.57.08:611][  0]LogContentBrowser: Native class hierarchy updated for 'AddContentDialog' in 0.0007 seconds. Added 0 classes and 0 folders.
[2020.07.04-00.57.08:620][  0]LogContentBrowser: Native class hierarchy updated for 'SceneOutliner' in 0.0009 seconds. Added 2 classes and 0 folders.
[2020.07.04-00.57.08:714][  0]LogSlate: Took 0.000291 seconds to synchronously load lazily loaded font '../../../Engine/Content/Slate/Fonts/Roboto-Regular.ttf' (155K)
[2020.07.04-00.57.08:718][  0]LogSlate: Took 0.000215 seconds to synchronously load lazily loaded font '../../../Engine/Content/Slate/Fonts/Roboto-Bold.ttf' (160K)
[2020.07.04-00.57.08:727][  0]LogSlate: Took 0.000205 seconds to synchronously load lazily loaded font '../../../Engine/Content/Editor/Slate/Fonts/FontAwesome.ttf' (139K)
[2020.07.04-00.57.08:863][  0]LogRenderer: Reallocating scene render targets to support 868x432 Format 10 NumSamples 1 (Frame:1).
[2020.07.04-00.57.09:089][  0]LogContentBrowser: Native class hierarchy updated for 'HierarchicalLODOutliner' in 0.0008 seconds. Added 0 classes and 0 folders.
[2020.07.04-00.57.09:090][  0]LogLoad: (Engine Initialization) Total time: 15.55 seconds
[2020.07.04-00.57.09:090][  0]LogLoad: (Engine Initialization) Total Blueprint compile time: 0.00 seconds
[2020.07.04-00.57.09:163][  0]LogContentStreaming: Texture pool size now 1000 MB
[2020.07.04-00.57.09:227][  0]LogSlate: Took 0.000297 seconds to synchronously load lazily loaded font '../../../Engine/Content/Slate/Fonts/Roboto-Light.ttf' (167K)
[2020.07.04-00.57.09:335][  1]LogAssetRegistry: Asset discovery search completed in 10.6388 seconds
[2020.07.04-00.57.09:350][  1]LogCollectionManager: Fixed up redirectors for 0 collections in 0.000019 seconds (updated 0 objects)
[2020.07.04-00.57.44:850][879]LogSlate: Took 0.000137 seconds to synchronously load lazily loaded font '../../../Engine/Content/Slate/Fonts/Roboto-Light.ttf' (167K)
[2020.07.04-00.57.44:909][879]Candidate modules for hot reload:
[2020.07.04-00.57.44:909][879]  DmapModule
[2020.07.04-00.57.44:910][879]Building UnrealBuildTool...
[2020.07.04-00.57.44:910][879]Building UnrealBuildTool in C:/Users/boudo/Desktop/unreal/UnrealEngine/...
[2020.07.04-00.57.44:910][879]Running: C:\Program Files (x86)\Microsoft Visual Studio\2017\Community\MSBuild\15.0\bin\MSBuild.exe /nologo /verbosity:quiet "C:/Users/boudo/Desktop/unreal/UnrealEngine/Engine/Source/Programs/UnrealBuildTool/UnrealBuildTool.csproj" /property:Configuration=Development /property:Platform=AnyCPU
[2020.07.04-00.57.45:407][879]Launching UnrealBuildTool... [C:/Users/boudo/Desktop/unreal/UnrealEngine/Engine/Binaries/DotNET/UnrealBuildTool.exe  -ModuleWithSuffix=DmapModule,7175 Win64 Development -TargetType=Editor -Project="C:/Users/boudo/Documents/Unreal Projects/firstproject_2/firstproject_2.uproject" "C:/Users/boudo/Documents/Unreal Projects/firstproject_2/firstproject_2.uproject"  -IgnoreJunk]
[2020.07.04-00.57.50:501][879]CompilerResultsLog: New page: Compilation - Jul 3, 2020, 9:57:50 AM
[2020.07.04-00.57.50:501][879]CompilerResultsLog: Using 'git status' to determine working set for adaptive non-unity build (C:\Users\boudo\Desktop\unreal\UnrealEngine).
[2020.07.04-00.57.50:501][879]CompilerResultsLog: Using 'git status' to determine working set for adaptive non-unity build (C:\Users\boudo\Documents\Unreal Projects).
[2020.07.04-00.57.50:501][879]CompilerResultsLog: Waiting for 'git status' command to complete
[2020.07.04-00.57.50:501][879]CompilerResultsLog: Building firstproject_2Editor...
[2020.07.04-00.57.50:501][879]CompilerResultsLog: Using Visual Studio 2017 14.16.27039 toolchain (C:\Program Files (x86)\Microsoft Visual Studio\2017\Community\VC\Tools\MSVC\14.16.27023) and Windows 10.0.18362.0 SDK (C:\Program Files (x86)\Windows Kits\10).
[2020.07.04-00.57.50:501][879]CompilerResultsLog: [Adaptive unity build] Excluded from DmapModule unity file: MapController.cpp, Octree.cpp
[2020.07.04-00.57.50:502][879]CompilerResultsLog: [Adaptive unity build] Excluded from DmapModule.gen unity file: DmapModule.init.gen.cpp, MapController.gen.cpp
[2020.07.04-00.57.50:502][879]CompilerResultsLog: Building 3 actions with 12 processes...
[2020.07.04-00.57.50:502][879]CompilerResultsLog:   [1/3] UE4Editor-DmapModule-7175.lib
[2020.07.04-00.57.50:502][879]CompilerResultsLog:      Creating library C:\Users\boudo\Documents\Unreal Projects\firstproject_2\Plugins\DmapModule\Intermediate\Build\Win64\UE4Editor\Development\DmapModule\UE4Editor-DmapModule-7175.lib and object C:\Users\boudo\Documents\Unreal Projects\firstproject_2\Plugins\DmapModule\Intermediate\Build\Win64\UE4Editor\Development\DmapModule\UE4Editor-DmapModule-7175.exp
[2020.07.04-00.57.50:502][879]CompilerResultsLog:   [2/3] UE4Editor-DmapModule-7175.dll
[2020.07.04-00.57.50:502][879]CompilerResultsLog:      Creating library C:\Users\boudo\Documents\Unreal Projects\firstproject_2\Plugins\DmapModule\Intermediate\Build\Win64\UE4Editor\Development\DmapModule\UE4Editor-DmapModule-7175.suppressed.lib and object C:\Users\boudo\Documents\Unreal Projects\firstproject_2\Plugins\DmapModule\Intermediate\Build\Win64\UE4Editor\Development\DmapModule\UE4Editor-DmapModule-7175.suppressed.exp
[2020.07.04-00.57.50:502][879]CompilerResultsLog:   [3/3] firstproject_2Editor.target
[2020.07.04-00.57.50:502][879]CompilerResultsLog: Total time in Parallel executor: 1.62 seconds
[2020.07.04-00.57.50:503][879]CompilerResultsLog: Total execution time: 4.98 seconds
[2020.07.04-00.57.50:503][879]LogMainFrame: MainFrame: Module compiling took 5.608 seconds
[2020.07.04-00.57.50:544][879]LogUObjectHash: Compacting FUObjectHashTables data took   0.84ms
[2020.07.04-00.57.50:586][879]LogContentBrowser: Native class hierarchy updated for 'DmapModule' in 0.0005 seconds. Added 6 classes and 3 folders.
[2020.07.04-00.57.50:590][879]Display: HotReload successful (4 functions remapped  0 scriptstructs remapped)
[2020.07.04-00.57.50:702][879]LogUObjectHash: Compacting FUObjectHashTables data took   1.71ms
[2020.07.04-00.57.50:721][879]LogContentBrowser: Native class hierarchy populated in 0.0114 seconds. Added 3272 classes and 784 folders.
[2020.07.04-00.57.50:721][879]Display: HotReload took  5.9s.
[2020.07.04-00.57.50:732][879]Warning: HotReload operation took  5.9s.
[2020.07.04-00.57.53:028][ 13]LogTemp: Repeating last play command: Selected Viewport
[2020.07.04-00.57.53:047][ 13]LogBlueprintUserMessages: Early PlayInEditor Detection: Level '/Game/FirstPersonCPP/Maps/FirstPersonExampleMap.FirstPersonExampleMap:PersistentLevel' has LevelScriptBlueprint '/Game/FirstPersonCPP/Maps/FirstPersonExampleMap.FirstPersonExampleMap:PersistentLevel.FirstPersonExampleMap' with GeneratedClass '/Game/FirstPersonCPP/Maps/FirstPersonExampleMap.FirstPersonExampleMap_C' with ClassGeneratedBy '/Game/FirstPersonCPP/Maps/FirstPersonExampleMap.FirstPersonExampleMap:PersistentLevel.FirstPersonExampleMap'
[2020.07.04-00.57.53:047][ 13]LogPlayLevel: PlayLevel: No blueprints needed recompiling
[2020.07.04-00.57.53:047][ 13]PIE: New page: PIE session: FirstPersonExampleMap (Jul 3, 2020, 9:57:53 AM)
[2020.07.04-00.57.53:050][ 13]LogOnline: OSS: Creating online subsystem instance for: NULL
[2020.07.04-00.57.53:052][ 13]LogOnline: OSS: TryLoadSubsystemAndSetDefault: Loaded subsystem for module [NULL]
[2020.07.04-00.57.53:053][ 13]LogPlayLevel: Creating play world package: /Game/FirstPersonCPP/Maps/UEDPIE_0_FirstPersonExampleMap
[2020.07.04-00.57.53:070][ 13]LogPlayLevel: PIE: StaticDuplicateObject took: (0.017085s)
[2020.07.04-00.57.53:072][ 13]LogAIModule: Creating AISystem for world FirstPersonExampleMap
[2020.07.04-00.57.53:073][ 13]LogPlayLevel: PIE: World Init took: (0.002149s)
[2020.07.04-00.57.53:073][ 13]LogPlayLevel: PIE: Created PIE world by copying editor world from /Game/FirstPersonCPP/Maps/FirstPersonExampleMap.FirstPersonExampleMap to /Game/FirstPersonCPP/Maps/UEDPIE_0_FirstPersonExampleMap.FirstPersonExampleMap (0.019972s)
[2020.07.04-00.57.53:123][ 13]LogUObjectHash: Compacting FUObjectHashTables data took   1.99ms
[2020.07.04-00.57.53:123][ 13]LogAudioMixer: Display: Audio Mixer Platform Settings:
[2020.07.04-00.57.53:125][ 13]LogAudioMixer: Display: 	Sample Rate:						  48000
[2020.07.04-00.57.53:125][ 13]LogAudioMixer: Display: 	Callback Buffer Frame Size Requested: 1024
[2020.07.04-00.57.53:125][ 13]LogAudioMixer: Display: 	Callback Buffer Frame Size To Use:	  1024
[2020.07.04-00.57.53:125][ 13]LogAudioMixer: Display: 	Number of buffers to queue:			  2
[2020.07.04-00.57.53:125][ 13]LogAudioMixer: Display: 	Max Channels (voices):				  32
[2020.07.04-00.57.53:126][ 13]LogAudioMixer: Display: 	Number of Async Source Workers:		  0
[2020.07.04-00.57.53:126][ 13]LogAudio: Display: AudioDevice MaxSources: 32
[2020.07.04-00.57.53:127][ 13]LogAudio: Display: Using built-in audio occlusion.
[2020.07.04-00.57.53:127][ 13]LogAudioMixer: Display: Initializing audio mixer.
[2020.07.04-00.57.53:139][ 13]LogAudioMixer: Display: Audio Device Output Speaker Info:
[2020.07.04-00.57.53:140][ 13]LogAudioMixer: Display: Name: Speakers (Realtek(R) Audio)
[2020.07.04-00.57.53:140][ 13]LogAudioMixer: Display: Is Default: Yes
[2020.07.04-00.57.53:140][ 13]LogAudioMixer: Display: Sample Rate: 48000
[2020.07.04-00.57.53:140][ 13]LogAudioMixer: Display: Channel Count Used: 8
[2020.07.04-00.57.53:140][ 13]LogAudioMixer: Display: Device Channel Count: 8
[2020.07.04-00.57.53:140][ 13]LogAudioMixer: Display: Channel Order:
[2020.07.04-00.57.53:140][ 13]LogAudioMixer: Display: 0: FrontLeft
[2020.07.04-00.57.53:141][ 13]LogAudioMixer: Display: 1: FrontRight
[2020.07.04-00.57.53:141][ 13]LogAudioMixer: Display: 2: FrontCenter
[2020.07.04-00.57.53:141][ 13]LogAudioMixer: Display: 3: LowFrequency
[2020.07.04-00.57.53:141][ 13]LogAudioMixer: Display: 4: BackLeft
[2020.07.04-00.57.53:141][ 13]LogAudioMixer: Display: 5: BackRight
[2020.07.04-00.57.53:141][ 13]LogAudioMixer: Display: 6: SideLeft
[2020.07.04-00.57.53:141][ 13]LogAudioMixer: Display: 7: SideRight
[2020.07.04-00.57.53:191][ 13]LogAudioMixer: Display: Using Audio Device Speakers (Realtek(R) Audio)
[2020.07.04-00.57.53:195][ 13]LogInit: FAudioDevice initialized.
[2020.07.04-00.57.53:210][ 13]LogLoad: Game class is 'firstproject_2GameMode'
[2020.07.04-00.57.53:213][ 13]LogWorld: Bringing World /Game/FirstPersonCPP/Maps/UEDPIE_0_FirstPersonExampleMap.FirstPersonExampleMap up for play (max tick rate 60) at 2020.07.03-16.57.53
[2020.07.04-00.57.53:214][ 13]LogWorld: Bringing up level for play took: 0.002137
[2020.07.04-00.57.53:214][ 13]LogOnline: OSS: Creating online subsystem instance for: :Context_2
[2020.07.04-00.57.53:274][ 13]LogContentBrowser: Native class hierarchy updated for 'MovieSceneCapture' in 0.0005 seconds. Added 20 classes and 0 folders.
[2020.07.04-00.57.53:277][ 13]PIE: Play in editor start time for /Game/FirstPersonCPP/Maps/UEDPIE_0_FirstPersonExampleMap 0.098
[2020.07.04-00.57.53:278][ 13]LogBlueprintUserMessages: Late PlayInEditor Detection: Level '/Game/FirstPersonCPP/Maps/FirstPersonExampleMap.FirstPersonExampleMap:PersistentLevel' has LevelScriptBlueprint '/Game/FirstPersonCPP/Maps/FirstPersonExampleMap.FirstPersonExampleMap:PersistentLevel.FirstPersonExampleMap' with GeneratedClass '/Game/FirstPersonCPP/Maps/FirstPersonExampleMap.FirstPersonExampleMap_C' with ClassGeneratedBy '/Game/FirstPersonCPP/Maps/FirstPersonExampleMap.FirstPersonExampleMap:PersistentLevel.FirstPersonExampleMap'
[2020.07.04-00.57.59:969][413]LogAudioMixer: Display: No commands were queued while flushing the source manager.
[2020.07.04-00.57.59:969][413]LogAudioMixer: Display: No commands were queued while flushing the source manager.
[2020.07.04-00.57.59:969][413]LogBlueprintUserMessages: Early EndPlayMap Detection: Level '/Game/FirstPersonCPP/Maps/FirstPersonExampleMap.FirstPersonExampleMap:PersistentLevel' has LevelScriptBlueprint '/Game/FirstPersonCPP/Maps/FirstPersonExampleMap.FirstPersonExampleMap:PersistentLevel.FirstPersonExampleMap' with GeneratedClass '/Game/FirstPersonCPP/Maps/FirstPersonExampleMap.FirstPersonExampleMap_C' with ClassGeneratedBy '/Game/FirstPersonCPP/Maps/FirstPersonExampleMap.FirstPersonExampleMap:PersistentLevel.FirstPersonExampleMap'
[2020.07.04-00.57.59:970][413]LogSlate: Updating window title bar state: overlay mode, drag disabled, window buttons hidden, title bar hidden
[2020.07.04-00.57.59:970][413]LogWorld: BeginTearingDown for /Game/FirstPersonCPP/Maps/UEDPIE_0_FirstPersonExampleMap
[2020.07.04-00.57.59:970][413]LogAudioMixer: Display: No commands were queued while flushing the source manager.
[2020.07.04-00.57.59:971][413]LogWorld: UWorld::CleanupWorld for FirstPersonExampleMap, bSessionEnded=true, bCleanupResources=true
[2020.07.04-00.57.59:973][413]LogSlate: InvalidateAllWidgets triggered.  All widgets were invalidated
[2020.07.04-00.57.59:988][413]LogPlayLevel: Display: Shutting down PIE online subsystems
[2020.07.04-00.57.59:989][413]LogBlueprintUserMessages: Late EndPlayMap Detection: Level '/Game/FirstPersonCPP/Maps/FirstPersonExampleMap.FirstPersonExampleMap:PersistentLevel' has LevelScriptBlueprint '/Game/FirstPersonCPP/Maps/FirstPersonExampleMap.FirstPersonExampleMap:PersistentLevel.FirstPersonExampleMap' with GeneratedClass '/Game/FirstPersonCPP/Maps/FirstPersonExampleMap.FirstPersonExampleMap_C' with ClassGeneratedBy '/Game/FirstPersonCPP/Maps/FirstPersonExampleMap.FirstPersonExampleMap:PersistentLevel.FirstPersonExampleMap'
[2020.07.04-00.57.59:993][413]LogSlate: InvalidateAllWidgets triggered.  All widgets were invalidated
[2020.07.04-00.58.00:041][413]LogAudioMixer: Display: No commands were queued while flushing the source manager.
[2020.07.04-00.58.00:060][413]LogSlate: Updating window title bar state: overlay mode, drag disabled, window buttons hidden, title bar hidden
[2020.07.04-00.58.00:066][413]LogUObjectHash: Compacting FUObjectHashTables data took   2.41ms
[2020.07.04-00.58.00:088][414]LogPlayLevel: Display: Destroying online subsystem :Context_2
[2020.07.04-00.58.22:138][760]LogTemp: Repeating last play command: Selected Viewport
[2020.07.04-00.58.22:153][760]LogBlueprintUserMessages: Early PlayInEditor Detection: Level '/Game/FirstPersonCPP/Maps/FirstPersonExampleMap.FirstPersonExampleMap:PersistentLevel' has LevelScriptBlueprint '/Game/FirstPersonCPP/Maps/FirstPersonExampleMap.FirstPersonExampleMap:PersistentLevel.FirstPersonExampleMap' with GeneratedClass '/Game/FirstPersonCPP/Maps/FirstPersonExampleMap.FirstPersonExampleMap_C' with ClassGeneratedBy '/Game/FirstPersonCPP/Maps/FirstPersonExampleMap.FirstPersonExampleMap:PersistentLevel.FirstPersonExampleMap'
[2020.07.04-00.58.22:153][760]LogPlayLevel: PlayLevel: No blueprints needed recompiling
[2020.07.04-00.58.22:153][760]PIE: New page: PIE session: FirstPersonExampleMap (Jul 3, 2020, 9:58:22 AM)
[2020.07.04-00.58.22:153][760]LogPlayLevel: Creating play world package: /Game/FirstPersonCPP/Maps/UEDPIE_0_FirstPersonExampleMap
[2020.07.04-00.58.22:166][760]LogPlayLevel: PIE: StaticDuplicateObject took: (0.012725s)
[2020.07.04-00.58.22:168][760]LogAIModule: Creating AISystem for world FirstPersonExampleMap
[2020.07.04-00.58.22:168][760]LogPlayLevel: PIE: World Init took: (0.001825s)
[2020.07.04-00.58.22:169][760]LogPlayLevel: PIE: Created PIE world by copying editor world from /Game/FirstPersonCPP/Maps/FirstPersonExampleMap.FirstPersonExampleMap to /Game/FirstPersonCPP/Maps/UEDPIE_0_FirstPersonExampleMap.FirstPersonExampleMap (0.015143s)
[2020.07.04-00.58.22:220][760]LogUObjectHash: Compacting FUObjectHashTables data took   2.08ms
[2020.07.04-00.58.22:220][760]LogAudioMixer: Display: Audio Mixer Platform Settings:
[2020.07.04-00.58.22:221][760]LogAudioMixer: Display: 	Sample Rate:						  48000
[2020.07.04-00.58.22:221][760]LogAudioMixer: Display: 	Callback Buffer Frame Size Requested: 1024
[2020.07.04-00.58.22:221][760]LogAudioMixer: Display: 	Callback Buffer Frame Size To Use:	  1024
[2020.07.04-00.58.22:221][760]LogAudioMixer: Display: 	Number of buffers to queue:			  2
[2020.07.04-00.58.22:221][760]LogAudioMixer: Display: 	Max Channels (voices):				  32
[2020.07.04-00.58.22:221][760]LogAudioMixer: Display: 	Number of Async Source Workers:		  0
[2020.07.04-00.58.22:222][760]LogAudio: Display: AudioDevice MaxSources: 32
[2020.07.04-00.58.22:222][760]LogAudio: Display: Using built-in audio occlusion.
[2020.07.04-00.58.22:222][760]LogAudioMixer: Display: Initializing audio mixer.
[2020.07.04-00.58.22:231][760]LogAudioMixer: Display: Audio Device Output Speaker Info:
[2020.07.04-00.58.22:231][760]LogAudioMixer: Display: Name: Speakers (Realtek(R) Audio)
[2020.07.04-00.58.22:231][760]LogAudioMixer: Display: Is Default: Yes
[2020.07.04-00.58.22:232][760]LogAudioMixer: Display: Sample Rate: 48000
[2020.07.04-00.58.22:232][760]LogAudioMixer: Display: Channel Count Used: 8
[2020.07.04-00.58.22:232][760]LogAudioMixer: Display: Device Channel Count: 8
[2020.07.04-00.58.22:232][760]LogAudioMixer: Display: Channel Order:
[2020.07.04-00.58.22:232][760]LogAudioMixer: Display: 0: FrontLeft
[2020.07.04-00.58.22:232][760]LogAudioMixer: Display: 1: FrontRight
[2020.07.04-00.58.22:232][760]LogAudioMixer: Display: 2: FrontCenter
[2020.07.04-00.58.22:232][760]LogAudioMixer: Display: 3: LowFrequency
[2020.07.04-00.58.22:233][760]LogAudioMixer: Display: 4: BackLeft
[2020.07.04-00.58.22:233][760]LogAudioMixer: Display: 5: BackRight
[2020.07.04-00.58.22:233][760]LogAudioMixer: Display: 6: SideLeft
[2020.07.04-00.58.22:233][760]LogAudioMixer: Display: 7: SideRight
[2020.07.04-00.58.22:283][760]LogAudioMixer: Display: Using Audio Device Speakers (Realtek(R) Audio)
[2020.07.04-00.58.22:287][760]LogInit: FAudioDevice initialized.
[2020.07.04-00.58.22:301][760]LogLoad: Game class is 'firstproject_2GameMode'
