Log file open, 07/03/20 16:25:53
LogWindows: Failed to load 'aqProf.dll' (GetLastError=126)
LogWindows: File 'aqProf.dll' does not exist
LogWindows: Failed to load 'VtuneApi.dll' (GetLastError=126)
LogWindows: File 'VtuneApi.dll' does not exist
LogWindows: Failed to load 'VtuneApi32e.dll' (GetLastError=126)
LogWindows: File 'VtuneApi32e.dll' does not exist
LogConsoleResponse: Display: Failed to find resolution value strings in scalability ini. Falling back to default.
LogInit: Display: Running engine for game: firstproject_2
LogPlatformFile: Not using cached read wrapper
LogTaskGraph: Started task graph with 5 named threads and 35 total threads with 3 sets of task threads.
LogStats: Stats thread started at 0.206392
LogD3D11RHI: Loaded GFSDK_Aftermath_Lib.x64.dll
LogICUInternationalization: ICU TimeZone Detection - Raw Offset: -8:00, Platform Override: ''
LogPluginManager: Mounting plugin Paper2D
LogPluginManager: Mounting plugin AISupport
LogPluginManager: Mounting plugin LightPropagationVolume
LogPluginManager: Mounting plugin ActorLayerUtilities
LogPluginManager: Mounting plugin AnimationSharing
LogPluginManager: Mounting plugin CLionSourceCodeAccess
LogPluginManager: Mounting plugin CodeLiteSourceCodeAccess
LogPluginManager: Mounting plugin GitSourceControl
LogPluginManager: Mounting plugin KDevelopSourceCodeAccess
LogPluginManager: Mounting plugin NullSourceCodeAccess
LogPluginManager: Mounting plugin PerforceSourceControl
LogPluginManager: Mounting plugin PlasticSourceControl
LogPluginManager: Mounting plugin SubversionSourceControl
LogPluginManager: Mounting plugin UObjectPlugin
LogPluginManager: Mounting plugin VisualStudioCodeSourceCodeAccess
LogPluginManager: Mounting plugin VisualStudioSourceCodeAccess
LogPluginManager: Mounting plugin XCodeSourceCodeAccess
LogPluginManager: Mounting plugin AssetManagerEditor
LogPluginManager: Mounting plugin CryptoKeys
LogPluginManager: Mounting plugin CurveEditorTools
LogPluginManager: Mounting plugin DataValidation
LogPluginManager: Mounting plugin EditorScriptingUtilities
LogPluginManager: Mounting plugin FacialAnimation
LogPluginManager: Mounting plugin GameplayTagsEditor
LogPluginManager: Mounting plugin MacGraphicsSwitching
LogPluginManager: Mounting plugin MaterialAnalyzer
LogPluginManager: Mounting plugin MeshEditor
LogPluginManager: Mounting plugin MobileLauncherProfileWizard
LogPluginManager: Mounting plugin PluginBrowser
LogPluginManager: Mounting plugin SpeedTreeImporter
LogPluginManager: Mounting plugin DatasmithContent
LogPluginManager: Mounting plugin StaticMeshEditorExtension
LogPluginManager: Mounting plugin VariantManagerContent
LogPluginManager: Mounting plugin AlembicImporter
LogPluginManager: Mounting plugin AutomationUtils
LogPluginManager: Mounting plugin BackChannel
LogPluginManager: Mounting plugin BlastPlugin
LogPluginManager: Mounting plugin ChaosSolverPlugin
LogPluginManager: Mounting plugin CharacterAI
LogPluginManager: Mounting plugin DataPrepEditor
LogPluginManager: Mounting plugin GeometryCache
LogPluginManager: Mounting plugin GeometryCollectionPlugin
LogPluginManager: Mounting plugin GeometryProcessing
LogPluginManager: Mounting plugin MeshModelingToolset
LogPluginManager: Mounting plugin ModelingToolsEditorMode
LogPluginManager: Mounting plugin PlatformCrypto
LogPluginManager: Mounting plugin ProxyLODPlugin
LogPluginManager: Mounting plugin SkeletalReduction
LogPluginManager: Mounting plugin MagicLeap
LogPluginManager: Mounting plugin MagicLeapMedia
LogPluginManager: Mounting plugin MLSDK
LogPluginManager: Mounting plugin AndroidMedia
LogPluginManager: Mounting plugin AvfMedia
LogPluginManager: Mounting plugin ImgMedia
LogPluginManager: Mounting plugin MediaCompositing
LogPluginManager: Mounting plugin MediaPlayerEditor
LogPluginManager: Mounting plugin WebMMedia
LogPluginManager: Mounting plugin WmfMedia
LogPluginManager: Mounting plugin TcpMessaging
LogPluginManager: Mounting plugin UdpMessaging
LogPluginManager: Mounting plugin ActorSequence
LogPluginManager: Mounting plugin LevelSequenceEditor
LogPluginManager: Mounting plugin MatineeToLevelSequence
LogPluginManager: Mounting plugin NetcodeUnitTest
LogPluginManager: Mounting plugin NUTUnrealEngine4
LogPluginManager: Mounting plugin OnlineSubsystemGooglePlay
LogPluginManager: Mounting plugin OnlineSubsystemIOS
LogPluginManager: Mounting plugin OnlineSubsystem
LogPluginManager: Mounting plugin OnlineSubsystemNull
LogPluginManager: Mounting plugin OnlineSubsystemUtils
LogPluginManager: Mounting plugin LauncherChunkInstaller
LogPluginManager: Mounting plugin AndroidDeviceProfileSelector
LogPluginManager: Mounting plugin AndroidMoviePlayer
LogPluginManager: Mounting plugin AndroidPermission
LogPluginManager: Mounting plugin AppleImageUtils
LogPluginManager: Mounting plugin AppleMoviePlayer
LogPluginManager: Mounting plugin ArchVisCharacter
LogPluginManager: Mounting plugin AssetTags
LogPluginManager: Mounting plugin AudioCapture
LogPluginManager: Mounting plugin CableComponent
LogPluginManager: Mounting plugin CustomMeshComponent
LogPluginManager: Mounting plugin EditableMesh
LogPluginManager: Mounting plugin ExampleDeviceProfileSelector
LogPluginManager: Mounting plugin GoogleCloudMessaging
LogPluginManager: Mounting plugin IOSDeviceProfileSelector
LogPluginManager: Mounting plugin LinuxDeviceProfileSelector
LogPluginManager: Mounting plugin LocationServicesBPLibrary
LogPluginManager: Mounting plugin MobilePatchingUtils
LogPluginManager: Mounting plugin OculusVR
LogPluginManager: Mounting plugin PhysXVehicles
LogPluginManager: Mounting plugin PostSplashScreen
LogPluginManager: Mounting plugin ProceduralMeshComponent
LogPluginManager: Mounting plugin RuntimePhysXCooking
LogPluginManager: Mounting plugin SignificanceManager
LogPluginManager: Mounting plugin SteamVR
LogPluginManager: Mounting plugin WebMMoviePlayer
LogPluginManager: Mounting plugin WindowsMoviePlayer
LogPluginManager: Mounting plugin ScreenshotTools
LogPluginManager: Mounting plugin DmapModule
LogInit: Using libcurl 7.55.1-DEV
LogInit:  - built for x86_64-pc-win32
LogInit:  - supports SSL with OpenSSL/1.1.1
LogInit:  - supports HTTP deflate (compression) using libz 1.2.8
LogInit:  - other features:
LogInit:      CURL_VERSION_SSL
LogInit:      CURL_VERSION_LIBZ
LogInit:      CURL_VERSION_IPV6
LogInit:      CURL_VERSION_ASYNCHDNS
LogInit:      CURL_VERSION_LARGEFILE
LogInit:      CURL_VERSION_IDN
LogInit:  CurlRequestOptions (configurable via config and command line):
LogInit:  - bVerifyPeer = true  - Libcurl will verify peer certificate
LogInit:  - bUseHttpProxy = false  - Libcurl will NOT use HTTP proxy
LogInit:  - bDontReuseConnections = false  - Libcurl will reuse connections
LogInit:  - MaxHostConnections = 16  - Libcurl will limit the number of connections to a host
LogInit:  - LocalHostAddr = Default
LogInit:  - BufferSize = 65536
LogOnline: OSS: Creating online subsystem instance for: NULL
LogInit: WinSock: version 1.1 (2.2), MaxSocks=32767, MaxUdp=65467
LogOnline: OSS: TryLoadSubsystemAndSetDefault: Loaded subsystem for module [NULL]
LogInit: Build: ++UE4+Release-4.24-CL-0
LogInit: Engine Version: 4.24.3-0+++UE4+Release-4.24
LogInit: Compatible Engine Version: 4.24.0-0+++UE4+Release-4.24
LogInit: Net CL: 0
LogInit: OS: Windows 10 (Release 1909) (), CPU: Intel(R) Core(TM) i7-9750H CPU @ 2.60GHz, GPU: Intel(R) UHD Graphics 630
LogInit: Compiled (64-bit): Jun  5 2020 19:32:23
LogInit: Compiled with Visual C++: 19.16.27039.00
LogInit: Build Configuration: Development
LogInit: Branch Name: ++UE4+Release-4.24
LogInit: Command Line:  -skipcompile
LogInit: Base Directory: C:/Users/boudo/Desktop/unreal/UnrealEngine/Engine/Binaries/Win64/
LogInit: Installed Engine Build: 0
LogDevObjectVersion: Number of dev versions registered: 25
LogDevObjectVersion:   Dev-Blueprints (B0D832E4-1F89-4F0D-ACCF-7EB736FD4AA2): 10
LogDevObjectVersion:   Dev-Build (E1C64328-A22C-4D53-A36C-8E866417BD8C): 0
LogDevObjectVersion:   Dev-Core (375EC13C-06E4-48FB-B500-84F0262A717E): 3
LogDevObjectVersion:   Dev-Editor (E4B068ED-F494-42E9-A231-DA0B2E46BB41): 37
LogDevObjectVersion:   Dev-Framework (CFFC743F-43B0-4480-9391-14DF171D2073): 36
LogDevObjectVersion:   Dev-Mobile (B02B49B5-BB20-44E9-A304-32B752E40360): 2
LogDevObjectVersion:   Dev-Networking (A4E4105C-59A1-49B5-A7C5-40C4547EDFEE): 0
LogDevObjectVersion:   Dev-Online (39C831C9-5AE6-47DC-9A44-9C173E1C8E7C): 0
LogDevObjectVersion:   Dev-Physics (78F01B33-EBEA-4F98-B9B4-84EACCB95AA2): 2
LogDevObjectVersion:   Dev-Platform (6631380F-2D4D-43E0-8009-CF276956A95A): 0
LogDevObjectVersion:   Dev-Rendering (12F88B9F-8875-4AFC-A67C-D90C383ABD29): 36
LogDevObjectVersion:   Dev-Sequencer (7B5AE74C-D270-4C10-A958-57980B212A5A): 11
LogDevObjectVersion:   Dev-VR (D7296918-1DD6-4BDD-9DE2-64A83CC13884): 2
LogDevObjectVersion:   Dev-LoadTimes (C2A15278-BFE7-4AFE-6C17-90FF531DF755): 1
LogDevObjectVersion:   Private-Geometry (6EACA3D4-40EC-4CC1-B786-8BED09428FC5): 3
LogDevObjectVersion:   Dev-AnimPhys (29E575DD-E0A3-4627-9D10-D276232CDCEA): 17
LogDevObjectVersion:   Dev-Anim (AF43A65D-7FD3-4947-9873-3E8ED9C1BB05): 2
LogDevObjectVersion:   Dev-ReflectionCapture (6B266CEC-1EC7-4B8F-A30B-E4D90942FC07): 1
LogDevObjectVersion:   Dev-Automation (0DF73D61-A23F-47EA-B727-89E90C41499A): 1
LogDevObjectVersion:   FortniteMain (601D1886-AC64-4F84-AA16-D3DE0DEAC7D6): 31
LogDevObjectVersion:   Dev-Enterprise (9DFFBCD6-494F-0158-E221-12823C92A888): 8
LogDevObjectVersion:   Dev-Niagara (F2AED0AC-9AFE-416F-8664-AA7FFA26D6FC): 1
LogDevObjectVersion:   Dev-Destruction (174F1F0B-B4C6-45A5-B13F-2EE8D0FB917D): 9
LogDevObjectVersion:   Dev-Physics-Ext (35F94A83-E258-406C-A318-09F59610247C): 8
LogDevObjectVersion:   Dev-CineCamera (B2E18506-4273-CFC2-A54E-F4BB758BBA07): 1
LogInit: Presizing for max 25165824 objects, including 0 objects not considered by GC, pre-allocating 0 bytes for permanent pool.
LogInit: Object subsystem initialized
LogConfig: Setting CVar [[con.DebugEarlyDefault:1]]
LogConfig: Setting CVar [[r.setres:1280x720]]
[2020.07.04-00.25.54:647][  0]LogConfig: Setting CVar [[r.VSync:0]]
[2020.07.04-00.25.54:647][  0]LogConfig: Setting CVar [[r.RHICmdBypass:0]]
[2020.07.04-00.25.54:647][  0]LogConfig: Applying CVar settings from Section [/Script/Engine.RendererSettings] File [C:/Users/boudo/Documents/Unreal Projects/firstproject_2/Saved/Config/Windows/Engine.ini]
[2020.07.04-00.25.54:647][  0]LogConfig: Setting CVar [[r.GPUCrashDebugging:0]]
[2020.07.04-00.25.54:647][  0]LogConfig: Setting CVar [[r.MobileHDR:1]]
[2020.07.04-00.25.54:647][  0]LogConfig: Setting CVar [[r.Mobile.DisableVertexFog:1]]
[2020.07.04-00.25.54:647][  0]LogConfig: Setting CVar [[r.Shadow.CSM.MaxMobileCascades:2]]
[2020.07.04-00.25.54:647][  0]LogConfig: Setting CVar [[r.MobileMSAA:1]]
[2020.07.04-00.25.54:648][  0]LogConfig: Setting CVar [[r.Mobile.UseLegacyShadingModel:0]]
[2020.07.04-00.25.54:648][  0]LogConfig: Setting CVar [[r.Mobile.UseHWsRGBEncoding:0]]
[2020.07.04-00.25.54:648][  0]LogConfig: Setting CVar [[r.Mobile.AllowDitheredLODTransition:0]]
[2020.07.04-00.25.54:648][  0]LogConfig: Setting CVar [[r.Mobile.AllowSoftwareOcclusion:0]]
[2020.07.04-00.25.54:648][  0]LogConfig: Setting CVar [[r.DiscardUnusedQuality:0]]
[2020.07.04-00.25.54:648][  0]LogConfig: Setting CVar [[r.AllowOcclusionQueries:1]]
[2020.07.04-00.25.54:648][  0]LogConfig: Setting CVar [[r.MinScreenRadiusForLights:0.030000]]
[2020.07.04-00.25.54:648][  0]LogConfig: Setting CVar [[r.MinScreenRadiusForDepthPrepass:0.030000]]
[2020.07.04-00.25.54:648][  0]LogConfig: Setting CVar [[r.MinScreenRadiusForCSMDepth:0.010000]]
[2020.07.04-00.25.54:648][  0]LogConfig: Setting CVar [[r.PrecomputedVisibilityWarning:0]]
[2020.07.04-00.25.54:648][  0]LogConfig: Setting CVar [[r.TextureStreaming:1]]
[2020.07.04-00.25.54:648][  0]LogConfig: Setting CVar [[Compat.UseDXT5NormalMaps:0]]
[2020.07.04-00.25.54:649][  0]LogConfig: Setting CVar [[r.VirtualTextures:0]]
[2020.07.04-00.25.54:649][  0]LogConfig: Setting CVar [[r.VirtualTexturedLightmaps:0]]
[2020.07.04-00.25.54:649][  0]LogConfig: Setting CVar [[r.VT.TileSize:128]]
[2020.07.04-00.25.54:649][  0]LogConfig: Setting CVar [[r.VT.TileBorderSize:4]]
[2020.07.04-00.25.54:649][  0]LogConfig: Setting CVar [[r.vt.FeedbackFactor:16]]
[2020.07.04-00.25.54:649][  0]LogConfig: Setting CVar [[r.VT.EnableCompressZlib:1]]
[2020.07.04-00.25.54:649][  0]LogConfig: Setting CVar [[r.VT.EnableCompressCrunch:0]]
[2020.07.04-00.25.54:649][  0]LogConfig: Setting CVar [[r.ClearCoatNormal:0]]
[2020.07.04-00.25.54:649][  0]LogConfig: Setting CVar [[r.ReflectionCaptureResolution:128]]
[2020.07.04-00.25.54:649][  0]LogConfig: Setting CVar [[r.ReflectionEnvironmentLightmapMixBasedOnRoughness:1]]
[2020.07.04-00.25.54:649][  0]LogConfig: Setting CVar [[r.ForwardShading:0]]
[2020.07.04-00.25.54:649][  0]LogConfig: Setting CVar [[r.VertexFoggingForOpaque:1]]
[2020.07.04-00.25.54:649][  0]LogConfig: Setting CVar [[r.AllowStaticLighting:1]]
[2020.07.04-00.25.54:650][  0]LogConfig: Setting CVar [[r.NormalMapsForStaticLighting:0]]
[2020.07.04-00.25.54:650][  0]LogConfig: Setting CVar [[r.GenerateMeshDistanceFields:0]]
[2020.07.04-00.25.54:650][  0]LogConfig: Setting CVar [[r.DistanceFieldBuild.EightBit:0]]
[2020.07.04-00.25.54:650][  0]LogConfig: Setting CVar [[r.GenerateLandscapeGIData:0]]
[2020.07.04-00.25.54:650][  0]LogConfig: Setting CVar [[r.DistanceFieldBuild.Compress:0]]
[2020.07.04-00.25.54:650][  0]LogConfig: Setting CVar [[r.TessellationAdaptivePixelsPerTriangle:48.000000]]
[2020.07.04-00.25.54:650][  0]LogConfig: Setting CVar [[r.SeparateTranslucency:1]]
[2020.07.04-00.25.54:650][  0]LogConfig: Setting CVar [[r.TranslucentSortPolicy:0]]
[2020.07.04-00.25.54:650][  0]LogConfig: Setting CVar [[r.CustomDepth:1]]
[2020.07.04-00.25.54:650][  0]LogConfig: Setting CVar [[r.CustomDepthTemporalAAJitter:1]]
[2020.07.04-00.25.54:650][  0]LogConfig: Setting CVar [[r.PostProcessing.PropagateAlpha:0]]
[2020.07.04-00.25.54:650][  0]LogConfig: Setting CVar [[r.DefaultFeature.Bloom:1]]
[2020.07.04-00.25.54:651][  0]LogConfig: Setting CVar [[r.DefaultFeature.AmbientOcclusion:1]]
[2020.07.04-00.25.54:651][  0]LogConfig: Setting CVar [[r.DefaultFeature.AmbientOcclusionStaticFraction:1]]
[2020.07.04-00.25.54:651][  0]LogConfig: Setting CVar [[r.DefaultFeature.AutoExposure:0]]
[2020.07.04-00.25.54:651][  0]LogConfig: Setting CVar [[r.DefaultFeature.AutoExposure.Method:0]]
[2020.07.04-00.25.54:651][  0]LogConfig: Setting CVar [[r.DefaultFeature.AutoExposure.ExtendDefaultLuminanceRange:0]]
[2020.07.04-00.25.54:651][  0]LogConfig: Setting CVar [[r.UsePreExposure:1]]
[2020.07.04-00.25.54:651][  0]LogConfig: Setting CVar [[r.EyeAdaptation.EditorOnly:1]]
[2020.07.04-00.25.54:651][  0]LogConfig: Setting CVar [[r.DefaultFeature.MotionBlur:0]]
[2020.07.04-00.25.54:651][  0]LogConfig: Setting CVar [[r.DefaultFeature.LensFlare:0]]
[2020.07.04-00.25.54:651][  0]LogConfig: Setting CVar [[r.TemporalAA.Upsampling:0]]
[2020.07.04-00.25.54:651][  0]LogConfig: Setting CVar [[r.SSGI.Enable:0]]
[2020.07.04-00.25.54:651][  0]LogConfig: Setting CVar [[r.DefaultFeature.AntiAliasing:0]]
[2020.07.04-00.25.54:652][  0]LogConfig: Setting CVar [[r.DefaultFeature.LightUnits:1]]
[2020.07.04-00.25.54:652][  0]LogConfig: Setting CVar [[r.DefaultBackBufferPixelFormat:4]]
[2020.07.04-00.25.54:652][  0]LogConfig: Setting CVar [[r.Shadow.UnbuiltPreviewInGame:1]]
[2020.07.04-00.25.54:652][  0]LogConfig: Setting CVar [[r.StencilForLODDither:0]]
[2020.07.04-00.25.54:652][  0]LogConfig: Setting CVar [[r.EarlyZPass:3]]
[2020.07.04-00.25.54:652][  0]LogConfig: Setting CVar [[r.EarlyZPassOnlyMaterialMasking:0]]
[2020.07.04-00.25.54:652][  0]LogConfig: Setting CVar [[r.DBuffer:1]]
[2020.07.04-00.25.54:652][  0]LogConfig: Setting CVar [[r.ClearSceneMethod:1]]
[2020.07.04-00.25.54:652][  0]LogConfig: Setting CVar [[r.BasePassOutputsVelocity:0]]
[2020.07.04-00.25.54:652][  0]LogConfig: Setting CVar [[r.SelectiveBasePassOutputs:0]]
[2020.07.04-00.25.54:652][  0]LogConfig: Setting CVar [[fx.GPUSimulationTextureSizeX:1024]]
[2020.07.04-00.25.54:652][  0]LogConfig: Setting CVar [[fx.GPUSimulationTextureSizeY:1024]]
[2020.07.04-00.25.54:652][  0]LogConfig: Setting CVar [[r.AllowGlobalClipPlane:0]]
[2020.07.04-00.25.54:653][  0]LogConfig: Setting CVar [[r.GBufferFormat:1]]
[2020.07.04-00.25.54:653][  0]LogConfig: Setting CVar [[r.MorphTarget.Mode:1]]
[2020.07.04-00.25.54:653][  0]LogConfig: Setting CVar [[vr.InstancedStereo:0]]
[2020.07.04-00.25.54:653][  0]LogConfig: Setting CVar [[vr.MultiView:0]]
[2020.07.04-00.25.54:653][  0]LogConfig: Setting CVar [[vr.MobileMultiView:0]]
[2020.07.04-00.25.54:653][  0]LogConfig: Setting CVar [[vr.MobileMultiView.Direct:0]]
[2020.07.04-00.25.54:653][  0]LogConfig: Setting CVar [[vr.RoundRobinOcclusion:0]]
[2020.07.04-00.25.54:653][  0]LogConfig: Setting CVar [[vr.ODSCapture:0]]
[2020.07.04-00.25.54:653][  0]LogConfig: Setting CVar [[r.WireframeCullThreshold:5.000000]]
[2020.07.04-00.25.54:653][  0]LogConfig: Setting CVar [[r.RayTracing:0]]
[2020.07.04-00.25.54:653][  0]LogConfig: Setting CVar [[r.RayTracing.UseTextureLod:0]]
[2020.07.04-00.25.54:653][  0]LogConfig: Setting CVar [[r.SupportStationarySkylight:1]]
[2020.07.04-00.25.54:654][  0]LogConfig: Setting CVar [[r.SupportLowQualityLightmaps:1]]
[2020.07.04-00.25.54:654][  0]LogConfig: Setting CVar [[r.SupportPointLightWholeSceneShadows:1]]
[2020.07.04-00.25.54:654][  0]LogConfig: Setting CVar [[r.SupportAtmosphericFog:1]]
[2020.07.04-00.25.54:654][  0]LogConfig: Setting CVar [[r.SupportSkyAtmosphere:1]]
[2020.07.04-00.25.54:654][  0]LogConfig: Setting CVar [[r.SupportSkyAtmosphereAffectsHeightFog:0]]
[2020.07.04-00.25.54:654][  0]LogConfig: Setting CVar [[r.SkinCache.CompileShaders:0]]
[2020.07.04-00.25.54:654][  0]LogConfig: Setting CVar [[r.Mobile.EnableStaticAndCSMShadowReceivers:1]]
[2020.07.04-00.25.54:654][  0]LogConfig: Setting CVar [[r.Mobile.EnableMovableLightCSMShaderCulling:1]]
[2020.07.04-00.25.54:654][  0]LogConfig: Setting CVar [[r.Mobile.AllowDistanceFieldShadows:1]]
[2020.07.04-00.25.54:654][  0]LogConfig: Setting CVar [[r.Mobile.AllowMovableDirectionalLights:1]]
[2020.07.04-00.25.54:654][  0]LogConfig: Setting CVar [[r.MobileNumDynamicPointLights:4]]
[2020.07.04-00.25.54:654][  0]LogConfig: Setting CVar [[r.MobileDynamicPointLightsUseStaticBranch:1]]
[2020.07.04-00.25.54:654][  0]LogConfig: Setting CVar [[r.Mobile.EnableMovableSpotlights:0]]
[2020.07.04-00.25.54:655][  0]LogConfig: Setting CVar [[r.SkinCache.SceneMemoryLimitInMB:128.000000]]
[2020.07.04-00.25.54:655][  0]LogConfig: Setting CVar [[r.GPUSkin.Limit2BoneInfluences:0]]
[2020.07.04-00.25.54:655][  0]LogConfig: Setting CVar [[r.SupportDepthOnlyIndexBuffers:1]]
[2020.07.04-00.25.54:655][  0]LogConfig: Setting CVar [[r.SupportReversedIndexBuffers:1]]
[2020.07.04-00.25.54:655][  0]LogConfig: Setting CVar [[r.SupportMaterialLayers:0]]
[2020.07.04-00.25.54:655][  0]LogConfig: Setting CVar [[r.LightPropagationVolume:0]]
[2020.07.04-00.25.54:655][  0]LogConfig: Applying CVar settings from Section [/Script/Engine.RendererOverrideSettings] File [C:/Users/boudo/Documents/Unreal Projects/firstproject_2/Saved/Config/Windows/Engine.ini]
[2020.07.04-00.25.54:655][  0]LogConfig: Applying CVar settings from Section [/Script/Engine.StreamingSettings] File [C:/Users/boudo/Documents/Unreal Projects/firstproject_2/Saved/Config/Windows/Engine.ini]
[2020.07.04-00.25.54:655][  0]LogConfig: Setting CVar [[s.MinBulkDataSizeForAsyncLoading:131072]]
[2020.07.04-00.25.54:655][  0]LogConfig: Setting CVar [[s.AsyncLoadingThreadEnabled:0]]
[2020.07.04-00.25.54:655][  0]LogConfig: Setting CVar [[s.EventDrivenLoaderEnabled:1]]
[2020.07.04-00.25.54:655][  0]LogConfig: Setting CVar [[s.WarnIfTimeLimitExceeded:0]]
[2020.07.04-00.25.54:656][  0]LogConfig: Setting CVar [[s.TimeLimitExceededMultiplier:1.5]]
[2020.07.04-00.25.54:656][  0]LogConfig: Setting CVar [[s.TimeLimitExceededMinTime:0.005]]
[2020.07.04-00.25.54:656][  0]LogConfig: Setting CVar [[s.UseBackgroundLevelStreaming:1]]
[2020.07.04-00.25.54:656][  0]LogConfig: Setting CVar [[s.PriorityAsyncLoadingExtraTime:15.0]]
[2020.07.04-00.25.54:656][  0]LogConfig: Setting CVar [[s.LevelStreamingActorsUpdateTimeLimit:5.0]]
[2020.07.04-00.25.54:656][  0]LogConfig: Setting CVar [[s.PriorityLevelStreamingActorsUpdateExtraTime:5.0]]
[2020.07.04-00.25.54:656][  0]LogConfig: Setting CVar [[s.LevelStreamingComponentsRegistrationGranularity:10]]
[2020.07.04-00.25.54:656][  0]LogConfig: Setting CVar [[s.UnregisterComponentsTimeLimit:1.0]]
[2020.07.04-00.25.54:656][  0]LogConfig: Setting CVar [[s.LevelStreamingComponentsUnregistrationGranularity:5]]
[2020.07.04-00.25.54:656][  0]LogConfig: Setting CVar [[s.FlushStreamingOnExit:1]]
[2020.07.04-00.25.54:656][  0]LogConfig: Applying CVar settings from Section [/Script/Engine.GarbageCollectionSettings] File [C:/Users/boudo/Documents/Unreal Projects/firstproject_2/Saved/Config/Windows/Engine.ini]
[2020.07.04-00.25.54:656][  0]LogConfig: Setting CVar [[gc.MaxObjectsNotConsideredByGC:1]]
[2020.07.04-00.25.54:656][  0]LogConfig: Setting CVar [[gc.SizeOfPermanentObjectPool:0]]
[2020.07.04-00.25.54:657][  0]LogConfig: Setting CVar [[gc.FlushStreamingOnGC:0]]
[2020.07.04-00.25.54:657][  0]LogConfig: Setting CVar [[gc.NumRetriesBeforeForcingGC:10]]
[2020.07.04-00.25.54:657][  0]LogConfig: Setting CVar [[gc.AllowParallelGC:1]]
[2020.07.04-00.25.54:657][  0]LogConfig: Setting CVar [[gc.TimeBetweenPurgingPendingKillObjects:61.1]]
[2020.07.04-00.25.54:657][  0]LogConfig: Setting CVar [[gc.MaxObjectsInEditor:25165824]]
[2020.07.04-00.25.54:657][  0]LogConfig: Setting CVar [[gc.IncrementalBeginDestroyEnabled:1]]
[2020.07.04-00.25.54:657][  0]LogConfig: Setting CVar [[gc.CreateGCClusters:1]]
[2020.07.04-00.25.54:657][  0]LogConfig: Setting CVar [[gc.MinGCClusterSize:5]]
[2020.07.04-00.25.54:657][  0]LogConfig: Setting CVar [[gc.ActorClusteringEnabled:0]]
[2020.07.04-00.25.54:657][  0]LogConfig: Setting CVar [[gc.BlueprintClusteringEnabled:0]]
[2020.07.04-00.25.54:657][  0]LogConfig: Setting CVar [[gc.UseDisregardForGCOnDedicatedServers:0]]
[2020.07.04-00.25.54:657][  0]LogConfig: Applying CVar settings from Section [/Script/Engine.NetworkSettings] File [C:/Users/boudo/Documents/Unreal Projects/firstproject_2/Saved/Config/Windows/Engine.ini]
[2020.07.04-00.25.54:657][  0]LogConfig: Applying CVar settings from Section [/Script/UnrealEd.CookerSettings] File [C:/Users/boudo/Documents/Unreal Projects/firstproject_2/Saved/Config/Windows/Engine.ini]
[2020.07.04-00.25.54:664][  0]LogConfig: Applying CVar settings from Section [ViewDistanceQuality@3] File [C:/Users/boudo/Documents/Unreal Projects/firstproject_2/Saved/Config/Windows/Scalability.ini]
[2020.07.04-00.25.54:664][  0]LogConfig: Setting CVar [[r.SkeletalMeshLODBias:0]]
[2020.07.04-00.25.54:664][  0]LogConfig: Setting CVar [[r.ViewDistanceScale:1.0]]
[2020.07.04-00.25.54:664][  0]LogConfig: Applying CVar settings from Section [AntiAliasingQuality@3] File [C:/Users/boudo/Documents/Unreal Projects/firstproject_2/Saved/Config/Windows/Scalability.ini]
[2020.07.04-00.25.54:664][  0]LogConfig: Setting CVar [[r.PostProcessAAQuality:4]]
[2020.07.04-00.25.54:664][  0]LogConfig: Applying CVar settings from Section [ShadowQuality@3] File [C:/Users/boudo/Documents/Unreal Projects/firstproject_2/Saved/Config/Windows/Scalability.ini]
[2020.07.04-00.25.54:664][  0]LogConfig: Setting CVar [[r.LightFunctionQuality:1]]
[2020.07.04-00.25.54:664][  0]LogConfig: Setting CVar [[r.ShadowQuality:5]]
[2020.07.04-00.25.54:664][  0]LogConfig: Setting CVar [[r.Shadow.CSM.MaxCascades:10]]
[2020.07.04-00.25.54:664][  0]LogConfig: Setting CVar [[r.Shadow.MaxResolution:2048]]
[2020.07.04-00.25.54:665][  0]LogConfig: Setting CVar [[r.Shadow.MaxCSMResolution:2048]]
[2020.07.04-00.25.54:665][  0]LogConfig: Setting CVar [[r.Shadow.RadiusThreshold:0.01]]
[2020.07.04-00.25.54:665][  0]LogConfig: Setting CVar [[r.Shadow.DistanceScale:1.0]]
[2020.07.04-00.25.54:665][  0]LogConfig: Setting CVar [[r.Shadow.CSM.TransitionScale:1.0]]
[2020.07.04-00.25.54:665][  0]LogConfig: Setting CVar [[r.Shadow.PreShadowResolutionFactor:1.0]]
[2020.07.04-00.25.54:665][  0]LogConfig: Setting CVar [[r.DistanceFieldShadowing:1]]
[2020.07.04-00.25.54:665][  0]LogConfig: Setting CVar [[r.DistanceFieldAO:1]]
[2020.07.04-00.25.54:665][  0]LogConfig: Setting CVar [[r.AOQuality:2]]
[2020.07.04-00.25.54:665][  0]LogConfig: Setting CVar [[r.VolumetricFog:1]]
[2020.07.04-00.25.54:665][  0]LogConfig: Setting CVar [[r.VolumetricFog.GridPixelSize:8]]
[2020.07.04-00.25.54:665][  0]LogConfig: Setting CVar [[r.VolumetricFog.GridSizeZ:128]]
[2020.07.04-00.25.54:665][  0]LogConfig: Setting CVar [[r.VolumetricFog.HistoryMissSupersampleCount:4]]
[2020.07.04-00.25.54:666][  0]LogConfig: Setting CVar [[r.LightMaxDrawDistanceScale:1]]
[2020.07.04-00.25.54:666][  0]LogConfig: Setting CVar [[r.CapsuleShadows:1]]
[2020.07.04-00.25.54:666][  0]LogConfig: Applying CVar settings from Section [PostProcessQuality@3] File [C:/Users/boudo/Documents/Unreal Projects/firstproject_2/Saved/Config/Windows/Scalability.ini]
[2020.07.04-00.25.54:666][  0]LogConfig: Setting CVar [[r.MotionBlurQuality:4]]
[2020.07.04-00.25.54:666][  0]LogConfig: Setting CVar [[r.AmbientOcclusionMipLevelFactor:0.4]]
[2020.07.04-00.25.54:666][  0]LogConfig: Setting CVar [[r.AmbientOcclusionMaxQuality:100]]
[2020.07.04-00.25.54:666][  0]LogConfig: Setting CVar [[r.AmbientOcclusionLevels:-1]]
[2020.07.04-00.25.54:666][  0]LogConfig: Setting CVar [[r.AmbientOcclusionRadiusScale:1.0]]
[2020.07.04-00.25.54:666][  0]LogConfig: Setting CVar [[r.DepthOfFieldQuality:2]]
[2020.07.04-00.25.54:666][  0]LogConfig: Setting CVar [[r.RenderTargetPoolMin:400]]
[2020.07.04-00.25.54:666][  0]LogConfig: Setting CVar [[r.LensFlareQuality:2]]
[2020.07.04-00.25.54:666][  0]LogConfig: Setting CVar [[r.SceneColorFringeQuality:1]]
[2020.07.04-00.25.54:666][  0]LogConfig: Setting CVar [[r.EyeAdaptationQuality:2]]
[2020.07.04-00.25.54:667][  0]LogConfig: Setting CVar [[r.BloomQuality:5]]
[2020.07.04-00.25.54:667][  0]LogConfig: Setting CVar [[r.FastBlurThreshold:100]]
[2020.07.04-00.25.54:667][  0]LogConfig: Setting CVar [[r.Upscale.Quality:3]]
[2020.07.04-00.25.54:667][  0]LogConfig: Setting CVar [[r.Tonemapper.GrainQuantization:1]]
[2020.07.04-00.25.54:667][  0]LogConfig: Setting CVar [[r.LightShaftQuality:1]]
[2020.07.04-00.25.54:667][  0]LogConfig: Setting CVar [[r.Filter.SizeScale:1]]
[2020.07.04-00.25.54:667][  0]LogConfig: Setting CVar [[r.Tonemapper.Quality:5]]
[2020.07.04-00.25.54:667][  0]LogConfig: Setting CVar [[r.DOF.Gather.AccumulatorQuality:1        ; higher gathering accumulator quality]]
[2020.07.04-00.25.54:667][  0]LogConfig: Setting CVar [[r.DOF.Gather.PostfilterMethod:1          ; Median3x3 postfilering method]]
[2020.07.04-00.25.54:667][  0]LogConfig: Setting CVar [[r.DOF.Gather.EnableBokehSettings:0       ; no bokeh simulation when gathering]]
[2020.07.04-00.25.54:667][  0]LogConfig: Setting CVar [[r.DOF.Gather.RingCount:4                 ; medium number of samples when gathering]]
[2020.07.04-00.25.54:667][  0]LogConfig: Setting CVar [[r.DOF.Scatter.ForegroundCompositing:1    ; additive foreground scattering]]
[2020.07.04-00.25.54:668][  0]LogConfig: Setting CVar [[r.DOF.Scatter.BackgroundCompositing:2    ; additive background scattering]]
[2020.07.04-00.25.54:668][  0]LogConfig: Setting CVar [[r.DOF.Scatter.EnableBokehSettings:1      ; bokeh simulation when scattering]]
[2020.07.04-00.25.54:668][  0]LogConfig: Setting CVar [[r.DOF.Scatter.MaxSpriteRatio:0.1         ; only a maximum of 10% of scattered bokeh]]
[2020.07.04-00.25.54:668][  0]LogConfig: Setting CVar [[r.DOF.Recombine.Quality:1                ; cheap slight out of focus]]
[2020.07.04-00.25.54:668][  0]LogConfig: Setting CVar [[r.DOF.Recombine.EnableBokehSettings:0    ; no bokeh simulation on slight out of focus]]
[2020.07.04-00.25.54:668][  0]LogConfig: Setting CVar [[r.DOF.TemporalAAQuality:1                ; more stable temporal accumulation]]
[2020.07.04-00.25.54:668][  0]LogConfig: Setting CVar [[r.DOF.Kernel.MaxForegroundRadius:0.025]]
[2020.07.04-00.25.54:668][  0]LogConfig: Setting CVar [[r.DOF.Kernel.MaxBackgroundRadius:0.025]]
[2020.07.04-00.25.54:668][  0]LogConfig: Applying CVar settings from Section [TextureQuality@3] File [C:/Users/boudo/Documents/Unreal Projects/firstproject_2/Saved/Config/Windows/Scalability.ini]
[2020.07.04-00.25.54:668][  0]LogConfig: Setting CVar [[r.Streaming.MipBias:0]]
[2020.07.04-00.25.54:668][  0]LogConfig: Setting CVar [[r.Streaming.AmortizeCPUToGPUCopy:0]]
[2020.07.04-00.25.54:668][  0]LogConfig: Setting CVar [[r.Streaming.MaxNumTexturesToStreamPerFrame:0]]
[2020.07.04-00.25.54:668][  0]LogConfig: Setting CVar [[r.Streaming.Boost:1]]
[2020.07.04-00.25.54:669][  0]LogConfig: Setting CVar [[r.MaxAnisotropy:8]]
[2020.07.04-00.25.54:669][  0]LogConfig: Setting CVar [[r.VT.MaxAnisotropy:8]]
[2020.07.04-00.25.54:669][  0]LogConfig: Setting CVar [[r.Streaming.LimitPoolSizeToVRAM:0]]
[2020.07.04-00.25.54:669][  0]LogConfig: Setting CVar [[r.Streaming.PoolSize:1000]]
[2020.07.04-00.25.54:669][  0]LogConfig: Setting CVar [[r.Streaming.MaxEffectiveScreenSize:0]]
[2020.07.04-00.25.54:669][  0]LogConfig: Applying CVar settings from Section [EffectsQuality@3] File [C:/Users/boudo/Documents/Unreal Projects/firstproject_2/Saved/Config/Windows/Scalability.ini]
[2020.07.04-00.25.54:669][  0]LogConfig: Setting CVar [[r.TranslucencyLightingVolumeDim:64]]
[2020.07.04-00.25.54:669][  0]LogConfig: Setting CVar [[r.RefractionQuality:2]]
[2020.07.04-00.25.54:669][  0]LogConfig: Setting CVar [[r.SSR.Quality:3]]
[2020.07.04-00.25.54:669][  0]LogConfig: Setting CVar [[r.SSR.HalfResSceneColor:0]]
[2020.07.04-00.25.54:669][  0]LogConfig: Setting CVar [[r.SceneColorFormat:4]]
[2020.07.04-00.25.54:669][  0]LogConfig: Setting CVar [[r.DetailMode:2]]
[2020.07.04-00.25.54:669][  0]LogConfig: Setting CVar [[r.TranslucencyVolumeBlur:1]]
[2020.07.04-00.25.54:669][  0]LogConfig: Setting CVar [[r.MaterialQualityLevel:1 ; High quality]]
[2020.07.04-00.25.54:670][  0]LogConfig: Setting CVar [[r.SSS.Scale:1]]
[2020.07.04-00.25.54:670][  0]LogConfig: Setting CVar [[r.SSS.SampleSet:2]]
[2020.07.04-00.25.54:670][  0]LogConfig: Setting CVar [[r.SSS.Quality:1]]
[2020.07.04-00.25.54:670][  0]LogConfig: Setting CVar [[r.SSS.HalfRes:1]]
[2020.07.04-00.25.54:670][  0]LogConfig: Setting CVar [[r.SSGI.Quality:3]]
[2020.07.04-00.25.54:670][  0]LogConfig: Setting CVar [[r.EmitterSpawnRateScale:1.0]]
[2020.07.04-00.25.54:670][  0]LogConfig: Setting CVar [[r.ParticleLightQuality:2]]
[2020.07.04-00.25.54:670][  0]LogConfig: Setting CVar [[r.SkyAtmosphere.AerialPerspectiveLUT.FastApplyOnOpaque:1 ; Always have FastSkyLUT 1 in this case to avoid wrong sky]]
[2020.07.04-00.25.54:670][  0]LogConfig: Setting CVar [[r.SkyAtmosphere.AerialPerspectiveLUT.SampleCountPerSlice:1]]
[2020.07.04-00.25.54:670][  0]LogConfig: Setting CVar [[r.SkyAtmosphere.AerialPerspectiveLUT.DepthResolution:16.0]]
[2020.07.04-00.25.54:670][  0]LogConfig: Setting CVar [[r.SkyAtmosphere.FastSkyLUT:1]]
[2020.07.04-00.25.54:670][  0]LogConfig: Setting CVar [[r.SkyAtmosphere.FastSkyLUT.SampleCountMin:4.0]]
[2020.07.04-00.25.54:671][  0]LogConfig: Setting CVar [[r.SkyAtmosphere.FastSkyLUT.SampleCountMax:32.0]]
[2020.07.04-00.25.54:671][  0]LogConfig: Setting CVar [[r.SkyAtmosphere.SampleCountMin:4.0]]
[2020.07.04-00.25.54:671][  0]LogConfig: Setting CVar [[r.SkyAtmosphere.SampleCountMax:32.0]]
[2020.07.04-00.25.54:671][  0]LogConfig: Setting CVar [[r.SkyAtmosphere.TransmittanceLUT.UseSmallFormat:0]]
[2020.07.04-00.25.54:671][  0]LogConfig: Setting CVar [[r.SkyAtmosphere.TransmittanceLUT.SampleCount:10.0]]
[2020.07.04-00.25.54:671][  0]LogConfig: Setting CVar [[r.SkyAtmosphere.MultiScatteringLUT.SampleCount:15.0]]
[2020.07.04-00.25.54:671][  0]LogConfig: Applying CVar settings from Section [FoliageQuality@3] File [C:/Users/boudo/Documents/Unreal Projects/firstproject_2/Saved/Config/Windows/Scalability.ini]
[2020.07.04-00.25.54:671][  0]LogConfig: Setting CVar [[foliage.DensityScale:1.0]]
[2020.07.04-00.25.54:671][  0]LogConfig: Setting CVar [[grass.DensityScale:1.0]]
[2020.07.04-00.25.54:671][  0]LogConfig: Applying CVar settings from Section [ShadingQuality@3] File [C:/Users/boudo/Documents/Unreal Projects/firstproject_2/Saved/Config/Windows/Scalability.ini]
[2020.07.04-00.25.54:671][  0]LogConfig: Setting CVar [[r.HairStrands.SkyLighting.SampleCount:16]]
[2020.07.04-00.25.54:671][  0]LogConfig: Setting CVar [[r.HairStrands.SkyLighting.JitterIntegration:0]]
[2020.07.04-00.25.54:672][  0]LogConfig: Setting CVar [[r.HairStrands.SkyAO.SampleCount:16]]
[2020.07.04-00.25.54:672][  0]LogInit: Selected Device Profile: [Windows]
[2020.07.04-00.25.54:672][  0]LogInit: Applying CVar settings loaded from the selected device profile: [Windows]
[2020.07.04-00.25.54:675][  0]LogHAL: Display: Platform has ~ 32 GB [34195992576 / 34359738368 / 32], which maps to Largest [LargestMinGB=32, LargerMinGB=12, DefaultMinGB=8, SmallerMinGB=6, SmallestMinGB=0)
[2020.07.04-00.25.54:675][  0]LogInit: Going up to parent DeviceProfile []
[2020.07.04-00.25.54:675][  0]LogConfig: Applying CVar settings from Section [ViewDistanceQuality@3] File [C:/Users/boudo/Documents/Unreal Projects/firstproject_2/Saved/Config/Windows/Scalability.ini]
[2020.07.04-00.25.54:675][  0]LogConfig: Setting CVar [[r.SkeletalMeshLODBias:0]]
[2020.07.04-00.25.54:676][  0]LogConfig: Setting CVar [[r.ViewDistanceScale:1.0]]
[2020.07.04-00.25.54:676][  0]LogConfig: Applying CVar settings from Section [AntiAliasingQuality@3] File [C:/Users/boudo/Documents/Unreal Projects/firstproject_2/Saved/Config/Windows/Scalability.ini]
[2020.07.04-00.25.54:676][  0]LogConfig: Setting CVar [[r.PostProcessAAQuality:4]]
[2020.07.04-00.25.54:676][  0]LogConfig: Applying CVar settings from Section [ShadowQuality@3] File [C:/Users/boudo/Documents/Unreal Projects/firstproject_2/Saved/Config/Windows/Scalability.ini]
[2020.07.04-00.25.54:676][  0]LogConfig: Setting CVar [[r.LightFunctionQuality:1]]
[2020.07.04-00.25.54:676][  0]LogConfig: Setting CVar [[r.ShadowQuality:5]]
[2020.07.04-00.25.54:676][  0]LogConfig: Setting CVar [[r.Shadow.CSM.MaxCascades:10]]
[2020.07.04-00.25.54:676][  0]LogConfig: Setting CVar [[r.Shadow.MaxResolution:2048]]
[2020.07.04-00.25.54:676][  0]LogConfig: Setting CVar [[r.Shadow.MaxCSMResolution:2048]]
[2020.07.04-00.25.54:676][  0]LogConfig: Setting CVar [[r.Shadow.RadiusThreshold:0.01]]
[2020.07.04-00.25.54:676][  0]LogConfig: Setting CVar [[r.Shadow.DistanceScale:1.0]]
[2020.07.04-00.25.54:677][  0]LogConfig: Setting CVar [[r.Shadow.CSM.TransitionScale:1.0]]
[2020.07.04-00.25.54:677][  0]LogConfig: Setting CVar [[r.Shadow.PreShadowResolutionFactor:1.0]]
[2020.07.04-00.25.54:677][  0]LogConfig: Setting CVar [[r.DistanceFieldShadowing:1]]
[2020.07.04-00.25.54:677][  0]LogConfig: Setting CVar [[r.DistanceFieldAO:1]]
[2020.07.04-00.25.54:677][  0]LogConfig: Setting CVar [[r.AOQuality:2]]
[2020.07.04-00.25.54:677][  0]LogConfig: Setting CVar [[r.VolumetricFog:1]]
[2020.07.04-00.25.54:677][  0]LogConfig: Setting CVar [[r.VolumetricFog.GridPixelSize:8]]
[2020.07.04-00.25.54:677][  0]LogConfig: Setting CVar [[r.VolumetricFog.GridSizeZ:128]]
[2020.07.04-00.25.54:677][  0]LogConfig: Setting CVar [[r.VolumetricFog.HistoryMissSupersampleCount:4]]
[2020.07.04-00.25.54:677][  0]LogConfig: Setting CVar [[r.LightMaxDrawDistanceScale:1]]
[2020.07.04-00.25.54:677][  0]LogConfig: Setting CVar [[r.CapsuleShadows:1]]
[2020.07.04-00.25.54:677][  0]LogConfig: Applying CVar settings from Section [PostProcessQuality@3] File [C:/Users/boudo/Documents/Unreal Projects/firstproject_2/Saved/Config/Windows/Scalability.ini]
[2020.07.04-00.25.54:678][  0]LogConfig: Setting CVar [[r.MotionBlurQuality:4]]
[2020.07.04-00.25.54:678][  0]LogConfig: Setting CVar [[r.AmbientOcclusionMipLevelFactor:0.4]]
[2020.07.04-00.25.54:678][  0]LogConfig: Setting CVar [[r.AmbientOcclusionMaxQuality:100]]
[2020.07.04-00.25.54:678][  0]LogConfig: Setting CVar [[r.AmbientOcclusionLevels:-1]]
[2020.07.04-00.25.54:678][  0]LogConfig: Setting CVar [[r.AmbientOcclusionRadiusScale:1.0]]
[2020.07.04-00.25.54:678][  0]LogConfig: Setting CVar [[r.DepthOfFieldQuality:2]]
[2020.07.04-00.25.54:678][  0]LogConfig: Setting CVar [[r.RenderTargetPoolMin:400]]
[2020.07.04-00.25.54:678][  0]LogConfig: Setting CVar [[r.LensFlareQuality:2]]
[2020.07.04-00.25.54:678][  0]LogConfig: Setting CVar [[r.SceneColorFringeQuality:1]]
[2020.07.04-00.25.54:678][  0]LogConfig: Setting CVar [[r.EyeAdaptationQuality:2]]
[2020.07.04-00.25.54:678][  0]LogConfig: Setting CVar [[r.BloomQuality:5]]
[2020.07.04-00.25.54:678][  0]LogConfig: Setting CVar [[r.FastBlurThreshold:100]]
[2020.07.04-00.25.54:678][  0]LogConfig: Setting CVar [[r.Upscale.Quality:3]]
[2020.07.04-00.25.54:679][  0]LogConfig: Setting CVar [[r.Tonemapper.GrainQuantization:1]]
[2020.07.04-00.25.54:679][  0]LogConfig: Setting CVar [[r.LightShaftQuality:1]]
[2020.07.04-00.25.54:679][  0]LogConfig: Setting CVar [[r.Filter.SizeScale:1]]
[2020.07.04-00.25.54:679][  0]LogConfig: Setting CVar [[r.Tonemapper.Quality:5]]
[2020.07.04-00.25.54:679][  0]LogConfig: Setting CVar [[r.DOF.Gather.AccumulatorQuality:1        ; higher gathering accumulator quality]]
[2020.07.04-00.25.54:679][  0]LogConfig: Setting CVar [[r.DOF.Gather.PostfilterMethod:1          ; Median3x3 postfilering method]]
[2020.07.04-00.25.54:679][  0]LogConfig: Setting CVar [[r.DOF.Gather.EnableBokehSettings:0       ; no bokeh simulation when gathering]]
[2020.07.04-00.25.54:679][  0]LogConfig: Setting CVar [[r.DOF.Gather.RingCount:4                 ; medium number of samples when gathering]]
[2020.07.04-00.25.54:679][  0]LogConfig: Setting CVar [[r.DOF.Scatter.ForegroundCompositing:1    ; additive foreground scattering]]
[2020.07.04-00.25.54:679][  0]LogConfig: Setting CVar [[r.DOF.Scatter.BackgroundCompositing:2    ; additive background scattering]]
[2020.07.04-00.25.54:679][  0]LogConfig: Setting CVar [[r.DOF.Scatter.EnableBokehSettings:1      ; bokeh simulation when scattering]]
[2020.07.04-00.25.54:679][  0]LogConfig: Setting CVar [[r.DOF.Scatter.MaxSpriteRatio:0.1         ; only a maximum of 10% of scattered bokeh]]
[2020.07.04-00.25.54:680][  0]LogConfig: Setting CVar [[r.DOF.Recombine.Quality:1                ; cheap slight out of focus]]
[2020.07.04-00.25.54:680][  0]LogConfig: Setting CVar [[r.DOF.Recombine.EnableBokehSettings:0    ; no bokeh simulation on slight out of focus]]
[2020.07.04-00.25.54:680][  0]LogConfig: Setting CVar [[r.DOF.TemporalAAQuality:1                ; more stable temporal accumulation]]
[2020.07.04-00.25.54:680][  0]LogConfig: Setting CVar [[r.DOF.Kernel.MaxForegroundRadius:0.025]]
[2020.07.04-00.25.54:680][  0]LogConfig: Setting CVar [[r.DOF.Kernel.MaxBackgroundRadius:0.025]]
[2020.07.04-00.25.54:680][  0]LogConfig: Applying CVar settings from Section [TextureQuality@3] File [C:/Users/boudo/Documents/Unreal Projects/firstproject_2/Saved/Config/Windows/Scalability.ini]
[2020.07.04-00.25.54:680][  0]LogConfig: Setting CVar [[r.Streaming.MipBias:0]]
[2020.07.04-00.25.54:680][  0]LogConfig: Setting CVar [[r.Streaming.AmortizeCPUToGPUCopy:0]]
[2020.07.04-00.25.54:680][  0]LogConfig: Setting CVar [[r.Streaming.MaxNumTexturesToStreamPerFrame:0]]
[2020.07.04-00.25.54:680][  0]LogConfig: Setting CVar [[r.Streaming.Boost:1]]
[2020.07.04-00.25.54:680][  0]LogConfig: Setting CVar [[r.MaxAnisotropy:8]]
[2020.07.04-00.25.54:680][  0]LogConfig: Setting CVar [[r.VT.MaxAnisotropy:8]]
[2020.07.04-00.25.54:681][  0]LogConfig: Setting CVar [[r.Streaming.LimitPoolSizeToVRAM:0]]
[2020.07.04-00.25.54:681][  0]LogConfig: Setting CVar [[r.Streaming.PoolSize:1000]]
[2020.07.04-00.25.54:681][  0]LogConfig: Setting CVar [[r.Streaming.MaxEffectiveScreenSize:0]]
[2020.07.04-00.25.54:681][  0]LogConfig: Applying CVar settings from Section [EffectsQuality@3] File [C:/Users/boudo/Documents/Unreal Projects/firstproject_2/Saved/Config/Windows/Scalability.ini]
[2020.07.04-00.25.54:681][  0]LogConfig: Setting CVar [[r.TranslucencyLightingVolumeDim:64]]
[2020.07.04-00.25.54:681][  0]LogConfig: Setting CVar [[r.RefractionQuality:2]]
[2020.07.04-00.25.54:681][  0]LogConfig: Setting CVar [[r.SSR.Quality:3]]
[2020.07.04-00.25.54:681][  0]LogConfig: Setting CVar [[r.SSR.HalfResSceneColor:0]]
[2020.07.04-00.25.54:681][  0]LogConfig: Setting CVar [[r.SceneColorFormat:4]]
[2020.07.04-00.25.54:681][  0]LogConfig: Setting CVar [[r.DetailMode:2]]
[2020.07.04-00.25.54:681][  0]LogConfig: Setting CVar [[r.TranslucencyVolumeBlur:1]]
[2020.07.04-00.25.54:681][  0]LogConfig: Setting CVar [[r.MaterialQualityLevel:1 ; High quality]]
[2020.07.04-00.25.54:681][  0]LogConfig: Setting CVar [[r.SSS.Scale:1]]
[2020.07.04-00.25.54:682][  0]LogConfig: Setting CVar [[r.SSS.SampleSet:2]]
[2020.07.04-00.25.54:682][  0]LogConfig: Setting CVar [[r.SSS.Quality:1]]
[2020.07.04-00.25.54:682][  0]LogConfig: Setting CVar [[r.SSS.HalfRes:1]]
[2020.07.04-00.25.54:682][  0]LogConfig: Setting CVar [[r.SSGI.Quality:3]]
[2020.07.04-00.25.54:682][  0]LogConfig: Setting CVar [[r.EmitterSpawnRateScale:1.0]]
[2020.07.04-00.25.54:682][  0]LogConfig: Setting CVar [[r.ParticleLightQuality:2]]
[2020.07.04-00.25.54:682][  0]LogConfig: Setting CVar [[r.SkyAtmosphere.AerialPerspectiveLUT.FastApplyOnOpaque:1 ; Always have FastSkyLUT 1 in this case to avoid wrong sky]]
[2020.07.04-00.25.54:682][  0]LogConfig: Setting CVar [[r.SkyAtmosphere.AerialPerspectiveLUT.SampleCountPerSlice:1]]
[2020.07.04-00.25.54:682][  0]LogConfig: Setting CVar [[r.SkyAtmosphere.AerialPerspectiveLUT.DepthResolution:16.0]]
[2020.07.04-00.25.54:682][  0]LogConfig: Setting CVar [[r.SkyAtmosphere.FastSkyLUT:1]]
[2020.07.04-00.25.54:682][  0]LogConfig: Setting CVar [[r.SkyAtmosphere.FastSkyLUT.SampleCountMin:4.0]]
[2020.07.04-00.25.54:682][  0]LogConfig: Setting CVar [[r.SkyAtmosphere.FastSkyLUT.SampleCountMax:32.0]]
[2020.07.04-00.25.54:682][  0]LogConfig: Setting CVar [[r.SkyAtmosphere.SampleCountMin:4.0]]
[2020.07.04-00.25.54:683][  0]LogConfig: Setting CVar [[r.SkyAtmosphere.SampleCountMax:32.0]]
[2020.07.04-00.25.54:683][  0]LogConfig: Setting CVar [[r.SkyAtmosphere.TransmittanceLUT.UseSmallFormat:0]]
[2020.07.04-00.25.54:683][  0]LogConfig: Setting CVar [[r.SkyAtmosphere.TransmittanceLUT.SampleCount:10.0]]
[2020.07.04-00.25.54:683][  0]LogConfig: Setting CVar [[r.SkyAtmosphere.MultiScatteringLUT.SampleCount:15.0]]
[2020.07.04-00.25.54:683][  0]LogConfig: Applying CVar settings from Section [FoliageQuality@3] File [C:/Users/boudo/Documents/Unreal Projects/firstproject_2/Saved/Config/Windows/Scalability.ini]
[2020.07.04-00.25.54:683][  0]LogConfig: Setting CVar [[foliage.DensityScale:1.0]]
[2020.07.04-00.25.54:683][  0]LogConfig: Setting CVar [[grass.DensityScale:1.0]]
[2020.07.04-00.25.54:683][  0]LogConfig: Applying CVar settings from Section [ShadingQuality@3] File [C:/Users/boudo/Documents/Unreal Projects/firstproject_2/Saved/Config/Windows/Scalability.ini]
[2020.07.04-00.25.54:683][  0]LogConfig: Setting CVar [[r.HairStrands.SkyLighting.SampleCount:16]]
[2020.07.04-00.25.54:683][  0]LogConfig: Setting CVar [[r.HairStrands.SkyLighting.JitterIntegration:0]]
[2020.07.04-00.25.54:683][  0]LogConfig: Setting CVar [[r.HairStrands.SkyAO.SampleCount:16]]
[2020.07.04-00.25.54:683][  0]LogConfig: Applying CVar settings from Section [Startup] File [../../../Engine/Config/ConsoleVariables.ini]
[2020.07.04-00.25.54:684][  0]LogConfig: Setting CVar [[net.UseAdaptiveNetUpdateFrequency:0]]
[2020.07.04-00.25.54:684][  0]LogConfig: Setting CVar [[p.chaos.AllowCreatePhysxBodies:1]]
[2020.07.04-00.25.54:684][  0]LogConfig: Applying CVar settings from Section [ConsoleVariables] File [C:/Users/boudo/Documents/Unreal Projects/firstproject_2/Saved/Config/Windows/Engine.ini]
[2020.07.04-00.25.54:684][  0]LogInit: Computer: MSI
[2020.07.04-00.25.54:684][  0]LogInit: User: boudo
[2020.07.04-00.25.54:684][  0]LogInit: CPU Page size=4096, Cores=6
[2020.07.04-00.25.54:684][  0]LogInit: High frequency timer resolution =10.000000 MHz
[2020.07.04-00.25.54:685][  0]LogMemory: Memory total: Physical=31.8GB (32GB approx)
[2020.07.04-00.25.54:685][  0]LogMemory: Platform Memory Stats for Windows
[2020.07.04-00.25.54:685][  0]LogMemory: Process Physical Memory: 106.67 MB used, 106.68 MB peak
[2020.07.04-00.25.54:685][  0]LogMemory: Process Virtual Memory: 102.43 MB used, 102.43 MB peak
[2020.07.04-00.25.54:685][  0]LogMemory: Physical Memory: 9132.04 MB used,  23479.80 MB free, 32611.84 MB total
[2020.07.04-00.25.54:685][  0]LogMemory: Virtual Memory: 5158.97 MB used,  134212568.00 MB free, 134217728.00 MB total
[2020.07.04-00.25.54:998][  0]LogWindows: WindowsPlatformFeatures enabled
[2020.07.04-00.25.55:120][  0]LogInit: Using OS detected language (en-US).
[2020.07.04-00.25.55:120][  0]LogInit: Using OS detected locale (en-US).
[2020.07.04-00.25.55:121][  0]LogTextLocalizationManager: No specific localization for 'en-US' exists, so the 'en' localization will be used.
[2020.07.04-00.25.55:333][  0]LogInit: Setting process to per monitor DPI aware
[2020.07.04-00.25.55:395][  0]LogSlate: New Slate User Created.  User Index 0, Is Virtual User: 0
[2020.07.04-00.25.55:395][  0]LogSlate: Slate User Registered.  User Index 0, Is Virtual User: 0
[2020.07.04-00.25.55:601][  0]LogHMD: Failed to initialize OpenVR with code 110
[2020.07.04-00.25.55:601][  0]LogD3D11RHI: D3D11 min allowed feature level: 11_0
[2020.07.04-00.25.55:601][  0]LogD3D11RHI: D3D11 max allowed feature level: 11_0
[2020.07.04-00.25.55:601][  0]LogD3D11RHI: D3D11 adapters:
[2020.07.04-00.25.55:720][  0]LogD3D11RHI:    0. 'NVIDIA GeForce RTX 2060' (Feature Level 11_0)
[2020.07.04-00.25.55:720][  0]LogD3D11RHI:       5980/0/16305 MB DedicatedVideo/DedicatedSystem/SharedSystem, Outputs:1, VendorId:0x10de
[2020.07.04-00.25.55:760][  0]LogD3D11RHI:    1. 'Intel(R) UHD Graphics 630' (Feature Level 11_0)
[2020.07.04-00.25.55:760][  0]LogD3D11RHI:       128/0/16305 MB DedicatedVideo/DedicatedSystem/SharedSystem, Outputs:0, VendorId:0x8086
[2020.07.04-00.25.55:766][  0]LogD3D11RHI:    2. 'Microsoft Basic Render Driver' (Feature Level 11_0)
[2020.07.04-00.25.55:767][  0]LogD3D11RHI:       0/0/16305 MB DedicatedVideo/DedicatedSystem/SharedSystem, Outputs:0, VendorId:0x1414
[2020.07.04-00.25.55:767][  0]LogD3D11RHI: Chosen D3D11 Adapter: 0
[2020.07.04-00.25.55:824][  0]LogD3D11RHI: Creating new Direct3DDevice
[2020.07.04-00.25.55:824][  0]LogD3D11RHI:     GPU DeviceId: 0x1f15 (for the marketing name, search the web for "GPU Device Id")
[2020.07.04-00.25.55:824][  0]LogWindows: EnumDisplayDevices:
[2020.07.04-00.25.55:824][  0]LogWindows:    0. 'Intel(R) UHD Graphics 630' (P:1 D:1)
[2020.07.04-00.25.55:825][  0]LogWindows:    1. 'Intel(R) UHD Graphics 630' (P:0 D:0)
[2020.07.04-00.25.55:825][  0]LogWindows:    2. 'Intel(R) UHD Graphics 630' (P:0 D:0)
[2020.07.04-00.25.55:826][  0]LogWindows:    3. 'NVIDIA GeForce RTX 2060' (P:0 D:0)
[2020.07.04-00.25.55:826][  0]LogWindows: DebugString: PrimaryIsNotTheChoosenAdapter PrimaryIsNotTheChoosenAdapter PrimaryIsNotTheChoosenAdapter 
[2020.07.04-00.25.55:826][  0]LogD3D11RHI:     Adapter Name: NVIDIA GeForce RTX 2060
[2020.07.04-00.25.55:826][  0]LogD3D11RHI:   Driver Version: 445.87 (internal:26.21.14.4587, unified:445.87)
[2020.07.04-00.25.55:827][  0]LogD3D11RHI:      Driver Date: 4-3-2020
[2020.07.04-00.25.55:827][  0]LogRHI: Texture pool is 4186 MB (70% of 5980 MB)
[2020.07.04-00.25.55:896][  0]LogD3D11RHI: RHI has support for 64 bit atomics
[2020.07.04-00.25.55:896][  0]LogD3D11RHI: Async texture creation enabled
[2020.07.04-00.25.55:909][  0]LogD3D11RHI: GPU Timing Frequency: 1000.000000 (Debug: 2 1)
[2020.07.04-00.25.56:220][  0]LogTargetPlatformManager: Display: Loaded TargetPlatform 'AllDesktop'
[2020.07.04-00.25.56:277][  0]LogTargetPlatformManager: Display: Loaded TargetPlatform 'Android'
[2020.07.04-00.25.56:277][  0]LogTargetPlatformManager: Display: Loaded TargetPlatform 'Android_ASTC'
[2020.07.04-00.25.56:277][  0]LogTargetPlatformManager: Display: Loaded TargetPlatform 'Android_ATC'
[2020.07.04-00.25.56:277][  0]LogTargetPlatformManager: Display: Loaded TargetPlatform 'Android_DXT'
[2020.07.04-00.25.56:278][  0]LogTargetPlatformManager: Display: Loaded TargetPlatform 'Android_ETC1'
[2020.07.04-00.25.56:278][  0]LogTargetPlatformManager: Display: Loaded TargetPlatform 'Android_ETC1a'
[2020.07.04-00.25.56:278][  0]LogTargetPlatformManager: Display: Loaded TargetPlatform 'Android_ETC2'
[2020.07.04-00.25.56:278][  0]LogTargetPlatformManager: Display: Loaded TargetPlatform 'Android_PVRTC'
[2020.07.04-00.25.56:278][  0]LogTargetPlatformManager: Display: Loaded TargetPlatform 'AndroidClient'
[2020.07.04-00.25.56:278][  0]LogTargetPlatformManager: Display: Loaded TargetPlatform 'Android_ASTCClient'
[2020.07.04-00.25.56:278][  0]LogTargetPlatformManager: Display: Loaded TargetPlatform 'Android_ATCClient'
[2020.07.04-00.25.56:278][  0]LogTargetPlatformManager: Display: Loaded TargetPlatform 'Android_DXTClient'
[2020.07.04-00.25.56:278][  0]LogTargetPlatformManager: Display: Loaded TargetPlatform 'Android_ETC1Client'
[2020.07.04-00.25.56:278][  0]LogTargetPlatformManager: Display: Loaded TargetPlatform 'Android_ETC1aClient'
[2020.07.04-00.25.56:279][  0]LogTargetPlatformManager: Display: Loaded TargetPlatform 'Android_ETC2Client'
[2020.07.04-00.25.56:279][  0]LogTargetPlatformManager: Display: Loaded TargetPlatform 'Android_PVRTCClient'
[2020.07.04-00.25.56:279][  0]LogTargetPlatformManager: Display: Loaded TargetPlatform 'Android_Multi'
[2020.07.04-00.25.56:279][  0]LogTargetPlatformManager: Display: Loaded TargetPlatform 'Android_MultiClient'
[2020.07.04-00.25.56:332][  0]LogTargetPlatformManager: Display: Loaded TargetPlatform 'IOSClient'
[2020.07.04-00.25.56:332][  0]LogTargetPlatformManager: Display: Loaded TargetPlatform 'IOS'
[2020.07.04-00.25.56:383][  0]LogTargetPlatformManager: Display: Loaded TargetPlatform 'Lumin'
[2020.07.04-00.25.56:383][  0]LogTargetPlatformManager: Display: Loaded TargetPlatform 'LuminClient'
[2020.07.04-00.25.56:415][  0]LogTargetPlatformManager: Display: Loaded TargetPlatform 'TVOSClient'
[2020.07.04-00.25.56:415][  0]LogTargetPlatformManager: Display: Loaded TargetPlatform 'TVOS'
[2020.07.04-00.25.56:437][  0]LogTargetPlatformManager: Display: Loaded TargetPlatform 'WindowsNoEditor'
[2020.07.04-00.25.56:461][  0]LogTargetPlatformManager: Display: Loaded TargetPlatform 'Windows'
[2020.07.04-00.25.56:484][  0]LogTargetPlatformManager: Display: Loaded TargetPlatform 'WindowsClient'
[2020.07.04-00.25.56:507][  0]LogTargetPlatformManager: Display: Loaded TargetPlatform 'WindowsServer'
[2020.07.04-00.25.56:530][  0]LogTargetPlatformManager: Display: Loaded TargetPlatform 'XXX'
[2020.07.04-00.25.56:530][  0]LogTargetPlatformManager: Display: Building Assets For Windows
[2020.07.04-00.25.56:563][  0]LogAudioDebug: Display: Lib vorbis DLL was dynamically loaded.
[2020.07.04-00.25.56:748][  0]LogShaderCompilers: Guid format shader working directory is -13 characters bigger than the processId version (../../../../../../Documents/Unreal Projects/firstproject_2/Intermediate/Shaders/WorkingDirectory/10900/).
[2020.07.04-00.25.56:748][  0]LogShaderCompilers: Cleaned the shader compiler working directory 'C:/Users/boudo/AppData/Local/Temp/UnrealShaderWorkingDir/AE8DFC034462D4B5940FB1BAF68E9CC9/'.
[2020.07.04-00.25.56:748][  0]LogXGEController: Cleaning working directory: C:/Users/boudo/AppData/Local/Temp/UnrealXGEWorkingDir/
[2020.07.04-00.25.56:748][  0]LogXGEController: Cannot use XGE Controller as Incredibuild is not installed on this machine.
[2020.07.04-00.25.56:748][  0]LogShaderCompilers: Cannot use XGE Shader Compiler as Incredibuild is not installed on this machine.
[2020.07.04-00.25.56:749][  0]LogShaderCompilers: Display: Using Local Shader Compiler.
[2020.07.04-00.25.57:698][  0]LogDerivedDataCache: Display: Max Cache Size: 512 MB
[2020.07.04-00.25.57:779][  0]LogDerivedDataCache: Loaded boot cache 0.08s 100MB ../../../../../../Documents/Unreal Projects/firstproject_2/DerivedDataCache/Boot.ddc.
[2020.07.04-00.25.57:779][  0]LogDerivedDataCache: Display: Loaded Boot cache: ../../../../../../Documents/Unreal Projects/firstproject_2/DerivedDataCache/Boot.ddc
[2020.07.04-00.25.57:779][  0]LogDerivedDataCache: FDerivedDataBackendGraph:  Pak pak cache file ../../../../../../Documents/Unreal Projects/firstproject_2/DerivedDataCache/DDC.ddp not found, will not use a pak cache.
[2020.07.04-00.25.57:780][  0]LogDerivedDataCache: Unable to find inner node Pak for hierarchical cache Hierarchy.
[2020.07.04-00.25.57:780][  0]LogDerivedDataCache: FDerivedDataBackendGraph:  EnginePak pak cache file ../../../Engine/DerivedDataCache/DDC.ddp not found, will not use a pak cache.
[2020.07.04-00.25.57:780][  0]LogDerivedDataCache: Unable to find inner node EnginePak for hierarchical cache Hierarchy.
[2020.07.04-00.25.57:783][  0]LogDerivedDataCache: Using Local data cache path ../../../Engine/DerivedDataCache: Writable
[2020.07.04-00.25.57:783][  0]LogDerivedDataCache: Shared data cache path not found in *engine.ini, will not use an Shared cache.
[2020.07.04-00.25.57:783][  0]LogDerivedDataCache: Unable to find inner node Shared for hierarchical cache Hierarchy.
[2020.07.04-00.25.57:818][  0]LogMaterial: Verifying Global Shaders for PCD3D_SM5
[2020.07.04-00.25.57:821][  0]LogSlate: Using FreeType 2.10.0
[2020.07.04-00.25.57:822][  0]LogSlate: SlateFontServices - WITH_FREETYPE: 1, WITH_HARFBUZZ: 1
[2020.07.04-00.25.57:895][  0]LogAssetRegistry: FAssetRegistry took 0.0056 seconds to start up
[2020.07.04-00.25.58:269][  0]LogInit: Selected Device Profile: [Windows]
[2020.07.04-00.25.58:600][  0]LogMeshReduction: Using QuadricMeshReduction for automatic static mesh reduction
[2020.07.04-00.25.58:600][  0]LogMeshReduction: Using SimplygonMeshReduction for automatic skeletal mesh reduction
[2020.07.04-00.25.58:601][  0]LogMeshReduction: Using ProxyLODMeshReduction for automatic mesh merging
[2020.07.04-00.25.58:601][  0]LogMeshReduction: No distributed automatic mesh merging module available
[2020.07.04-00.25.58:601][  0]LogMeshMerging: No distributed automatic mesh merging module available
[2020.07.04-00.25.58:617][  0]LogNetVersion: firstproject_2 1.0.0, NetCL: 0, EngineNetVer: 13, GameNetVer: 0 (Checksum: 3456046598)
[2020.07.04-00.25.59:315][  0]LogStreaming: Warning: Failed to read file '../../../Engine/Platforms/XXX/Engine/Content/Launcher/Platform_XXX_24x.png' error.
[2020.07.04-00.25.59:316][  0]LogSlate: Could not find file for Slate resource: ../../../Engine/Platforms/XXX/Engine/Content/Launcher/Platform_XXX_24x.png
[2020.07.04-00.25.59:316][  0]LogStreaming: Warning: Failed to read file '../../../Engine/Platforms/XXX/Engine/Content/Launcher/Platform_XXX_128x.png' error.
[2020.07.04-00.25.59:316][  0]LogSlate: Could not find file for Slate resource: ../../../Engine/Platforms/XXX/Engine/Content/Launcher/Platform_XXX_128x.png
[2020.07.04-00.25.59:316][  0]LogStreaming: Warning: Failed to read file '../../../Engine/Platforms/XXX/Engine/Content/Launcher/Platform_XXX_128x.png' error.
[2020.07.04-00.25.59:316][  0]LogSlate: Could not find file for Slate resource: ../../../Engine/Platforms/XXX/Engine/Content/Launcher/Platform_XXX_128x.png
[2020.07.04-00.25.59:939][  0]LogPackageLocalizationCache: Processed 19 localized package path(s) for 1 prioritized culture(s) in 0.080837 seconds
[2020.07.04-00.25.59:947][  0]LogUObjectArray: 46729 objects as part of root set at end of initial load.
[2020.07.04-00.25.59:947][  0]LogUObjectAllocator: 8133432 out of 0 bytes used by permanent object pool.
[2020.07.04-00.25.59:947][  0]LogUObjectArray: CloseDisregardForGC: 0/0 objects in disregard for GC pool
[2020.07.04-00.26.01:422][  0]LogTcpMessaging: Initializing TcpMessaging bridge
[2020.07.04-00.26.01:436][  0]LogUdpMessaging: Initializing bridge on interface 0.0.0.0:0 to multicast group 230.0.0.1:6666.
[2020.07.04-00.26.02:083][  0]SourceControl: Source control is disabled
[2020.07.04-00.26.02:083][  0]SourceControl: Source control is disabled
[2020.07.04-00.26.02:097][  0]SourceControl: Source control is disabled
[2020.07.04-00.26.02:112][  0]SourceControl: Source control is disabled
[2020.07.04-00.26.02:122][  0]SourceControl: Source control is disabled
[2020.07.04-00.26.03:316][  0]LogAndroidPermission: UAndroidPermissionCallbackProxy::GetInstance
[2020.07.04-00.26.03:400][  0]LogAudioCaptureCore: Display: No Audio Capture implementations found. Audio input will be silent.
[2020.07.04-00.26.03:400][  0]LogAudioCaptureCore: Display: No Audio Capture implementations found. Audio input will be silent.
[2020.07.04-00.26.03:554][  0]LogOcInput: OculusInput pre-init called
[2020.07.04-00.26.03:593][  0]LogWindows: Failed to load 'OVRPlugin.dll' (GetLastError=126)
[2020.07.04-00.26.03:594][  0]LogWindows: File 'OVRPlugin.dll' does not exist
[2020.07.04-00.26.03:744][  0]LogEngine: Initializing Engine...
[2020.07.04-00.26.03:745][  0]LogHMD: Failed to initialize OpenVR with code 110
[2020.07.04-00.26.03:746][  0]LogStats: UGameplayTagsManager::InitializeManager -  0.000 s
[2020.07.04-00.26.04:178][  0]LogInit: Initializing FReadOnlyCVARCache
[2020.07.04-00.26.04:202][  0]LogAIModule: Creating AISystem for world Untitled
[2020.07.04-00.26.04:239][  0]LogAudioMixer: Display: Audio Mixer Platform Settings:
[2020.07.04-00.26.04:239][  0]LogAudioMixer: Display: 	Sample Rate:						  48000
[2020.07.04-00.26.04:239][  0]LogAudioMixer: Display: 	Callback Buffer Frame Size Requested: 1024
[2020.07.04-00.26.04:240][  0]LogAudioMixer: Display: 	Callback Buffer Frame Size To Use:	  1024
[2020.07.04-00.26.04:240][  0]LogAudioMixer: Display: 	Number of buffers to queue:			  2
[2020.07.04-00.26.04:240][  0]LogAudioMixer: Display: 	Max Channels (voices):				  32
[2020.07.04-00.26.04:240][  0]LogAudioMixer: Display: 	Number of Async Source Workers:		  0
[2020.07.04-00.26.04:240][  0]LogAudio: Display: AudioDevice MaxSources: 32
[2020.07.04-00.26.04:240][  0]LogAudio: Display: Using built-in audio occlusion.
[2020.07.04-00.26.04:241][  0]LogAudioMixer: Display: Initializing audio mixer.
[2020.07.04-00.26.04:364][  0]LogAudioMixer: Display: Audio Device Output Speaker Info:
[2020.07.04-00.26.04:365][  0]LogAudioMixer: Display: Name: Speakers (Realtek(R) Audio)
[2020.07.04-00.26.04:365][  0]LogAudioMixer: Display: Is Default: Yes
[2020.07.04-00.26.04:365][  0]LogAudioMixer: Display: Sample Rate: 48000
[2020.07.04-00.26.04:365][  0]LogAudioMixer: Display: Channel Count Used: 8
[2020.07.04-00.26.04:365][  0]LogAudioMixer: Display: Device Channel Count: 8
[2020.07.04-00.26.04:365][  0]LogAudioMixer: Display: Channel Order:
[2020.07.04-00.26.04:365][  0]LogAudioMixer: Display: 0: FrontLeft
[2020.07.04-00.26.04:365][  0]LogAudioMixer: Display: 1: FrontRight
[2020.07.04-00.26.04:365][  0]LogAudioMixer: Display: 2: FrontCenter
[2020.07.04-00.26.04:366][  0]LogAudioMixer: Display: 3: LowFrequency
[2020.07.04-00.26.04:366][  0]LogAudioMixer: Display: 4: BackLeft
[2020.07.04-00.26.04:366][  0]LogAudioMixer: Display: 5: BackRight
[2020.07.04-00.26.04:366][  0]LogAudioMixer: Display: 6: SideLeft
[2020.07.04-00.26.04:366][  0]LogAudioMixer: Display: 7: SideRight
[2020.07.04-00.26.04:654][  0]LogAudioMixer: Display: Using Audio Device Speakers (Realtek(R) Audio)
[2020.07.04-00.26.04:660][  0]LogInit: FAudioDevice initialized.
[2020.07.04-00.26.04:661][  0]LogNetVersion: Set ProjectVersion to 1.0.0.0. Version Checksum will be recalculated on next use.
[2020.07.04-00.26.04:738][  0]LogDerivedDataCache: Saved boot cache 0.08s 100MB ../../../../../../Documents/Unreal Projects/firstproject_2/DerivedDataCache/Boot.ddc.
[2020.07.04-00.26.04:743][  0]LogInit: Texture streaming: Enabled
[2020.07.04-00.26.04:825][  0]LogEngineSessionManager: EngineSessionManager initialized
[2020.07.04-00.26.04:825][  0]LogEngineSessionManager: EngineSessionManager sent abnormal shutdown report. Type=Debugger, SessionId={E93AC491-4672-8FCE-B340-0B815D64804D}
[2020.07.04-00.26.04:825][  0]LogEngineSessionManager: EngineSessionManager sent abnormal shutdown report. Type=Debugger, SessionId={39754A21-41F3-B18A-9963-E591C6507DB2}
[2020.07.04-00.26.04:825][  0]LogEditorSessionSummary: Verbose: Initializing EditorSessionSummaryWriter for editor session tracking
[2020.07.04-00.26.04:830][  0]LogEditorSessionSummary: EditorSessionSummaryWriter initialized
[2020.07.04-00.26.04:902][  0]LogInit: Transaction tracking system initialized
[2020.07.04-00.26.04:988][  0]BlueprintLog: New page: Editor Load
[2020.07.04-00.26.05:224][  0]LocalizationService: Localization service is disabled
[2020.07.04-00.26.05:808][  0]LogFileCache: Scanning file cache for directory 'C:/Users/boudo/Documents/Unreal Projects/firstproject_2/Content/' took 0.01s
[2020.07.04-00.26.05:808][  0]LogCook: Display: Max memory allowance for cook 16384mb min free memory 0mb
[2020.07.04-00.26.05:809][  0]LogCook: Display: Mobile HDR setting 1
[2020.07.04-00.26.06:808][  0]LogStreaming: Warning: Failed to read file '../../../Engine/Platforms/XXX/Engine/Content/Launcher/Platform_XXX_24x.png' error.
[2020.07.04-00.26.06:808][  0]LogSlate: Could not find file for Slate resource: ../../../Engine/Platforms/XXX/Engine/Content/Launcher/Platform_XXX_24x.png
[2020.07.04-00.26.06:809][  0]LogStreaming: Warning: Failed to read file '../../../Engine/Platforms/XXX/Engine/Content/Launcher/Platform_XXX_128x.png' error.
[2020.07.04-00.26.06:809][  0]LogSlate: Could not find file for Slate resource: ../../../Engine/Platforms/XXX/Engine/Content/Launcher/Platform_XXX_128x.png
[2020.07.04-00.26.06:809][  0]LogStreaming: Warning: Failed to read file '../../../Engine/Platforms/XXX/Engine/Content/Launcher/Platform_XXX_128x.png' error.
[2020.07.04-00.26.06:809][  0]LogSlate: Could not find file for Slate resource: ../../../Engine/Platforms/XXX/Engine/Content/Launcher/Platform_XXX_128x.png
[2020.07.04-00.26.07:126][  0]SourceControl: Source control is disabled
[2020.07.04-00.26.07:126][  0]Cmd: MAP LOAD FILE="../../../../../../Documents/Unreal Projects/firstproject_2/Content/FirstPersonCPP/Maps/FirstPersonExampleMap.umap" TEMPLATE=0 SHOWPROGRESS=1 FEATURELEVEL=3
[2020.07.04-00.26.07:127][  0]LightingResults: New page: Lighting Build
[2020.07.04-00.26.07:128][  0]LogWorld: UWorld::CleanupWorld for Untitled, bSessionEnded=true, bCleanupResources=true
[2020.07.04-00.26.07:128][  0]LogSlate: InvalidateAllWidgets triggered.  All widgets were invalidated
[2020.07.04-00.26.07:128][  0]MapCheck: New page: Map Check
[2020.07.04-00.26.07:129][  0]LightingResults: New page: Lighting Build
[2020.07.04-00.26.07:173][  0]LogUObjectHash: Compacting FUObjectHashTables data took   2.91ms
[2020.07.04-00.26.07:286][  0]LogAIModule: Creating AISystem for world FirstPersonExampleMap
[2020.07.04-00.26.07:296][  0]LogMaterial: Display: Material /Game/StarterContent/Materials/M_CobbleStone_Smooth.M_CobbleStone_Smooth needed to have new flag set bUsedWithInstancedStaticMeshes !
[2020.07.04-00.26.07:308][  0]LogMaterial: Display: Missing cached shader map for material M_CobbleStone_Smooth, compiling. 
[2020.07.04-00.26.07:427][  0]MapCheck: Warning: M_CobbleStone_Smooth Material /Game/StarterContent/Materials/M_CobbleStone_Smooth.M_CobbleStone_Smooth was missing the usage flag bUsedWithInstancedStaticMeshes. If the material asset is not re-saved, it may not render correctly when run outside the editor. Fix
[2020.07.04-00.26.07:430][  0]LogSlate: New Slate User Created.  User Index 8, Is Virtual User: 1
[2020.07.04-00.26.07:430][  0]LogSlate: Slate User Registered.  User Index 8, Is Virtual User: 1
[2020.07.04-00.26.07:436][  0]LogShaderCompilers: Display: Worker (1/9): shaders left to compile 47
[2020.07.04-00.26.07:436][  0]LogShaderCompilers: Display: Worker (2/9): shaders left to compile 41
[2020.07.04-00.26.07:436][  0]LogShaderCompilers: Display: Worker (3/9): shaders left to compile 35
[2020.07.04-00.26.07:436][  0]LogShaderCompilers: Display: Worker (4/9): shaders left to compile 29
[2020.07.04-00.26.07:436][  0]LogShaderCompilers: Display: Worker (5/9): shaders left to compile 23
[2020.07.04-00.26.07:436][  0]LogShaderCompilers: Display: Worker (6/9): shaders left to compile 17
[2020.07.04-00.26.07:436][  0]LogShaderCompilers: Display: Worker (7/9): shaders left to compile 11
[2020.07.04-00.26.07:437][  0]LogShaderCompilers: Display: Worker (8/9): shaders left to compile 5
[2020.07.04-00.26.07:437][  0]LogEditorServer: Finished looking for orphan Actors (0.000 secs)
[2020.07.04-00.26.07:482][  0]LogUObjectHash: Compacting FUObjectHashTables data took   2.80ms
[2020.07.04-00.26.07:483][  0]Cmd: MAP CHECKDEP NOCLEARLOG
[2020.07.04-00.26.07:483][  0]MapCheck: Map check complete: 0 Error(s), 1 Warning(s), took 0.165ms to complete.
[2020.07.04-00.26.07:525][  0]LogFileHelpers: Loading map 'FirstPersonExampleMap' took 0.399
[2020.07.04-00.26.07:709][  0]LogSlate: Updating window title bar state: overlay mode, drag disabled, window buttons hidden, title bar hidden
[2020.07.04-00.26.07:723][  0]LogSlate: Updating window title bar state: overlay mode, drag disabled, window buttons hidden, title bar hidden
[2020.07.04-00.26.07:738][  0]LogSlate: Updating window title bar state: overlay mode, drag disabled, window buttons hidden, title bar hidden
[2020.07.04-00.26.07:752][  0]LogSlate: Updating window title bar state: overlay mode, drag disabled, window buttons hidden, title bar hidden
[2020.07.04-00.26.07:772][  0]LogCollectionManager: Loaded 0 collections in 0.006844 seconds
[2020.07.04-00.26.07:798][  0]LogFileCache: Scanning file cache for directory 'C:/Users/boudo/Documents/Unreal Projects/firstproject_2/Saved/Collections/' took 0.00s
[2020.07.04-00.26.07:798][  0]LogFileCache: Scanning file cache for directory 'C:/Users/boudo/Documents/Unreal Projects/firstproject_2/Content/Developers/boudo/Collections/' took 0.00s
[2020.07.04-00.26.07:798][  0]LogFileCache: Scanning file cache for directory 'C:/Users/boudo/Documents/Unreal Projects/firstproject_2/Content/Collections/' took 0.00s
[2020.07.04-00.26.07:798][  0]LogContentBrowser: Native class hierarchy populated in 0.0132 seconds. Added 3272 classes and 784 folders.
[2020.07.04-00.26.07:803][  0]LogContentBrowser: Native class hierarchy updated for 'WidgetCarousel' in 0.0007 seconds. Added 0 classes and 0 folders.
[2020.07.04-00.26.07:899][  0]LogContentBrowser: Native class hierarchy updated for 'AddContentDialog' in 0.0008 seconds. Added 0 classes and 0 folders.
[2020.07.04-00.26.07:908][  0]LogContentBrowser: Native class hierarchy updated for 'SceneOutliner' in 0.0009 seconds. Added 2 classes and 0 folders.
[2020.07.04-00.26.08:003][  0]LogSlate: Took 0.000266 seconds to synchronously load lazily loaded font '../../../Engine/Content/Slate/Fonts/Roboto-Regular.ttf' (155K)
[2020.07.04-00.26.08:007][  0]LogSlate: Took 0.000225 seconds to synchronously load lazily loaded font '../../../Engine/Content/Slate/Fonts/Roboto-Bold.ttf' (160K)
[2020.07.04-00.26.08:017][  0]LogSlate: Took 0.000271 seconds to synchronously load lazily loaded font '../../../Engine/Content/Editor/Slate/Fonts/FontAwesome.ttf' (139K)
[2020.07.04-00.26.08:164][  0]LogRenderer: Reallocating scene render targets to support 868x432 Format 10 NumSamples 1 (Frame:1).
[2020.07.04-00.26.08:421][  0]LogContentBrowser: Native class hierarchy updated for 'HierarchicalLODOutliner' in 0.0008 seconds. Added 0 classes and 0 folders.
[2020.07.04-00.26.08:422][  0]LogLoad: (Engine Initialization) Total time: 15.69 seconds
[2020.07.04-00.26.08:422][  0]LogLoad: (Engine Initialization) Total Blueprint compile time: 0.00 seconds
[2020.07.04-00.26.08:493][  0]LogContentStreaming: Texture pool size now 1000 MB
[2020.07.04-00.26.08:556][  0]LogSlate: Took 0.000207 seconds to synchronously load lazily loaded font '../../../Engine/Content/Slate/Fonts/Roboto-Light.ttf' (167K)
[2020.07.04-00.26.08:650][  1]LogAssetRegistry: Asset discovery search completed in 10.7580 seconds
[2020.07.04-00.26.08:660][  1]LogCollectionManager: Fixed up redirectors for 0 collections in 0.000020 seconds (updated 0 objects)
[2020.07.04-00.26.16:535][459]LogSlate: Took 0.000138 seconds to synchronously load lazily loaded font '../../../Engine/Content/Slate/Fonts/Roboto-Light.ttf' (167K)
[2020.07.04-00.26.16:597][459]Candidate modules for hot reload:
[2020.07.04-00.26.16:597][459]  DmapModule
[2020.07.04-00.26.16:597][459]Building UnrealBuildTool...
[2020.07.04-00.26.16:597][459]Building UnrealBuildTool in C:/Users/boudo/Desktop/unreal/UnrealEngine/...
[2020.07.04-00.26.16:598][459]Running: C:\Program Files (x86)\Microsoft Visual Studio\2017\Community\MSBuild\15.0\bin\MSBuild.exe /nologo /verbosity:quiet "C:/Users/boudo/Desktop/unreal/UnrealEngine/Engine/Source/Programs/UnrealBuildTool/UnrealBuildTool.csproj" /property:Configuration=Development /property:Platform=AnyCPU
[2020.07.04-00.26.17:104][459]Launching UnrealBuildTool... [C:/Users/boudo/Desktop/unreal/UnrealEngine/Engine/Binaries/DotNET/UnrealBuildTool.exe  -ModuleWithSuffix=DmapModule,2852 Win64 Development -TargetType=Editor -Project="C:/Users/boudo/Documents/Unreal Projects/firstproject_2/firstproject_2.uproject" "C:/Users/boudo/Documents/Unreal Projects/firstproject_2/firstproject_2.uproject"  -IgnoreJunk]
[2020.07.04-00.26.22:289][459]CompilerResultsLog: New page: Compilation - Jul 3, 2020, 9:26:22 AM
[2020.07.04-00.26.22:289][459]CompilerResultsLog: Using 'git status' to determine working set for adaptive non-unity build (C:\Users\boudo\Desktop\unreal\UnrealEngine).
[2020.07.04-00.26.22:289][459]CompilerResultsLog: Using 'git status' to determine working set for adaptive non-unity build (C:\Users\boudo\Documents\Unreal Projects).
[2020.07.04-00.26.22:289][459]CompilerResultsLog: Waiting for 'git status' command to complete
[2020.07.04-00.26.22:289][459]CompilerResultsLog: Building firstproject_2Editor...
[2020.07.04-00.26.22:290][459]CompilerResultsLog: Using Visual Studio 2017 14.16.27039 toolchain (C:\Program Files (x86)\Microsoft Visual Studio\2017\Community\VC\Tools\MSVC\14.16.27023) and Windows 10.0.18362.0 SDK (C:\Program Files (x86)\Windows Kits\10).
[2020.07.04-00.26.22:290][459]CompilerResultsLog: [Adaptive unity build] Excluded from DmapModule unity file: MapController.cpp, Octree.cpp
[2020.07.04-00.26.22:290][459]CompilerResultsLog: [Adaptive unity build] Excluded from DmapModule.gen unity file: DmapModule.init.gen.cpp, MapController.gen.cpp
[2020.07.04-00.26.22:290][459]CompilerResultsLog: Building 3 actions with 12 processes...
[2020.07.04-00.26.22:290][459]CompilerResultsLog:   [1/3] UE4Editor-DmapModule-2852.lib
[2020.07.04-00.26.22:290][459]CompilerResultsLog:      Creating library C:\Users\boudo\Documents\Unreal Projects\firstproject_2\Plugins\DmapModule\Intermediate\Build\Win64\UE4Editor\Development\DmapModule\UE4Editor-DmapModule-2852.lib and object C:\Users\boudo\Documents\Unreal Projects\firstproject_2\Plugins\DmapModule\Intermediate\Build\Win64\UE4Editor\Development\DmapModule\UE4Editor-DmapModule-2852.exp
[2020.07.04-00.26.22:291][459]CompilerResultsLog:   [2/3] UE4Editor-DmapModule-2852.dll
[2020.07.04-00.26.22:291][459]CompilerResultsLog:      Creating library C:\Users\boudo\Documents\Unreal Projects\firstproject_2\Plugins\DmapModule\Intermediate\Build\Win64\UE4Editor\Development\DmapModule\UE4Editor-DmapModule-2852.suppressed.lib and object C:\Users\boudo\Documents\Unreal Projects\firstproject_2\Plugins\DmapModule\Intermediate\Build\Win64\UE4Editor\Development\DmapModule\UE4Editor-DmapModule-2852.suppressed.exp
[2020.07.04-00.26.22:291][459]CompilerResultsLog:   [3/3] firstproject_2Editor.target
[2020.07.04-00.26.22:291][459]CompilerResultsLog: Total time in Parallel executor: 1.65 seconds
[2020.07.04-00.26.22:291][459]CompilerResultsLog: Total execution time: 5.08 seconds
[2020.07.04-00.26.22:291][459]LogMainFrame: MainFrame: Module compiling took 5.709 seconds
[2020.07.04-00.26.22:333][459]LogUObjectHash: Compacting FUObjectHashTables data took   0.87ms
[2020.07.04-00.26.22:375][459]LogContentBrowser: Native class hierarchy updated for 'DmapModule' in 0.0005 seconds. Added 6 classes and 3 folders.
[2020.07.04-00.26.22:378][459]Display: HotReload successful (4 functions remapped  0 scriptstructs remapped)
[2020.07.04-00.26.22:480][459]LogUObjectHash: Compacting FUObjectHashTables data took   1.79ms
[2020.07.04-00.26.22:498][459]LogContentBrowser: Native class hierarchy populated in 0.0119 seconds. Added 3272 classes and 784 folders.
[2020.07.04-00.26.22:498][459]Display: HotReload took  5.9s.
[2020.07.04-00.26.22:505][459]Warning: HotReload operation took  6.0s.
[2020.07.04-00.26.49:406][600]Candidate modules for hot reload:
[2020.07.04-00.26.49:406][600]  DmapModule
[2020.07.04-00.26.49:406][600]Launching UnrealBuildTool... [C:/Users/boudo/Desktop/unreal/UnrealEngine/Engine/Binaries/DotNET/UnrealBuildTool.exe  -ModuleWithSuffix=DmapModule,373 Win64 Development -TargetType=Editor -Project="C:/Users/boudo/Documents/Unreal Projects/firstproject_2/firstproject_2.uproject" "C:/Users/boudo/Documents/Unreal Projects/firstproject_2/firstproject_2.uproject"  -IgnoreJunk]
[2020.07.04-00.27.07:315][600]CompilerResultsLog: New page: Compilation - Jul 3, 2020, 9:27:07 AM
[2020.07.04-00.27.07:315][600]CompilerResultsLog: Using 'git status' to determine working set for adaptive non-unity build (C:\Users\boudo\Desktop\unreal\UnrealEngine).
[2020.07.04-00.27.07:315][600]CompilerResultsLog: Using 'git status' to determine working set for adaptive non-unity build (C:\Users\boudo\Documents\Unreal Projects).
[2020.07.04-00.27.07:315][600]CompilerResultsLog: Waiting for 'git status' command to complete
[2020.07.04-00.27.07:316][600]CompilerResultsLog: Parsing headers for firstproject_2Editor
[2020.07.04-00.27.07:316][600]CompilerResultsLog:   Running UnrealHeaderTool "C:\Users\boudo\Documents\Unreal Projects\firstproject_2\firstproject_2.uproject" "C:\Users\boudo\Documents\Unreal Projects\firstproject_2\Intermediate\Build\Win64\firstproject_2Editor\Development\firstproject_2Editor.uhtmanifest" -LogCmds="loginit warning, logexit warning, logdatabase error" -Unattended -WarningsAsErrors
[2020.07.04-00.27.07:316][600]CompilerResultsLog: Reflection code generated for firstproject_2Editor in 9.8702573 seconds
[2020.07.04-00.27.07:316][600]CompilerResultsLog: Building firstproject_2Editor...
[2020.07.04-00.27.07:316][600]CompilerResultsLog: Using Visual Studio 2017 14.16.27039 toolchain (C:\Program Files (x86)\Microsoft Visual Studio\2017\Community\VC\Tools\MSVC\14.16.27023) and Windows 10.0.18362.0 SDK (C:\Program Files (x86)\Windows Kits\10).
[2020.07.04-00.27.07:316][600]CompilerResultsLog: [Adaptive unity build] Excluded from DmapModule unity file: MapController.cpp, Octree.cpp
[2020.07.04-00.27.07:316][600]CompilerResultsLog: [Adaptive unity build] Excluded from DmapModule.gen unity file: DmapModule.init.gen.cpp, MapController.gen.cpp
[2020.07.04-00.27.07:317][600]CompilerResultsLog: Building 6 actions with 12 processes...
[2020.07.04-00.27.07:317][600]CompilerResultsLog:   [1/6] DmapModule.init.gen.cpp
[2020.07.04-00.27.07:317][600]CompilerResultsLog:   [2/6] MapController.gen.cpp
[2020.07.04-00.27.07:317][600]CompilerResultsLog:   [3/6] MapController.cpp
[2020.07.04-00.27.07:317][600]CompilerResultsLog:   [4/6] UE4Editor-DmapModule-0373.lib
[2020.07.04-00.27.07:317][600]CompilerResultsLog:      Creating library C:\Users\boudo\Documents\Unreal Projects\firstproject_2\Plugins\DmapModule\Intermediate\Build\Win64\UE4Editor\Development\DmapModule\UE4Editor-DmapModule-0373.lib and object C:\Users\boudo\Documents\Unreal Projects\firstproject_2\Plugins\DmapModule\Intermediate\Build\Win64\UE4Editor\Development\DmapModule\UE4Editor-DmapModule-0373.exp
[2020.07.04-00.27.07:317][600]CompilerResultsLog:   [5/6] UE4Editor-DmapModule-0373.dll
[2020.07.04-00.27.07:317][600]CompilerResultsLog:      Creating library C:\Users\boudo\Documents\Unreal Projects\firstproject_2\Plugins\DmapModule\Intermediate\Build\Win64\UE4Editor\Development\DmapModule\UE4Editor-DmapModule-0373.suppressed.lib and object C:\Users\boudo\Documents\Unreal Projects\firstproject_2\Plugins\DmapModule\Intermediate\Build\Win64\UE4Editor\Development\DmapModule\UE4Editor-DmapModule-0373.suppressed.exp
[2020.07.04-00.27.07:318][600]CompilerResultsLog:   [6/6] firstproject_2Editor.target
[2020.07.04-00.27.07:318][600]CompilerResultsLog: Total time in Parallel executor: 4.42 seconds
[2020.07.04-00.27.07:318][600]CompilerResultsLog: Total execution time: 17.81 seconds
[2020.07.04-00.27.07:318][600]LogMainFrame: MainFrame: Module compiling took 17.925 seconds
[2020.07.04-00.27.07:360][600]LogUObjectHash: Compacting FUObjectHashTables data took   0.87ms
[2020.07.04-00.27.07:377][600]LogContentBrowser: Native class hierarchy populated in 0.0110 seconds. Added 3272 classes and 784 folders.
[2020.07.04-00.27.07:377][600]Display: HotReload took 18.0s.
[2020.07.04-00.27.07:386][600]Warning: HotReload operation took 18.0s.
[2020.07.04-00.27.13:847][982]LogAssetEditorSubsystem: Opening Asset editor for Blueprint /DmapModule/UMG/map_listener.map_listener
[2020.07.04-00.27.14:155][982]LogContentBrowser: Native class hierarchy updated for 'BlueprintGraph' in 0.0008 seconds. Added 121 classes and 0 folders.
[2020.07.04-00.27.15:282][982]LogSlate: Took 0.001172 seconds to synchronously load lazily loaded font '../../../Engine/Content/Slate/Fonts/Roboto-BoldCondensed.ttf' (158K)
[2020.07.04-00.27.15:333][983]LogSlate: Took 0.001297 seconds to synchronously load lazily loaded font '../../../Engine/Content/Slate/Fonts/Roboto-Italic.ttf' (157K)
[2020.07.04-00.27.21:306][337]LogSlate: Window 'map_listener' being destroyed
[2020.07.04-00.27.21:313][337]LogWorld: UWorld::CleanupWorld for World_1, bSessionEnded=true, bCleanupResources=true
[2020.07.04-00.27.21:313][337]LogSlate: InvalidateAllWidgets triggered.  All widgets were invalidated
[2020.07.04-00.27.33:715][ 64]LogAssetEditorSubsystem: Opening Asset editor for WidgetBlueprint /DmapModule/UMG/3d_map_list_view.3d_map_list_view
[2020.07.04-00.27.48:718][886]Cmd: OBJ SAVEPACKAGE PACKAGE="/DmapModule/UMG/3d_map_list_view" FILE="../../../../../../Documents/Unreal Projects/firstproject_2/Plugins/DmapModule/Content/UMG/3d_map_list_view.uasset" SILENT=true
[2020.07.04-00.27.48:750][886]LogSavePackage: Moving '../../../../../../Documents/Unreal Projects/firstproject_2/Saved/3d_map_list_view4EB18AD24CE745B59315EFA6A0F3BAF0.tmp' to '../../../../../../Documents/Unreal Projects/firstproject_2/Plugins/DmapModule/Content/UMG/3d_map_list_view.uasset'
[2020.07.04-00.27.48:771][886]AssetCheck: New page: Asset Save: 3d_map_list_view
[2020.07.04-00.27.48:771][886]LogContentValidation: Display: Validating WidgetBlueprint /DmapModule/UMG/3d_map_list_view.3d_map_list_view
[2020.07.04-00.27.49:438][926]BlueprintLog: New page: Compile 3d_map_list_view
[2020.07.04-00.27.49:447][926]LogBlueprint: Error: [Compiler 3d_map_list_view] The current value of the ' P Octree Node Archetypes ' pin is invalid: Array inputs (like 'P Octree Node Archetypes') must have an input wired into them (try connecting a MakeArray node).
[2020.07.04-00.27.49:842][926]LogUObjectHash: Compacting FUObjectHashTables data took   6.27ms
[2020.07.04-00.28.13:897][315]LogHttp: Warning: 0000029BDBD89D00: invalid HTTP response code received. URL: https://datarouter.ol.epicgames.com/datarouter/api/v1/public/data?SessionID=%7B2499C9FC-4636-FEF1-4F81-A09E7F638BF4%7D&AppID=UEEditor.UnrealEngine.Release&AppVersion=4.24.3-0%2B%2B%2BUE4%2BRelease-4.24&UserID=e617e32349f924e858a12385d2246aa9%7C6da5b25e32b8422ab8b402bbb1fdb050%7C6ac7ee57-0757-4616-a4c4-913c3c45243a&AppEnvironment=datacollector-source&UploadType=eteventstream, HTTP code: 0, content length: 0, actual payload size: 0
[2020.07.04-00.28.13:897][315]LogHttp: Warning: 0000029BDBD89D00: request failed, libcurl error: 0 (No error)
[2020.07.04-00.28.13:897][315]LogHttp: Warning: 0000029BDBD89D00: libcurl info message cache 0 (Found bundle for host datarouter.ol.epicgames.com: 0x29bf003bf70 [can pipeline])
[2020.07.04-00.28.13:898][315]LogHttp: Warning: 0000029BDBD89D00: libcurl info message cache 1 (Re-using existing connection! (#0) with host datarouter.ol.epicgames.com)
[2020.07.04-00.28.13:898][315]LogHttp: Warning: 0000029BDBD89D00: libcurl info message cache 2 (Connected to datarouter.ol.epicgames.com (52.73.243.175) port 443 (#0))
[2020.07.04-00.28.13:898][315]LogHttp: Warning: 0000029BDBD89D00: libcurl info message cache 3 (We are completely uploaded and fine)
[2020.07.04-00.28.13:898][315]LogHttp: Warning: 0000029BDBD89D00: libcurl info message cache 4 (TLSv1.2 (IN), TLS alert, Client hello (1):)
[2020.07.04-00.28.13:898][315]LogHttp: Warning: 0000029BDBD89D00: libcurl info message cache 5 (Connection died, retrying a fresh connect)
[2020.07.04-00.28.13:898][315]LogHttp: Warning: 0000029BDBD89D00: libcurl info message cache 6 (necessary data rewind wasn't possible)
[2020.07.04-00.28.13:898][315]LogHttp: Warning: 0000029BDBD89D00: libcurl info message cache 7 (Closing connection 0)
[2020.07.04-00.28.13:899][315]LogHttp: Warning: 0000029BDBD89D00: libcurl info message cache 8 (TLSv1.2 (OUT), TLS alert, Client hello (1):)
[2020.07.04-00.28.13:912][316]LogHttp: Warning: Retry exhausted on https://datarouter.ol.epicgames.com/datarouter/api/v1/public/data?SessionID=%7B2499C9FC-4636-FEF1-4F81-A09E7F638BF4%7D&AppID=UEEditor.UnrealEngine.Release&AppVersion=4.24.3-0%2B%2B%2BUE4%2BRelease-4.24&UserID=e617e32349f924e858a12385d2246aa9%7C6da5b25e32b8422ab8b402bbb1fdb050%7C6ac7ee57-0757-4616-a4c4-913c3c45243a&AppEnvironment=datacollector-source&UploadType=eteventstream
[2020.07.04-00.28.42:699][ 30]Cmd: OBJ SAVEPACKAGE PACKAGE="/DmapModule/UMG/3d_map_list_view" FILE="../../../../../../Documents/Unreal Projects/firstproject_2/Plugins/DmapModule/Content/UMG/3d_map_list_view.uasset" SILENT=true
[2020.07.04-00.28.42:728][ 30]LogSavePackage: Moving '../../../../../../Documents/Unreal Projects/firstproject_2/Saved/3d_map_list_view1B7C3ADA4D5CF7DD24EE5786461655DE.tmp' to '../../../../../../Documents/Unreal Projects/firstproject_2/Plugins/DmapModule/Content/UMG/3d_map_list_view.uasset'
[2020.07.04-00.28.42:749][ 30]AssetCheck: New page: Asset Save: 3d_map_list_view
[2020.07.04-00.28.42:749][ 30]LogContentValidation: Display: Validating WidgetBlueprint /DmapModule/UMG/3d_map_list_view.3d_map_list_view
[2020.07.04-00.28.43:536][ 77]BlueprintLog: New page: Compile 3d_map_list_view
[2020.07.04-00.28.43:544][ 77]LogBlueprint: Error: [Compiler 3d_map_list_view] This blueprint (self) is not a MapController, therefore ' Target ' must have a connection.
[2020.07.04-00.28.43:544][ 77]LogBlueprint: Error: [Compiler 3d_map_list_view] The current value of the ' P Octree Node Archetypes ' pin is invalid: Array inputs (like 'P Octree Node Archetypes') must have an input wired into them (try connecting a MakeArray node).
[2020.07.04-00.28.43:921][ 77]LogUObjectHash: Compacting FUObjectHashTables data took   6.30ms
[2020.07.04-00.29.02:686][172]Cmd: OBJ SAVEPACKAGE PACKAGE="/DmapModule/UMG/3d_map_list_view" FILE="../../../../../../Documents/Unreal Projects/firstproject_2/Plugins/DmapModule/Content/UMG/3d_map_list_view.uasset" SILENT=true
[2020.07.04-00.29.02:714][172]LogSavePackage: Moving '../../../../../../Documents/Unreal Projects/firstproject_2/Saved/3d_map_list_viewDA9A78B8467AC11E86C3C2BDC9CD02B8.tmp' to '../../../../../../Documents/Unreal Projects/firstproject_2/Plugins/DmapModule/Content/UMG/3d_map_list_view.uasset'
[2020.07.04-00.29.02:733][172]AssetCheck: New page: Asset Save: 3d_map_list_view
[2020.07.04-00.29.02:733][172]LogContentValidation: Display: Validating WidgetBlueprint /DmapModule/UMG/3d_map_list_view.3d_map_list_view
[2020.07.04-00.29.03:317][207]BlueprintLog: New page: Compile 3d_map_list_view
[2020.07.04-00.29.03:324][207]LogBlueprint: Error: [Compiler 3d_map_list_view] The current value of the ' P Octree Node Archetypes ' pin is invalid: Array inputs (like 'P Octree Node Archetypes') must have an input wired into them (try connecting a MakeArray node).
[2020.07.04-00.29.03:693][207]LogUObjectHash: Compacting FUObjectHashTables data took   6.25ms
